mode: set
route256/cart/cmd/main.go:16.13,18.16 2 0
route256/cart/cmd/main.go:18.16,20.3 1 0
route256/cart/cmd/main.go:22.2,23.16 2 0
route256/cart/cmd/main.go:23.16,25.3 1 0
route256/cart/cmd/main.go:27.2,45.48 10 0
route256/cart/cmd/main.go:45.48,47.3 1 0
route256/cart/cmd/config/config.go:22.34,25.40 2 0
route256/cart/cmd/config/config.go:25.40,27.3 1 0
route256/cart/cmd/config/config.go:29.2,29.17 1 0
route256/cart/internal/handler/handler.go:26.47,31.2 1 0
route256/cart/internal/handler/handler.go:33.54,38.2 4 0
route256/cart/internal/handler/handler.go:40.87,42.16 2 0
route256/cart/internal/handler/handler.go:42.16,45.3 2 0
route256/cart/internal/handler/handler.go:47.2,47.21 1 0
route256/cart/internal/handler/handler.go:50.98,52.16 2 0
route256/cart/internal/handler/handler.go:52.16,55.3 2 0
route256/cart/internal/handler/handler.go:57.2,58.16 2 0
route256/cart/internal/handler/handler.go:58.16,61.3 2 0
route256/cart/internal/handler/handler.go:63.2,63.28 1 0
route256/cart/internal/handler/handler.go:66.77,68.9 2 0
route256/cart/internal/handler/handler.go:68.9,70.3 1 0
route256/cart/internal/handler/handler.go:72.2,76.61 2 0
route256/cart/internal/handler/handler.go:76.61,79.3 2 0
route256/cart/internal/handler/handler.go:81.2,81.47 1 0
route256/cart/internal/handler/handler.go:81.47,84.3 2 0
route256/cart/internal/handler/handler.go:86.2,86.70 1 0
route256/cart/internal/handler/handler.go:86.70,89.3 2 0
route256/cart/internal/handler/handler.go:91.2,91.30 1 0
route256/cart/internal/handler/handler.go:94.82,96.9 2 0
route256/cart/internal/handler/handler.go:96.9,98.3 1 0
route256/cart/internal/handler/handler.go:100.2,105.73 2 0
route256/cart/internal/handler/handler.go:105.73,108.3 2 0
route256/cart/internal/handler/handler.go:110.2,110.93 1 0
route256/cart/internal/handler/handler.go:110.93,113.3 2 0
route256/cart/internal/handler/handler.go:115.2,115.37 1 0
route256/cart/internal/handler/handler.go:118.73,120.9 2 0
route256/cart/internal/handler/handler.go:120.9,122.3 1 0
route256/cart/internal/handler/handler.go:124.2,128.64 2 0
route256/cart/internal/handler/handler.go:128.64,131.3 2 0
route256/cart/internal/handler/handler.go:133.2,133.73 1 0
route256/cart/internal/handler/handler.go:133.73,136.3 2 0
route256/cart/internal/handler/handler.go:138.2,138.37 1 0
route256/cart/internal/handler/handler.go:141.72,143.9 2 0
route256/cart/internal/handler/handler.go:143.9,145.3 1 0
route256/cart/internal/handler/handler.go:147.2,151.64 2 0
route256/cart/internal/handler/handler.go:151.64,154.3 2 0
route256/cart/internal/handler/handler.go:156.2,157.16 2 0
route256/cart/internal/handler/handler.go:157.16,160.3 2 0
route256/cart/internal/handler/handler.go:162.2,162.21 1 0
route256/cart/internal/handler/handler.go:162.21,165.3 2 0
route256/cart/internal/handler/handler.go:167.2,175.60 2 0
route256/cart/internal/handler/handler.go:175.60,178.3 2 0
route256/cart/internal/handler/handler.go:180.2,180.30 1 0
route256/cart/internal/handler/middleware.go:14.52,15.22 1 0
route256/cart/internal/handler/middleware.go:15.22,19.3 3 0
route256/cart/internal/handler/middleware.go:22.57,23.22 1 0
route256/cart/internal/handler/middleware.go:23.22,25.3 1 0
route256/cart/internal/handler/middleware.go:26.2,26.36 1 0
route256/cart/internal/handler/middleware.go:29.56,30.71 1 0
route256/cart/internal/handler/middleware.go:30.71,33.16 2 0
route256/cart/internal/handler/middleware.go:33.16,34.25 1 0
route256/cart/internal/handler/middleware.go:34.25,36.5 1 0
route256/cart/internal/handler/middleware.go:39.3,39.25 1 0
route256/cart/pkg/product/product.go:18.70,26.2 1 0
route256/cart/pkg/product/product.go:43.82,50.16 3 0
route256/cart/pkg/product/product.go:50.16,52.3 1 0
route256/cart/pkg/product/product.go:54.2,55.16 2 0
route256/cart/pkg/product/product.go:55.16,57.3 1 0
route256/cart/pkg/product/product.go:58.2,59.16 2 0
route256/cart/pkg/product/product.go:59.16,61.3 1 0
route256/cart/pkg/product/product.go:62.2,64.38 2 0
route256/cart/pkg/product/product.go:64.38,66.3 1 0
route256/cart/pkg/product/product.go:68.2,69.69 2 0
route256/cart/pkg/product/product.go:69.69,71.3 1 0
route256/cart/pkg/product/product.go:73.2,73.41 1 0
route256/cart/pkg/product/product.go:73.41,75.3 1 0
route256/cart/pkg/product/product.go:77.2,77.31 1 0
route256/cart/internal/service/mocks/cart_repository_mock.go:49.67,52.55 2 0
route256/cart/internal/service/mocks/cart_repository_mock.go:52.55,54.3 1 0
route256/cart/internal/service/mocks/cart_repository_mock.go:56.2,70.10 10 0
route256/cart/internal/service/mocks/cart_repository_mock.go:116.115,119.2 2 0
route256/cart/internal/service/mocks/cart_repository_mock.go:122.157,123.59 1 0
route256/cart/internal/service/mocks/cart_repository_mock.go:123.59,125.3 1 0
route256/cart/internal/service/mocks/cart_repository_mock.go:127.2,127.51 1 0
route256/cart/internal/service/mocks/cart_repository_mock.go:127.51,129.3 1 0
route256/cart/internal/service/mocks/cart_repository_mock.go:131.2,131.61 1 0
route256/cart/internal/service/mocks/cart_repository_mock.go:131.61,133.3 1 0
route256/cart/internal/service/mocks/cart_repository_mock.go:135.2,136.53 2 0
route256/cart/internal/service/mocks/cart_repository_mock.go:136.53,137.78 1 0
route256/cart/internal/service/mocks/cart_repository_mock.go:137.78,139.4 1 0
route256/cart/internal/service/mocks/cart_repository_mock.go:142.2,142.28 1 0
route256/cart/internal/service/mocks/cart_repository_mock.go:146.141,147.59 1 0
route256/cart/internal/service/mocks/cart_repository_mock.go:147.59,149.3 1 0
route256/cart/internal/service/mocks/cart_repository_mock.go:151.2,151.51 1 0
route256/cart/internal/service/mocks/cart_repository_mock.go:151.51,153.3 1 0
route256/cart/internal/service/mocks/cart_repository_mock.go:155.2,155.58 1 0
route256/cart/internal/service/mocks/cart_repository_mock.go:155.58,157.3 1 0
route256/cart/internal/service/mocks/cart_repository_mock.go:159.2,159.61 1 0
route256/cart/internal/service/mocks/cart_repository_mock.go:159.61,161.3 1 0
route256/cart/internal/service/mocks/cart_repository_mock.go:162.2,164.28 2 0
route256/cart/internal/service/mocks/cart_repository_mock.go:168.146,169.59 1 0
route256/cart/internal/service/mocks/cart_repository_mock.go:169.59,171.3 1 0
route256/cart/internal/service/mocks/cart_repository_mock.go:173.2,173.51 1 0
route256/cart/internal/service/mocks/cart_repository_mock.go:173.51,175.3 1 0
route256/cart/internal/service/mocks/cart_repository_mock.go:177.2,177.58 1 0
route256/cart/internal/service/mocks/cart_repository_mock.go:177.58,179.3 1 0
route256/cart/internal/service/mocks/cart_repository_mock.go:181.2,181.61 1 0
route256/cart/internal/service/mocks/cart_repository_mock.go:181.61,183.3 1 0
route256/cart/internal/service/mocks/cart_repository_mock.go:184.2,186.28 2 0
route256/cart/internal/service/mocks/cart_repository_mock.go:190.166,191.66 1 0
route256/cart/internal/service/mocks/cart_repository_mock.go:191.66,193.3 1 0
route256/cart/internal/service/mocks/cart_repository_mock.go:195.2,197.28 2 0
route256/cart/internal/service/mocks/cart_repository_mock.go:201.104,202.59 1 0
route256/cart/internal/service/mocks/cart_repository_mock.go:202.59,204.3 1 0
route256/cart/internal/service/mocks/cart_repository_mock.go:206.2,206.51 1 0
route256/cart/internal/service/mocks/cart_repository_mock.go:206.51,208.3 1 0
route256/cart/internal/service/mocks/cart_repository_mock.go:209.2,210.33 2 0
route256/cart/internal/service/mocks/cart_repository_mock.go:214.156,215.51 1 0
route256/cart/internal/service/mocks/cart_repository_mock.go:215.51,217.3 1 0
route256/cart/internal/service/mocks/cart_repository_mock.go:219.2,219.47 1 0
route256/cart/internal/service/mocks/cart_repository_mock.go:219.47,221.3 1 0
route256/cart/internal/service/mocks/cart_repository_mock.go:223.2,224.33 2 0
route256/cart/internal/service/mocks/cart_repository_mock.go:229.165,230.59 1 0
route256/cart/internal/service/mocks/cart_repository_mock.go:230.59,232.3 1 0
route256/cart/internal/service/mocks/cart_repository_mock.go:234.2,239.20 3 0
route256/cart/internal/service/mocks/cart_repository_mock.go:243.94,246.2 2 0
route256/cart/internal/service/mocks/cart_repository_mock.go:249.120,250.12 1 0
route256/cart/internal/service/mocks/cart_repository_mock.go:250.12,252.3 1 0
route256/cart/internal/service/mocks/cart_repository_mock.go:253.2,254.28 2 0
route256/cart/internal/service/mocks/cart_repository_mock.go:257.89,258.154 1 0
route256/cart/internal/service/mocks/cart_repository_mock.go:258.154,260.3 1 0
route256/cart/internal/service/mocks/cart_repository_mock.go:262.2,265.102 3 0
route256/cart/internal/service/mocks/cart_repository_mock.go:269.124,273.61 3 0
route256/cart/internal/service/mocks/cart_repository_mock.go:273.61,275.3 1 0
route256/cart/internal/service/mocks/cart_repository_mock.go:277.2,284.75 5 0
route256/cart/internal/service/mocks/cart_repository_mock.go:284.75,285.43 1 0
route256/cart/internal/service/mocks/cart_repository_mock.go:285.43,288.4 2 0
route256/cart/internal/service/mocks/cart_repository_mock.go:291.2,291.73 1 0
route256/cart/internal/service/mocks/cart_repository_mock.go:291.73,298.26 5 0
route256/cart/internal/service/mocks/cart_repository_mock.go:298.26,300.81 1 0
route256/cart/internal/service/mocks/cart_repository_mock.go:300.81,302.5 1 0
route256/cart/internal/service/mocks/cart_repository_mock.go:304.4,304.84 1 0
route256/cart/internal/service/mocks/cart_repository_mock.go:304.84,306.5 1 0
route256/cart/internal/service/mocks/cart_repository_mock.go:308.9,308.65 1 0
route256/cart/internal/service/mocks/cart_repository_mock.go:308.65,310.4 1 0
route256/cart/internal/service/mocks/cart_repository_mock.go:312.3,313.24 2 0
route256/cart/internal/service/mocks/cart_repository_mock.go:313.24,315.4 1 0
route256/cart/internal/service/mocks/cart_repository_mock.go:316.3,316.27 1 0
route256/cart/internal/service/mocks/cart_repository_mock.go:318.2,318.54 1 0
route256/cart/internal/service/mocks/cart_repository_mock.go:318.54,320.3 1 0
route256/cart/internal/service/mocks/cart_repository_mock.go:321.2,322.8 2 0
route256/cart/internal/service/mocks/cart_repository_mock.go:326.87,328.2 1 0
route256/cart/internal/service/mocks/cart_repository_mock.go:331.88,333.2 1 0
route256/cart/internal/service/mocks/cart_repository_mock.go:337.119,346.2 5 0
route256/cart/internal/service/mocks/cart_repository_mock.go:350.67,351.38 1 0
route256/cart/internal/service/mocks/cart_repository_mock.go:351.38,354.3 1 0
route256/cart/internal/service/mocks/cart_repository_mock.go:356.2,356.57 1 0
route256/cart/internal/service/mocks/cart_repository_mock.go:356.57,357.43 1 0
route256/cart/internal/service/mocks/cart_repository_mock.go:357.43,359.4 1 0
route256/cart/internal/service/mocks/cart_repository_mock.go:362.2,362.50 1 0
route256/cart/internal/service/mocks/cart_repository_mock.go:366.65,367.57 1 0
route256/cart/internal/service/mocks/cart_repository_mock.go:367.57,368.43 1 0
route256/cart/internal/service/mocks/cart_repository_mock.go:368.43,370.4 1 0
route256/cart/internal/service/mocks/cart_repository_mock.go:373.2,375.92 2 0
route256/cart/internal/service/mocks/cart_repository_mock.go:375.92,376.63 1 0
route256/cart/internal/service/mocks/cart_repository_mock.go:376.63,378.4 1 0
route256/cart/internal/service/mocks/cart_repository_mock.go:378.9,380.4 1 0
route256/cart/internal/service/mocks/cart_repository_mock.go:383.2,383.73 1 0
route256/cart/internal/service/mocks/cart_repository_mock.go:383.73,385.3 1 0
route256/cart/internal/service/mocks/cart_repository_mock.go:387.2,387.85 1 0
route256/cart/internal/service/mocks/cart_repository_mock.go:387.85,390.3 1 0
route256/cart/internal/service/mocks/cart_repository_mock.go:436.103,439.2 2 0
route256/cart/internal/service/mocks/cart_repository_mock.go:442.134,443.51 1 0
route256/cart/internal/service/mocks/cart_repository_mock.go:443.51,445.3 1 0
route256/cart/internal/service/mocks/cart_repository_mock.go:447.2,447.47 1 0
route256/cart/internal/service/mocks/cart_repository_mock.go:447.47,449.3 1 0
route256/cart/internal/service/mocks/cart_repository_mock.go:451.2,451.57 1 0
route256/cart/internal/service/mocks/cart_repository_mock.go:451.57,453.3 1 0
route256/cart/internal/service/mocks/cart_repository_mock.go:455.2,456.49 2 0
route256/cart/internal/service/mocks/cart_repository_mock.go:456.49,457.74 1 0
route256/cart/internal/service/mocks/cart_repository_mock.go:457.74,459.4 1 0
route256/cart/internal/service/mocks/cart_repository_mock.go:462.2,462.24 1 0
route256/cart/internal/service/mocks/cart_repository_mock.go:466.129,467.51 1 0
route256/cart/internal/service/mocks/cart_repository_mock.go:467.51,469.3 1 0
route256/cart/internal/service/mocks/cart_repository_mock.go:471.2,471.47 1 0
route256/cart/internal/service/mocks/cart_repository_mock.go:471.47,473.3 1 0
route256/cart/internal/service/mocks/cart_repository_mock.go:475.2,475.54 1 0
route256/cart/internal/service/mocks/cart_repository_mock.go:475.54,477.3 1 0
route256/cart/internal/service/mocks/cart_repository_mock.go:479.2,479.57 1 0
route256/cart/internal/service/mocks/cart_repository_mock.go:479.57,481.3 1 0
route256/cart/internal/service/mocks/cart_repository_mock.go:482.2,484.24 2 0
route256/cart/internal/service/mocks/cart_repository_mock.go:488.125,489.51 1 0
route256/cart/internal/service/mocks/cart_repository_mock.go:489.51,491.3 1 0
route256/cart/internal/service/mocks/cart_repository_mock.go:493.2,493.47 1 0
route256/cart/internal/service/mocks/cart_repository_mock.go:493.47,495.3 1 0
route256/cart/internal/service/mocks/cart_repository_mock.go:497.2,497.54 1 0
route256/cart/internal/service/mocks/cart_repository_mock.go:497.54,499.3 1 0
route256/cart/internal/service/mocks/cart_repository_mock.go:501.2,501.57 1 0
route256/cart/internal/service/mocks/cart_repository_mock.go:501.57,503.3 1 0
route256/cart/internal/service/mocks/cart_repository_mock.go:504.2,506.24 2 0
route256/cart/internal/service/mocks/cart_repository_mock.go:510.143,511.58 1 0
route256/cart/internal/service/mocks/cart_repository_mock.go:511.58,513.3 1 0
route256/cart/internal/service/mocks/cart_repository_mock.go:515.2,517.24 2 0
route256/cart/internal/service/mocks/cart_repository_mock.go:521.96,522.51 1 0
route256/cart/internal/service/mocks/cart_repository_mock.go:522.51,524.3 1 0
route256/cart/internal/service/mocks/cart_repository_mock.go:526.2,526.47 1 0
route256/cart/internal/service/mocks/cart_repository_mock.go:526.47,528.3 1 0
route256/cart/internal/service/mocks/cart_repository_mock.go:529.2,530.29 2 0
route256/cart/internal/service/mocks/cart_repository_mock.go:534.137,535.47 1 0
route256/cart/internal/service/mocks/cart_repository_mock.go:535.47,537.3 1 0
route256/cart/internal/service/mocks/cart_repository_mock.go:539.2,539.43 1 0
route256/cart/internal/service/mocks/cart_repository_mock.go:539.43,541.3 1 0
route256/cart/internal/service/mocks/cart_repository_mock.go:543.2,544.29 2 0
route256/cart/internal/service/mocks/cart_repository_mock.go:549.142,550.51 1 0
route256/cart/internal/service/mocks/cart_repository_mock.go:550.51,552.3 1 0
route256/cart/internal/service/mocks/cart_repository_mock.go:554.2,559.20 3 0
route256/cart/internal/service/mocks/cart_repository_mock.go:563.90,566.2 2 0
route256/cart/internal/service/mocks/cart_repository_mock.go:569.108,570.12 1 0
route256/cart/internal/service/mocks/cart_repository_mock.go:570.12,572.3 1 0
route256/cart/internal/service/mocks/cart_repository_mock.go:573.2,574.24 2 0
route256/cart/internal/service/mocks/cart_repository_mock.go:577.81,578.138 1 0
route256/cart/internal/service/mocks/cart_repository_mock.go:578.138,580.3 1 0
route256/cart/internal/service/mocks/cart_repository_mock.go:582.2,585.102 3 0
route256/cart/internal/service/mocks/cart_repository_mock.go:589.105,593.53 3 0
route256/cart/internal/service/mocks/cart_repository_mock.go:593.53,595.3 1 0
route256/cart/internal/service/mocks/cart_repository_mock.go:597.2,604.67 5 0
route256/cart/internal/service/mocks/cart_repository_mock.go:604.67,605.43 1 0
route256/cart/internal/service/mocks/cart_repository_mock.go:605.43,608.4 2 0
route256/cart/internal/service/mocks/cart_repository_mock.go:611.2,611.65 1 0
route256/cart/internal/service/mocks/cart_repository_mock.go:611.65,618.26 5 0
route256/cart/internal/service/mocks/cart_repository_mock.go:618.26,620.81 1 0
route256/cart/internal/service/mocks/cart_repository_mock.go:620.81,622.5 1 0
route256/cart/internal/service/mocks/cart_repository_mock.go:624.4,624.90 1 0
route256/cart/internal/service/mocks/cart_repository_mock.go:624.90,626.5 1 0
route256/cart/internal/service/mocks/cart_repository_mock.go:628.9,628.65 1 0
route256/cart/internal/service/mocks/cart_repository_mock.go:628.65,630.4 1 0
route256/cart/internal/service/mocks/cart_repository_mock.go:632.3,633.24 2 0
route256/cart/internal/service/mocks/cart_repository_mock.go:633.24,635.4 1 0
route256/cart/internal/service/mocks/cart_repository_mock.go:636.3,636.27 1 0
route256/cart/internal/service/mocks/cart_repository_mock.go:638.2,638.46 1 0
route256/cart/internal/service/mocks/cart_repository_mock.go:638.46,640.3 1 0
route256/cart/internal/service/mocks/cart_repository_mock.go:641.2,642.8 2 0
route256/cart/internal/service/mocks/cart_repository_mock.go:646.79,648.2 1 0
route256/cart/internal/service/mocks/cart_repository_mock.go:651.80,653.2 1 0
route256/cart/internal/service/mocks/cart_repository_mock.go:657.107,666.2 5 0
route256/cart/internal/service/mocks/cart_repository_mock.go:670.63,671.34 1 0
route256/cart/internal/service/mocks/cart_repository_mock.go:671.34,674.3 1 0
route256/cart/internal/service/mocks/cart_repository_mock.go:676.2,676.53 1 0
route256/cart/internal/service/mocks/cart_repository_mock.go:676.53,677.43 1 0
route256/cart/internal/service/mocks/cart_repository_mock.go:677.43,679.4 1 0
route256/cart/internal/service/mocks/cart_repository_mock.go:682.2,682.46 1 0
route256/cart/internal/service/mocks/cart_repository_mock.go:686.61,687.53 1 0
route256/cart/internal/service/mocks/cart_repository_mock.go:687.53,688.43 1 0
route256/cart/internal/service/mocks/cart_repository_mock.go:688.43,690.4 1 0
route256/cart/internal/service/mocks/cart_repository_mock.go:693.2,695.84 2 0
route256/cart/internal/service/mocks/cart_repository_mock.go:695.84,696.59 1 0
route256/cart/internal/service/mocks/cart_repository_mock.go:696.59,698.4 1 0
route256/cart/internal/service/mocks/cart_repository_mock.go:698.9,700.4 1 0
route256/cart/internal/service/mocks/cart_repository_mock.go:703.2,703.65 1 0
route256/cart/internal/service/mocks/cart_repository_mock.go:703.65,705.3 1 0
route256/cart/internal/service/mocks/cart_repository_mock.go:707.2,707.77 1 0
route256/cart/internal/service/mocks/cart_repository_mock.go:707.77,710.3 1 0
route256/cart/internal/service/mocks/cart_repository_mock.go:758.130,761.2 2 0
route256/cart/internal/service/mocks/cart_repository_mock.go:764.174,765.69 1 0
route256/cart/internal/service/mocks/cart_repository_mock.go:765.69,767.3 1 0
route256/cart/internal/service/mocks/cart_repository_mock.go:769.2,769.56 1 0
route256/cart/internal/service/mocks/cart_repository_mock.go:769.56,771.3 1 0
route256/cart/internal/service/mocks/cart_repository_mock.go:773.2,773.66 1 0
route256/cart/internal/service/mocks/cart_repository_mock.go:773.66,775.3 1 0
route256/cart/internal/service/mocks/cart_repository_mock.go:777.2,778.58 2 0
route256/cart/internal/service/mocks/cart_repository_mock.go:778.58,779.83 1 0
route256/cart/internal/service/mocks/cart_repository_mock.go:779.83,781.4 1 0
route256/cart/internal/service/mocks/cart_repository_mock.go:784.2,784.33 1 0
route256/cart/internal/service/mocks/cart_repository_mock.go:788.156,789.69 1 0
route256/cart/internal/service/mocks/cart_repository_mock.go:789.69,791.3 1 0
route256/cart/internal/service/mocks/cart_repository_mock.go:793.2,793.56 1 0
route256/cart/internal/service/mocks/cart_repository_mock.go:793.56,795.3 1 0
route256/cart/internal/service/mocks/cart_repository_mock.go:797.2,797.63 1 0
route256/cart/internal/service/mocks/cart_repository_mock.go:797.63,799.3 1 0
route256/cart/internal/service/mocks/cart_repository_mock.go:801.2,801.66 1 0
route256/cart/internal/service/mocks/cart_repository_mock.go:801.66,803.3 1 0
route256/cart/internal/service/mocks/cart_repository_mock.go:804.2,806.33 2 0
route256/cart/internal/service/mocks/cart_repository_mock.go:810.152,811.69 1 0
route256/cart/internal/service/mocks/cart_repository_mock.go:811.69,813.3 1 0
route256/cart/internal/service/mocks/cart_repository_mock.go:815.2,815.56 1 0
route256/cart/internal/service/mocks/cart_repository_mock.go:815.56,817.3 1 0
route256/cart/internal/service/mocks/cart_repository_mock.go:819.2,819.63 1 0
route256/cart/internal/service/mocks/cart_repository_mock.go:819.63,821.3 1 0
route256/cart/internal/service/mocks/cart_repository_mock.go:823.2,823.66 1 0
route256/cart/internal/service/mocks/cart_repository_mock.go:823.66,825.3 1 0
route256/cart/internal/service/mocks/cart_repository_mock.go:826.2,828.33 2 0
route256/cart/internal/service/mocks/cart_repository_mock.go:832.150,833.69 1 0
route256/cart/internal/service/mocks/cart_repository_mock.go:833.69,835.3 1 0
route256/cart/internal/service/mocks/cart_repository_mock.go:837.2,837.56 1 0
route256/cart/internal/service/mocks/cart_repository_mock.go:837.56,839.3 1 0
route256/cart/internal/service/mocks/cart_repository_mock.go:841.2,841.63 1 0
route256/cart/internal/service/mocks/cart_repository_mock.go:841.63,843.3 1 0
route256/cart/internal/service/mocks/cart_repository_mock.go:845.2,845.66 1 0
route256/cart/internal/service/mocks/cart_repository_mock.go:845.66,847.3 1 0
route256/cart/internal/service/mocks/cart_repository_mock.go:848.2,850.33 2 0
route256/cart/internal/service/mocks/cart_repository_mock.go:854.183,855.76 1 0
route256/cart/internal/service/mocks/cart_repository_mock.go:855.76,857.3 1 0
route256/cart/internal/service/mocks/cart_repository_mock.go:859.2,861.33 2 0
route256/cart/internal/service/mocks/cart_repository_mock.go:865.114,866.69 1 0
route256/cart/internal/service/mocks/cart_repository_mock.go:866.69,868.3 1 0
route256/cart/internal/service/mocks/cart_repository_mock.go:870.2,870.56 1 0
route256/cart/internal/service/mocks/cart_repository_mock.go:870.56,872.3 1 0
route256/cart/internal/service/mocks/cart_repository_mock.go:873.2,874.38 2 0
route256/cart/internal/service/mocks/cart_repository_mock.go:878.168,879.56 1 0
route256/cart/internal/service/mocks/cart_repository_mock.go:879.56,881.3 1 0
route256/cart/internal/service/mocks/cart_repository_mock.go:883.2,883.52 1 0
route256/cart/internal/service/mocks/cart_repository_mock.go:883.52,885.3 1 0
route256/cart/internal/service/mocks/cart_repository_mock.go:887.2,888.38 2 0
route256/cart/internal/service/mocks/cart_repository_mock.go:893.182,894.69 1 0
route256/cart/internal/service/mocks/cart_repository_mock.go:894.69,896.3 1 0
route256/cart/internal/service/mocks/cart_repository_mock.go:898.2,903.20 3 0
route256/cart/internal/service/mocks/cart_repository_mock.go:907.99,910.2 2 0
route256/cart/internal/service/mocks/cart_repository_mock.go:913.135,914.12 1 0
route256/cart/internal/service/mocks/cart_repository_mock.go:914.12,916.3 1 0
route256/cart/internal/service/mocks/cart_repository_mock.go:917.2,918.33 2 0
route256/cart/internal/service/mocks/cart_repository_mock.go:921.99,922.174 1 0
route256/cart/internal/service/mocks/cart_repository_mock.go:922.174,924.3 1 0
route256/cart/internal/service/mocks/cart_repository_mock.go:926.2,929.102 3 0
route256/cart/internal/service/mocks/cart_repository_mock.go:933.136,937.71 3 0
route256/cart/internal/service/mocks/cart_repository_mock.go:937.71,939.3 1 0
route256/cart/internal/service/mocks/cart_repository_mock.go:941.2,948.85 5 0
route256/cart/internal/service/mocks/cart_repository_mock.go:948.85,949.43 1 0
route256/cart/internal/service/mocks/cart_repository_mock.go:949.43,952.4 2 0
route256/cart/internal/service/mocks/cart_repository_mock.go:955.2,955.83 1 0
route256/cart/internal/service/mocks/cart_repository_mock.go:955.83,962.26 5 0
route256/cart/internal/service/mocks/cart_repository_mock.go:962.26,964.81 1 0
route256/cart/internal/service/mocks/cart_repository_mock.go:964.81,966.5 1 0
route256/cart/internal/service/mocks/cart_repository_mock.go:968.4,968.90 1 0
route256/cart/internal/service/mocks/cart_repository_mock.go:968.90,970.5 1 0
route256/cart/internal/service/mocks/cart_repository_mock.go:972.4,972.87 1 0
route256/cart/internal/service/mocks/cart_repository_mock.go:972.87,974.5 1 0
route256/cart/internal/service/mocks/cart_repository_mock.go:976.9,976.65 1 0
route256/cart/internal/service/mocks/cart_repository_mock.go:976.65,978.4 1 0
route256/cart/internal/service/mocks/cart_repository_mock.go:980.3,981.24 2 0
route256/cart/internal/service/mocks/cart_repository_mock.go:981.24,983.4 1 0
route256/cart/internal/service/mocks/cart_repository_mock.go:984.3,984.27 1 0
route256/cart/internal/service/mocks/cart_repository_mock.go:986.2,986.64 1 0
route256/cart/internal/service/mocks/cart_repository_mock.go:986.64,988.3 1 0
route256/cart/internal/service/mocks/cart_repository_mock.go:989.2,990.8 2 0
route256/cart/internal/service/mocks/cart_repository_mock.go:994.97,996.2 1 0
route256/cart/internal/service/mocks/cart_repository_mock.go:999.98,1001.2 1 0
route256/cart/internal/service/mocks/cart_repository_mock.go:1005.134,1014.2 5 0
route256/cart/internal/service/mocks/cart_repository_mock.go:1018.72,1019.43 1 0
route256/cart/internal/service/mocks/cart_repository_mock.go:1019.43,1022.3 1 0
route256/cart/internal/service/mocks/cart_repository_mock.go:1024.2,1024.62 1 0
route256/cart/internal/service/mocks/cart_repository_mock.go:1024.62,1025.43 1 0
route256/cart/internal/service/mocks/cart_repository_mock.go:1025.43,1027.4 1 0
route256/cart/internal/service/mocks/cart_repository_mock.go:1030.2,1030.55 1 0
route256/cart/internal/service/mocks/cart_repository_mock.go:1034.70,1035.62 1 0
route256/cart/internal/service/mocks/cart_repository_mock.go:1035.62,1036.43 1 0
route256/cart/internal/service/mocks/cart_repository_mock.go:1036.43,1038.4 1 0
route256/cart/internal/service/mocks/cart_repository_mock.go:1041.2,1043.102 2 0
route256/cart/internal/service/mocks/cart_repository_mock.go:1043.102,1044.68 1 0
route256/cart/internal/service/mocks/cart_repository_mock.go:1044.68,1046.4 1 0
route256/cart/internal/service/mocks/cart_repository_mock.go:1046.9,1048.4 1 0
route256/cart/internal/service/mocks/cart_repository_mock.go:1051.2,1051.83 1 0
route256/cart/internal/service/mocks/cart_repository_mock.go:1051.83,1053.3 1 0
route256/cart/internal/service/mocks/cart_repository_mock.go:1055.2,1055.95 1 0
route256/cart/internal/service/mocks/cart_repository_mock.go:1055.95,1058.3 1 0
route256/cart/internal/service/mocks/cart_repository_mock.go:1105.100,1108.2 2 0
route256/cart/internal/service/mocks/cart_repository_mock.go:1111.131,1112.49 1 0
route256/cart/internal/service/mocks/cart_repository_mock.go:1112.49,1114.3 1 0
route256/cart/internal/service/mocks/cart_repository_mock.go:1116.2,1116.46 1 0
route256/cart/internal/service/mocks/cart_repository_mock.go:1116.46,1118.3 1 0
route256/cart/internal/service/mocks/cart_repository_mock.go:1120.2,1120.56 1 0
route256/cart/internal/service/mocks/cart_repository_mock.go:1120.56,1122.3 1 0
route256/cart/internal/service/mocks/cart_repository_mock.go:1124.2,1125.48 2 0
route256/cart/internal/service/mocks/cart_repository_mock.go:1125.48,1126.73 1 0
route256/cart/internal/service/mocks/cart_repository_mock.go:1126.73,1128.4 1 0
route256/cart/internal/service/mocks/cart_repository_mock.go:1131.2,1131.23 1 0
route256/cart/internal/service/mocks/cart_repository_mock.go:1135.126,1136.49 1 0
route256/cart/internal/service/mocks/cart_repository_mock.go:1136.49,1138.3 1 0
route256/cart/internal/service/mocks/cart_repository_mock.go:1140.2,1140.46 1 0
route256/cart/internal/service/mocks/cart_repository_mock.go:1140.46,1142.3 1 0
route256/cart/internal/service/mocks/cart_repository_mock.go:1144.2,1144.53 1 0
route256/cart/internal/service/mocks/cart_repository_mock.go:1144.53,1146.3 1 0
route256/cart/internal/service/mocks/cart_repository_mock.go:1148.2,1148.56 1 0
route256/cart/internal/service/mocks/cart_repository_mock.go:1148.56,1150.3 1 0
route256/cart/internal/service/mocks/cart_repository_mock.go:1151.2,1153.23 2 0
route256/cart/internal/service/mocks/cart_repository_mock.go:1157.122,1158.49 1 0
route256/cart/internal/service/mocks/cart_repository_mock.go:1158.49,1160.3 1 0
route256/cart/internal/service/mocks/cart_repository_mock.go:1162.2,1162.46 1 0
route256/cart/internal/service/mocks/cart_repository_mock.go:1162.46,1164.3 1 0
route256/cart/internal/service/mocks/cart_repository_mock.go:1166.2,1166.53 1 0
route256/cart/internal/service/mocks/cart_repository_mock.go:1166.53,1168.3 1 0
route256/cart/internal/service/mocks/cart_repository_mock.go:1170.2,1170.56 1 0
route256/cart/internal/service/mocks/cart_repository_mock.go:1170.56,1172.3 1 0
route256/cart/internal/service/mocks/cart_repository_mock.go:1173.2,1175.23 2 0
route256/cart/internal/service/mocks/cart_repository_mock.go:1179.140,1180.56 1 0
route256/cart/internal/service/mocks/cart_repository_mock.go:1180.56,1182.3 1 0
route256/cart/internal/service/mocks/cart_repository_mock.go:1184.2,1186.23 2 0
route256/cart/internal/service/mocks/cart_repository_mock.go:1190.117,1191.49 1 0
route256/cart/internal/service/mocks/cart_repository_mock.go:1191.49,1193.3 1 0
route256/cart/internal/service/mocks/cart_repository_mock.go:1195.2,1195.46 1 0
route256/cart/internal/service/mocks/cart_repository_mock.go:1195.46,1197.3 1 0
route256/cart/internal/service/mocks/cart_repository_mock.go:1198.2,1199.28 2 0
route256/cart/internal/service/mocks/cart_repository_mock.go:1203.158,1204.46 1 0
route256/cart/internal/service/mocks/cart_repository_mock.go:1204.46,1206.3 1 0
route256/cart/internal/service/mocks/cart_repository_mock.go:1208.2,1208.42 1 0
route256/cart/internal/service/mocks/cart_repository_mock.go:1208.42,1210.3 1 0
route256/cart/internal/service/mocks/cart_repository_mock.go:1212.2,1213.28 2 0
route256/cart/internal/service/mocks/cart_repository_mock.go:1218.139,1219.49 1 0
route256/cart/internal/service/mocks/cart_repository_mock.go:1219.49,1221.3 1 0
route256/cart/internal/service/mocks/cart_repository_mock.go:1223.2,1228.20 3 0
route256/cart/internal/service/mocks/cart_repository_mock.go:1232.112,1235.2 2 0
route256/cart/internal/service/mocks/cart_repository_mock.go:1238.105,1239.12 1 0
route256/cart/internal/service/mocks/cart_repository_mock.go:1239.12,1241.3 1 0
route256/cart/internal/service/mocks/cart_repository_mock.go:1242.2,1243.23 2 0
route256/cart/internal/service/mocks/cart_repository_mock.go:1246.79,1247.134 1 0
route256/cart/internal/service/mocks/cart_repository_mock.go:1247.134,1249.3 1 0
route256/cart/internal/service/mocks/cart_repository_mock.go:1251.2,1254.102 3 0
route256/cart/internal/service/mocks/cart_repository_mock.go:1258.126,1262.51 3 0
route256/cart/internal/service/mocks/cart_repository_mock.go:1262.51,1264.3 1 0
route256/cart/internal/service/mocks/cart_repository_mock.go:1266.2,1273.65 5 0
route256/cart/internal/service/mocks/cart_repository_mock.go:1273.65,1274.43 1 0
route256/cart/internal/service/mocks/cart_repository_mock.go:1274.43,1277.4 2 0
route256/cart/internal/service/mocks/cart_repository_mock.go:1280.2,1280.63 1 0
route256/cart/internal/service/mocks/cart_repository_mock.go:1280.63,1287.26 5 0
route256/cart/internal/service/mocks/cart_repository_mock.go:1287.26,1289.81 1 0
route256/cart/internal/service/mocks/cart_repository_mock.go:1289.81,1291.5 1 0
route256/cart/internal/service/mocks/cart_repository_mock.go:1293.4,1293.90 1 0
route256/cart/internal/service/mocks/cart_repository_mock.go:1293.90,1295.5 1 0
route256/cart/internal/service/mocks/cart_repository_mock.go:1297.9,1297.65 1 0
route256/cart/internal/service/mocks/cart_repository_mock.go:1297.65,1299.4 1 0
route256/cart/internal/service/mocks/cart_repository_mock.go:1301.3,1302.24 2 0
route256/cart/internal/service/mocks/cart_repository_mock.go:1302.24,1304.4 1 0
route256/cart/internal/service/mocks/cart_repository_mock.go:1305.3,1305.46 1 0
route256/cart/internal/service/mocks/cart_repository_mock.go:1307.2,1307.44 1 0
route256/cart/internal/service/mocks/cart_repository_mock.go:1307.44,1309.3 1 0
route256/cart/internal/service/mocks/cart_repository_mock.go:1310.2,1311.8 2 0
route256/cart/internal/service/mocks/cart_repository_mock.go:1315.77,1317.2 1 0
route256/cart/internal/service/mocks/cart_repository_mock.go:1320.78,1322.2 1 0
route256/cart/internal/service/mocks/cart_repository_mock.go:1326.104,1335.2 5 0
route256/cart/internal/service/mocks/cart_repository_mock.go:1339.62,1340.33 1 0
route256/cart/internal/service/mocks/cart_repository_mock.go:1340.33,1343.3 1 0
route256/cart/internal/service/mocks/cart_repository_mock.go:1345.2,1345.52 1 0
route256/cart/internal/service/mocks/cart_repository_mock.go:1345.52,1346.43 1 0
route256/cart/internal/service/mocks/cart_repository_mock.go:1346.43,1348.4 1 0
route256/cart/internal/service/mocks/cart_repository_mock.go:1351.2,1351.45 1 0
route256/cart/internal/service/mocks/cart_repository_mock.go:1355.60,1356.52 1 0
route256/cart/internal/service/mocks/cart_repository_mock.go:1356.52,1357.43 1 0
route256/cart/internal/service/mocks/cart_repository_mock.go:1357.43,1359.4 1 0
route256/cart/internal/service/mocks/cart_repository_mock.go:1362.2,1364.82 2 0
route256/cart/internal/service/mocks/cart_repository_mock.go:1364.82,1365.58 1 0
route256/cart/internal/service/mocks/cart_repository_mock.go:1365.58,1367.4 1 0
route256/cart/internal/service/mocks/cart_repository_mock.go:1367.9,1369.4 1 0
route256/cart/internal/service/mocks/cart_repository_mock.go:1372.2,1372.63 1 0
route256/cart/internal/service/mocks/cart_repository_mock.go:1372.63,1374.3 1 0
route256/cart/internal/service/mocks/cart_repository_mock.go:1376.2,1376.75 1 0
route256/cart/internal/service/mocks/cart_repository_mock.go:1376.75,1379.3 1 0
route256/cart/internal/service/mocks/cart_repository_mock.go:1383.47,1384.25 1 0
route256/cart/internal/service/mocks/cart_repository_mock.go:1384.25,1385.24 1 0
route256/cart/internal/service/mocks/cart_repository_mock.go:1385.24,1393.4 4 0
route256/cart/internal/service/mocks/cart_repository_mock.go:1398.69,1400.6 2 0
route256/cart/internal/service/mocks/cart_repository_mock.go:1400.6,1401.23 1 0
route256/cart/internal/service/mocks/cart_repository_mock.go:1401.23,1403.4 1 0
route256/cart/internal/service/mocks/cart_repository_mock.go:1404.3,1404.10 1 0
route256/cart/internal/service/mocks/cart_repository_mock.go:1405.20,1407.10 2 0
route256/cart/internal/service/mocks/cart_repository_mock.go:1408.50,1408.50 0 0
route256/cart/internal/service/mocks/cart_repository_mock.go:1413.50,1420.2 2 0
route256/cart/internal/service/mocks/product_client_mock.go:31.65,34.55 2 0
route256/cart/internal/service/mocks/product_client_mock.go:34.55,36.3 1 0
route256/cart/internal/service/mocks/product_client_mock.go:38.2,43.10 4 0
route256/cart/internal/service/mocks/product_client_mock.go:90.92,93.2 2 0
route256/cart/internal/service/mocks/product_client_mock.go:96.123,97.45 1 0
route256/cart/internal/service/mocks/product_client_mock.go:97.45,99.3 1 0
route256/cart/internal/service/mocks/product_client_mock.go:101.2,101.44 1 0
route256/cart/internal/service/mocks/product_client_mock.go:101.44,103.3 1 0
route256/cart/internal/service/mocks/product_client_mock.go:105.2,105.54 1 0
route256/cart/internal/service/mocks/product_client_mock.go:105.54,107.3 1 0
route256/cart/internal/service/mocks/product_client_mock.go:109.2,110.46 2 0
route256/cart/internal/service/mocks/product_client_mock.go:110.46,111.71 1 0
route256/cart/internal/service/mocks/product_client_mock.go:111.71,113.4 1 0
route256/cart/internal/service/mocks/product_client_mock.go:116.2,116.21 1 0
route256/cart/internal/service/mocks/product_client_mock.go:120.118,121.45 1 0
route256/cart/internal/service/mocks/product_client_mock.go:121.45,123.3 1 0
route256/cart/internal/service/mocks/product_client_mock.go:125.2,125.44 1 0
route256/cart/internal/service/mocks/product_client_mock.go:125.44,127.3 1 0
route256/cart/internal/service/mocks/product_client_mock.go:129.2,129.51 1 0
route256/cart/internal/service/mocks/product_client_mock.go:129.51,131.3 1 0
route256/cart/internal/service/mocks/product_client_mock.go:133.2,133.54 1 0
route256/cart/internal/service/mocks/product_client_mock.go:133.54,135.3 1 0
route256/cart/internal/service/mocks/product_client_mock.go:136.2,138.21 2 0
route256/cart/internal/service/mocks/product_client_mock.go:142.113,143.45 1 0
route256/cart/internal/service/mocks/product_client_mock.go:143.45,145.3 1 0
route256/cart/internal/service/mocks/product_client_mock.go:147.2,147.44 1 0
route256/cart/internal/service/mocks/product_client_mock.go:147.44,149.3 1 0
route256/cart/internal/service/mocks/product_client_mock.go:151.2,151.51 1 0
route256/cart/internal/service/mocks/product_client_mock.go:151.51,153.3 1 0
route256/cart/internal/service/mocks/product_client_mock.go:155.2,155.54 1 0
route256/cart/internal/service/mocks/product_client_mock.go:155.54,157.3 1 0
route256/cart/internal/service/mocks/product_client_mock.go:158.2,160.21 2 0
route256/cart/internal/service/mocks/product_client_mock.go:164.132,165.52 1 0
route256/cart/internal/service/mocks/product_client_mock.go:165.52,167.3 1 0
route256/cart/internal/service/mocks/product_client_mock.go:169.2,171.21 2 0
route256/cart/internal/service/mocks/product_client_mock.go:175.110,176.45 1 0
route256/cart/internal/service/mocks/product_client_mock.go:176.45,178.3 1 0
route256/cart/internal/service/mocks/product_client_mock.go:180.2,180.44 1 0
route256/cart/internal/service/mocks/product_client_mock.go:180.44,182.3 1 0
route256/cart/internal/service/mocks/product_client_mock.go:183.2,184.26 2 0
route256/cart/internal/service/mocks/product_client_mock.go:188.151,189.44 1 0
route256/cart/internal/service/mocks/product_client_mock.go:189.44,191.3 1 0
route256/cart/internal/service/mocks/product_client_mock.go:193.2,193.40 1 0
route256/cart/internal/service/mocks/product_client_mock.go:193.40,195.3 1 0
route256/cart/internal/service/mocks/product_client_mock.go:197.2,198.26 2 0
route256/cart/internal/service/mocks/product_client_mock.go:203.131,204.45 1 0
route256/cart/internal/service/mocks/product_client_mock.go:204.45,206.3 1 0
route256/cart/internal/service/mocks/product_client_mock.go:208.2,213.20 3 0
route256/cart/internal/service/mocks/product_client_mock.go:217.107,220.2 2 0
route256/cart/internal/service/mocks/product_client_mock.go:223.97,224.12 1 0
route256/cart/internal/service/mocks/product_client_mock.go:224.12,226.3 1 0
route256/cart/internal/service/mocks/product_client_mock.go:227.2,228.21 2 0
route256/cart/internal/service/mocks/product_client_mock.go:231.74,232.126 1 0
route256/cart/internal/service/mocks/product_client_mock.go:232.126,234.3 1 0
route256/cart/internal/service/mocks/product_client_mock.go:236.2,239.102 3 0
route256/cart/internal/service/mocks/product_client_mock.go:243.120,247.47 3 0
route256/cart/internal/service/mocks/product_client_mock.go:247.47,249.3 1 0
route256/cart/internal/service/mocks/product_client_mock.go:251.2,258.61 5 0
route256/cart/internal/service/mocks/product_client_mock.go:258.61,259.43 1 0
route256/cart/internal/service/mocks/product_client_mock.go:259.43,262.4 2 0
route256/cart/internal/service/mocks/product_client_mock.go:265.2,265.59 1 0
route256/cart/internal/service/mocks/product_client_mock.go:265.59,272.26 5 0
route256/cart/internal/service/mocks/product_client_mock.go:272.26,274.81 1 0
route256/cart/internal/service/mocks/product_client_mock.go:274.81,276.5 1 0
route256/cart/internal/service/mocks/product_client_mock.go:278.4,278.87 1 0
route256/cart/internal/service/mocks/product_client_mock.go:278.87,280.5 1 0
route256/cart/internal/service/mocks/product_client_mock.go:282.9,282.65 1 0
route256/cart/internal/service/mocks/product_client_mock.go:282.65,284.4 1 0
route256/cart/internal/service/mocks/product_client_mock.go:286.3,287.24 2 0
route256/cart/internal/service/mocks/product_client_mock.go:287.24,289.4 1 0
route256/cart/internal/service/mocks/product_client_mock.go:290.3,290.46 1 0
route256/cart/internal/service/mocks/product_client_mock.go:292.2,292.40 1 0
route256/cart/internal/service/mocks/product_client_mock.go:292.40,294.3 1 0
route256/cart/internal/service/mocks/product_client_mock.go:295.2,296.8 2 0
route256/cart/internal/service/mocks/product_client_mock.go:300.72,302.2 1 0
route256/cart/internal/service/mocks/product_client_mock.go:305.73,307.2 1 0
route256/cart/internal/service/mocks/product_client_mock.go:311.96,320.2 5 0
route256/cart/internal/service/mocks/product_client_mock.go:324.59,325.31 1 0
route256/cart/internal/service/mocks/product_client_mock.go:325.31,328.3 1 0
route256/cart/internal/service/mocks/product_client_mock.go:330.2,330.50 1 0
route256/cart/internal/service/mocks/product_client_mock.go:330.50,331.43 1 0
route256/cart/internal/service/mocks/product_client_mock.go:331.43,333.4 1 0
route256/cart/internal/service/mocks/product_client_mock.go:336.2,336.43 1 0
route256/cart/internal/service/mocks/product_client_mock.go:340.57,341.50 1 0
route256/cart/internal/service/mocks/product_client_mock.go:341.50,342.43 1 0
route256/cart/internal/service/mocks/product_client_mock.go:342.43,344.4 1 0
route256/cart/internal/service/mocks/product_client_mock.go:347.2,349.78 2 0
route256/cart/internal/service/mocks/product_client_mock.go:349.78,350.56 1 0
route256/cart/internal/service/mocks/product_client_mock.go:350.56,352.4 1 0
route256/cart/internal/service/mocks/product_client_mock.go:352.9,354.4 1 0
route256/cart/internal/service/mocks/product_client_mock.go:357.2,357.59 1 0
route256/cart/internal/service/mocks/product_client_mock.go:357.59,359.3 1 0
route256/cart/internal/service/mocks/product_client_mock.go:361.2,361.71 1 0
route256/cart/internal/service/mocks/product_client_mock.go:361.71,364.3 1 0
route256/cart/internal/service/mocks/product_client_mock.go:368.46,369.25 1 0
route256/cart/internal/service/mocks/product_client_mock.go:369.25,370.24 1 0
route256/cart/internal/service/mocks/product_client_mock.go:370.24,372.4 1 0
route256/cart/internal/service/mocks/product_client_mock.go:377.68,379.6 2 0
route256/cart/internal/service/mocks/product_client_mock.go:379.6,380.23 1 0
route256/cart/internal/service/mocks/product_client_mock.go:380.23,382.4 1 0
route256/cart/internal/service/mocks/product_client_mock.go:383.3,383.10 1 0
route256/cart/internal/service/mocks/product_client_mock.go:384.20,386.10 2 0
route256/cart/internal/service/mocks/product_client_mock.go:387.50,387.50 0 0
route256/cart/internal/service/mocks/product_client_mock.go:392.49,396.2 2 0
route256/cart/internal/repository/repository.go:16.34,18.2 1 1
route256/cart/internal/repository/repository.go:20.92,23.33 3 1
route256/cart/internal/repository/repository.go:23.33,25.3 1 1
route256/cart/internal/repository/repository.go:27.2,29.12 2 1
route256/cart/internal/repository/repository.go:32.93,43.2 7 1
route256/cart/internal/repository/repository.go:45.77,52.2 4 1
route256/cart/internal/repository/repository.go:54.97,59.35 4 1
route256/cart/internal/repository/repository.go:59.35,61.3 1 1
route256/cart/internal/repository/repository.go:63.2,64.37 2 1
route256/cart/internal/repository/repository.go:64.37,70.3 1 1
route256/cart/internal/repository/repository.go:72.2,72.19 1 1
route256/cart/internal/service/service.go:30.76,32.2 1 1
route256/cart/internal/service/service.go:34.89,36.16 2 1
route256/cart/internal/service/service.go:36.16,38.3 1 1
route256/cart/internal/service/service.go:40.2,40.25 1 1
route256/cart/internal/service/service.go:40.25,42.3 1 1
route256/cart/internal/service/service.go:44.2,44.44 1 1
route256/cart/internal/service/service.go:47.90,49.2 1 1
route256/cart/internal/service/service.go:51.74,53.2 1 1
route256/cart/internal/service/service.go:55.102,57.16 2 1
route256/cart/internal/service/service.go:57.16,59.3 1 1
route256/cart/internal/service/service.go:61.2,64.29 3 1
route256/cart/internal/service/service.go:64.29,66.17 2 1
route256/cart/internal/service/service.go:66.17,68.4 1 1
route256/cart/internal/service/service.go:70.3,70.15 1 1
route256/cart/internal/service/service.go:70.15,71.12 1 0
route256/cart/internal/service/service.go:74.3,81.45 2 1
route256/cart/internal/service/service.go:84.2,84.44 1 1
route256/cart/internal/service/service.go:84.44,86.3 1 1
route256/cart/internal/service/service.go:88.2,88.35 1 1
route256/cart/internal/service/mocks/cart_repository_mock.go:49.67,52.55 2 1
route256/cart/internal/service/mocks/cart_repository_mock.go:52.55,54.3 1 1
route256/cart/internal/service/mocks/cart_repository_mock.go:56.2,70.10 10 1
route256/cart/internal/service/mocks/cart_repository_mock.go:116.115,119.2 2 0
route256/cart/internal/service/mocks/cart_repository_mock.go:122.157,123.59 1 0
route256/cart/internal/service/mocks/cart_repository_mock.go:123.59,125.3 1 0
route256/cart/internal/service/mocks/cart_repository_mock.go:127.2,127.51 1 0
route256/cart/internal/service/mocks/cart_repository_mock.go:127.51,129.3 1 0
route256/cart/internal/service/mocks/cart_repository_mock.go:131.2,131.61 1 0
route256/cart/internal/service/mocks/cart_repository_mock.go:131.61,133.3 1 0
route256/cart/internal/service/mocks/cart_repository_mock.go:135.2,136.53 2 0
route256/cart/internal/service/mocks/cart_repository_mock.go:136.53,137.78 1 0
route256/cart/internal/service/mocks/cart_repository_mock.go:137.78,139.4 1 0
route256/cart/internal/service/mocks/cart_repository_mock.go:142.2,142.28 1 0
route256/cart/internal/service/mocks/cart_repository_mock.go:146.141,147.59 1 0
route256/cart/internal/service/mocks/cart_repository_mock.go:147.59,149.3 1 0
route256/cart/internal/service/mocks/cart_repository_mock.go:151.2,151.51 1 0
route256/cart/internal/service/mocks/cart_repository_mock.go:151.51,153.3 1 0
route256/cart/internal/service/mocks/cart_repository_mock.go:155.2,155.58 1 0
route256/cart/internal/service/mocks/cart_repository_mock.go:155.58,157.3 1 0
route256/cart/internal/service/mocks/cart_repository_mock.go:159.2,159.61 1 0
route256/cart/internal/service/mocks/cart_repository_mock.go:159.61,161.3 1 0
route256/cart/internal/service/mocks/cart_repository_mock.go:162.2,164.28 2 0
route256/cart/internal/service/mocks/cart_repository_mock.go:168.146,169.59 1 0
route256/cart/internal/service/mocks/cart_repository_mock.go:169.59,171.3 1 0
route256/cart/internal/service/mocks/cart_repository_mock.go:173.2,173.51 1 0
route256/cart/internal/service/mocks/cart_repository_mock.go:173.51,175.3 1 0
route256/cart/internal/service/mocks/cart_repository_mock.go:177.2,177.58 1 0
route256/cart/internal/service/mocks/cart_repository_mock.go:177.58,179.3 1 0
route256/cart/internal/service/mocks/cart_repository_mock.go:181.2,181.61 1 0
route256/cart/internal/service/mocks/cart_repository_mock.go:181.61,183.3 1 0
route256/cart/internal/service/mocks/cart_repository_mock.go:184.2,186.28 2 0
route256/cart/internal/service/mocks/cart_repository_mock.go:190.166,191.66 1 0
route256/cart/internal/service/mocks/cart_repository_mock.go:191.66,193.3 1 0
route256/cart/internal/service/mocks/cart_repository_mock.go:195.2,197.28 2 0
route256/cart/internal/service/mocks/cart_repository_mock.go:201.104,202.59 1 1
route256/cart/internal/service/mocks/cart_repository_mock.go:202.59,204.3 1 0
route256/cart/internal/service/mocks/cart_repository_mock.go:206.2,206.51 1 1
route256/cart/internal/service/mocks/cart_repository_mock.go:206.51,208.3 1 1
route256/cart/internal/service/mocks/cart_repository_mock.go:209.2,210.33 2 1
route256/cart/internal/service/mocks/cart_repository_mock.go:214.156,215.51 1 0
route256/cart/internal/service/mocks/cart_repository_mock.go:215.51,217.3 1 0
route256/cart/internal/service/mocks/cart_repository_mock.go:219.2,219.47 1 0
route256/cart/internal/service/mocks/cart_repository_mock.go:219.47,221.3 1 0
route256/cart/internal/service/mocks/cart_repository_mock.go:223.2,224.33 2 0
route256/cart/internal/service/mocks/cart_repository_mock.go:229.165,230.59 1 0
route256/cart/internal/service/mocks/cart_repository_mock.go:230.59,232.3 1 0
route256/cart/internal/service/mocks/cart_repository_mock.go:234.2,239.20 3 0
route256/cart/internal/service/mocks/cart_repository_mock.go:243.94,246.2 2 0
route256/cart/internal/service/mocks/cart_repository_mock.go:249.120,250.12 1 0
route256/cart/internal/service/mocks/cart_repository_mock.go:250.12,252.3 1 0
route256/cart/internal/service/mocks/cart_repository_mock.go:253.2,254.28 2 0
route256/cart/internal/service/mocks/cart_repository_mock.go:257.89,258.154 1 1
route256/cart/internal/service/mocks/cart_repository_mock.go:258.154,260.3 1 1
route256/cart/internal/service/mocks/cart_repository_mock.go:262.2,265.102 3 1
route256/cart/internal/service/mocks/cart_repository_mock.go:269.124,273.61 3 1
route256/cart/internal/service/mocks/cart_repository_mock.go:273.61,275.3 1 0
route256/cart/internal/service/mocks/cart_repository_mock.go:277.2,284.75 5 1
route256/cart/internal/service/mocks/cart_repository_mock.go:284.75,285.43 1 0
route256/cart/internal/service/mocks/cart_repository_mock.go:285.43,288.4 2 0
route256/cart/internal/service/mocks/cart_repository_mock.go:291.2,291.73 1 1
route256/cart/internal/service/mocks/cart_repository_mock.go:291.73,298.26 5 1
route256/cart/internal/service/mocks/cart_repository_mock.go:298.26,300.81 1 0
route256/cart/internal/service/mocks/cart_repository_mock.go:300.81,302.5 1 0
route256/cart/internal/service/mocks/cart_repository_mock.go:304.4,304.84 1 0
route256/cart/internal/service/mocks/cart_repository_mock.go:304.84,306.5 1 0
route256/cart/internal/service/mocks/cart_repository_mock.go:308.9,308.65 1 1
route256/cart/internal/service/mocks/cart_repository_mock.go:308.65,310.4 1 0
route256/cart/internal/service/mocks/cart_repository_mock.go:312.3,313.24 2 1
route256/cart/internal/service/mocks/cart_repository_mock.go:313.24,315.4 1 0
route256/cart/internal/service/mocks/cart_repository_mock.go:316.3,316.27 1 1
route256/cart/internal/service/mocks/cart_repository_mock.go:318.2,318.54 1 0
route256/cart/internal/service/mocks/cart_repository_mock.go:318.54,320.3 1 0
route256/cart/internal/service/mocks/cart_repository_mock.go:321.2,322.8 2 0
route256/cart/internal/service/mocks/cart_repository_mock.go:326.87,328.2 1 0
route256/cart/internal/service/mocks/cart_repository_mock.go:331.88,333.2 1 0
route256/cart/internal/service/mocks/cart_repository_mock.go:337.119,346.2 5 0
route256/cart/internal/service/mocks/cart_repository_mock.go:350.67,351.38 1 1
route256/cart/internal/service/mocks/cart_repository_mock.go:351.38,354.3 1 0
route256/cart/internal/service/mocks/cart_repository_mock.go:356.2,356.57 1 1
route256/cart/internal/service/mocks/cart_repository_mock.go:356.57,357.43 1 0
route256/cart/internal/service/mocks/cart_repository_mock.go:357.43,359.4 1 0
route256/cart/internal/service/mocks/cart_repository_mock.go:362.2,362.50 1 1
route256/cart/internal/service/mocks/cart_repository_mock.go:366.65,367.57 1 0
route256/cart/internal/service/mocks/cart_repository_mock.go:367.57,368.43 1 0
route256/cart/internal/service/mocks/cart_repository_mock.go:368.43,370.4 1 0
route256/cart/internal/service/mocks/cart_repository_mock.go:373.2,375.92 2 0
route256/cart/internal/service/mocks/cart_repository_mock.go:375.92,376.63 1 0
route256/cart/internal/service/mocks/cart_repository_mock.go:376.63,378.4 1 0
route256/cart/internal/service/mocks/cart_repository_mock.go:378.9,380.4 1 0
route256/cart/internal/service/mocks/cart_repository_mock.go:383.2,383.73 1 0
route256/cart/internal/service/mocks/cart_repository_mock.go:383.73,385.3 1 0
route256/cart/internal/service/mocks/cart_repository_mock.go:387.2,387.85 1 0
route256/cart/internal/service/mocks/cart_repository_mock.go:387.85,390.3 1 0
route256/cart/internal/service/mocks/cart_repository_mock.go:436.103,439.2 2 0
route256/cart/internal/service/mocks/cart_repository_mock.go:442.134,443.51 1 0
route256/cart/internal/service/mocks/cart_repository_mock.go:443.51,445.3 1 0
route256/cart/internal/service/mocks/cart_repository_mock.go:447.2,447.47 1 0
route256/cart/internal/service/mocks/cart_repository_mock.go:447.47,449.3 1 0
route256/cart/internal/service/mocks/cart_repository_mock.go:451.2,451.57 1 0
route256/cart/internal/service/mocks/cart_repository_mock.go:451.57,453.3 1 0
route256/cart/internal/service/mocks/cart_repository_mock.go:455.2,456.49 2 0
route256/cart/internal/service/mocks/cart_repository_mock.go:456.49,457.74 1 0
route256/cart/internal/service/mocks/cart_repository_mock.go:457.74,459.4 1 0
route256/cart/internal/service/mocks/cart_repository_mock.go:462.2,462.24 1 0
route256/cart/internal/service/mocks/cart_repository_mock.go:466.129,467.51 1 0
route256/cart/internal/service/mocks/cart_repository_mock.go:467.51,469.3 1 0
route256/cart/internal/service/mocks/cart_repository_mock.go:471.2,471.47 1 0
route256/cart/internal/service/mocks/cart_repository_mock.go:471.47,473.3 1 0
route256/cart/internal/service/mocks/cart_repository_mock.go:475.2,475.54 1 0
route256/cart/internal/service/mocks/cart_repository_mock.go:475.54,477.3 1 0
route256/cart/internal/service/mocks/cart_repository_mock.go:479.2,479.57 1 0
route256/cart/internal/service/mocks/cart_repository_mock.go:479.57,481.3 1 0
route256/cart/internal/service/mocks/cart_repository_mock.go:482.2,484.24 2 0
route256/cart/internal/service/mocks/cart_repository_mock.go:488.125,489.51 1 0
route256/cart/internal/service/mocks/cart_repository_mock.go:489.51,491.3 1 0
route256/cart/internal/service/mocks/cart_repository_mock.go:493.2,493.47 1 0
route256/cart/internal/service/mocks/cart_repository_mock.go:493.47,495.3 1 0
route256/cart/internal/service/mocks/cart_repository_mock.go:497.2,497.54 1 0
route256/cart/internal/service/mocks/cart_repository_mock.go:497.54,499.3 1 0
route256/cart/internal/service/mocks/cart_repository_mock.go:501.2,501.57 1 0
route256/cart/internal/service/mocks/cart_repository_mock.go:501.57,503.3 1 0
route256/cart/internal/service/mocks/cart_repository_mock.go:504.2,506.24 2 0
route256/cart/internal/service/mocks/cart_repository_mock.go:510.143,511.58 1 0
route256/cart/internal/service/mocks/cart_repository_mock.go:511.58,513.3 1 0
route256/cart/internal/service/mocks/cart_repository_mock.go:515.2,517.24 2 0
route256/cart/internal/service/mocks/cart_repository_mock.go:521.96,522.51 1 1
route256/cart/internal/service/mocks/cart_repository_mock.go:522.51,524.3 1 0
route256/cart/internal/service/mocks/cart_repository_mock.go:526.2,526.47 1 1
route256/cart/internal/service/mocks/cart_repository_mock.go:526.47,528.3 1 1
route256/cart/internal/service/mocks/cart_repository_mock.go:529.2,530.29 2 1
route256/cart/internal/service/mocks/cart_repository_mock.go:534.137,535.47 1 0
route256/cart/internal/service/mocks/cart_repository_mock.go:535.47,537.3 1 0
route256/cart/internal/service/mocks/cart_repository_mock.go:539.2,539.43 1 0
route256/cart/internal/service/mocks/cart_repository_mock.go:539.43,541.3 1 0
route256/cart/internal/service/mocks/cart_repository_mock.go:543.2,544.29 2 0
route256/cart/internal/service/mocks/cart_repository_mock.go:549.142,550.51 1 0
route256/cart/internal/service/mocks/cart_repository_mock.go:550.51,552.3 1 0
route256/cart/internal/service/mocks/cart_repository_mock.go:554.2,559.20 3 0
route256/cart/internal/service/mocks/cart_repository_mock.go:563.90,566.2 2 0
route256/cart/internal/service/mocks/cart_repository_mock.go:569.108,570.12 1 0
route256/cart/internal/service/mocks/cart_repository_mock.go:570.12,572.3 1 0
route256/cart/internal/service/mocks/cart_repository_mock.go:573.2,574.24 2 0
route256/cart/internal/service/mocks/cart_repository_mock.go:577.81,578.138 1 1
route256/cart/internal/service/mocks/cart_repository_mock.go:578.138,580.3 1 1
route256/cart/internal/service/mocks/cart_repository_mock.go:582.2,585.102 3 1
route256/cart/internal/service/mocks/cart_repository_mock.go:589.105,593.53 3 1
route256/cart/internal/service/mocks/cart_repository_mock.go:593.53,595.3 1 0
route256/cart/internal/service/mocks/cart_repository_mock.go:597.2,604.67 5 1
route256/cart/internal/service/mocks/cart_repository_mock.go:604.67,605.43 1 0
route256/cart/internal/service/mocks/cart_repository_mock.go:605.43,608.4 2 0
route256/cart/internal/service/mocks/cart_repository_mock.go:611.2,611.65 1 1
route256/cart/internal/service/mocks/cart_repository_mock.go:611.65,618.26 5 1
route256/cart/internal/service/mocks/cart_repository_mock.go:618.26,620.81 1 0
route256/cart/internal/service/mocks/cart_repository_mock.go:620.81,622.5 1 0
route256/cart/internal/service/mocks/cart_repository_mock.go:624.4,624.90 1 0
route256/cart/internal/service/mocks/cart_repository_mock.go:624.90,626.5 1 0
route256/cart/internal/service/mocks/cart_repository_mock.go:628.9,628.65 1 1
route256/cart/internal/service/mocks/cart_repository_mock.go:628.65,630.4 1 0
route256/cart/internal/service/mocks/cart_repository_mock.go:632.3,633.24 2 1
route256/cart/internal/service/mocks/cart_repository_mock.go:633.24,635.4 1 0
route256/cart/internal/service/mocks/cart_repository_mock.go:636.3,636.27 1 1
route256/cart/internal/service/mocks/cart_repository_mock.go:638.2,638.46 1 0
route256/cart/internal/service/mocks/cart_repository_mock.go:638.46,640.3 1 0
route256/cart/internal/service/mocks/cart_repository_mock.go:641.2,642.8 2 0
route256/cart/internal/service/mocks/cart_repository_mock.go:646.79,648.2 1 0
route256/cart/internal/service/mocks/cart_repository_mock.go:651.80,653.2 1 0
route256/cart/internal/service/mocks/cart_repository_mock.go:657.107,666.2 5 0
route256/cart/internal/service/mocks/cart_repository_mock.go:670.63,671.34 1 1
route256/cart/internal/service/mocks/cart_repository_mock.go:671.34,674.3 1 0
route256/cart/internal/service/mocks/cart_repository_mock.go:676.2,676.53 1 1
route256/cart/internal/service/mocks/cart_repository_mock.go:676.53,677.43 1 0
route256/cart/internal/service/mocks/cart_repository_mock.go:677.43,679.4 1 0
route256/cart/internal/service/mocks/cart_repository_mock.go:682.2,682.46 1 1
route256/cart/internal/service/mocks/cart_repository_mock.go:686.61,687.53 1 0
route256/cart/internal/service/mocks/cart_repository_mock.go:687.53,688.43 1 0
route256/cart/internal/service/mocks/cart_repository_mock.go:688.43,690.4 1 0
route256/cart/internal/service/mocks/cart_repository_mock.go:693.2,695.84 2 0
route256/cart/internal/service/mocks/cart_repository_mock.go:695.84,696.59 1 0
route256/cart/internal/service/mocks/cart_repository_mock.go:696.59,698.4 1 0
route256/cart/internal/service/mocks/cart_repository_mock.go:698.9,700.4 1 0
route256/cart/internal/service/mocks/cart_repository_mock.go:703.2,703.65 1 0
route256/cart/internal/service/mocks/cart_repository_mock.go:703.65,705.3 1 0
route256/cart/internal/service/mocks/cart_repository_mock.go:707.2,707.77 1 0
route256/cart/internal/service/mocks/cart_repository_mock.go:707.77,710.3 1 0
route256/cart/internal/service/mocks/cart_repository_mock.go:758.130,761.2 2 0
route256/cart/internal/service/mocks/cart_repository_mock.go:764.174,765.69 1 0
route256/cart/internal/service/mocks/cart_repository_mock.go:765.69,767.3 1 0
route256/cart/internal/service/mocks/cart_repository_mock.go:769.2,769.56 1 0
route256/cart/internal/service/mocks/cart_repository_mock.go:769.56,771.3 1 0
route256/cart/internal/service/mocks/cart_repository_mock.go:773.2,773.66 1 0
route256/cart/internal/service/mocks/cart_repository_mock.go:773.66,775.3 1 0
route256/cart/internal/service/mocks/cart_repository_mock.go:777.2,778.58 2 0
route256/cart/internal/service/mocks/cart_repository_mock.go:778.58,779.83 1 0
route256/cart/internal/service/mocks/cart_repository_mock.go:779.83,781.4 1 0
route256/cart/internal/service/mocks/cart_repository_mock.go:784.2,784.33 1 0
route256/cart/internal/service/mocks/cart_repository_mock.go:788.156,789.69 1 0
route256/cart/internal/service/mocks/cart_repository_mock.go:789.69,791.3 1 0
route256/cart/internal/service/mocks/cart_repository_mock.go:793.2,793.56 1 0
route256/cart/internal/service/mocks/cart_repository_mock.go:793.56,795.3 1 0
route256/cart/internal/service/mocks/cart_repository_mock.go:797.2,797.63 1 0
route256/cart/internal/service/mocks/cart_repository_mock.go:797.63,799.3 1 0
route256/cart/internal/service/mocks/cart_repository_mock.go:801.2,801.66 1 0
route256/cart/internal/service/mocks/cart_repository_mock.go:801.66,803.3 1 0
route256/cart/internal/service/mocks/cart_repository_mock.go:804.2,806.33 2 0
route256/cart/internal/service/mocks/cart_repository_mock.go:810.152,811.69 1 0
route256/cart/internal/service/mocks/cart_repository_mock.go:811.69,813.3 1 0
route256/cart/internal/service/mocks/cart_repository_mock.go:815.2,815.56 1 0
route256/cart/internal/service/mocks/cart_repository_mock.go:815.56,817.3 1 0
route256/cart/internal/service/mocks/cart_repository_mock.go:819.2,819.63 1 0
route256/cart/internal/service/mocks/cart_repository_mock.go:819.63,821.3 1 0
route256/cart/internal/service/mocks/cart_repository_mock.go:823.2,823.66 1 0
route256/cart/internal/service/mocks/cart_repository_mock.go:823.66,825.3 1 0
route256/cart/internal/service/mocks/cart_repository_mock.go:826.2,828.33 2 0
route256/cart/internal/service/mocks/cart_repository_mock.go:832.150,833.69 1 0
route256/cart/internal/service/mocks/cart_repository_mock.go:833.69,835.3 1 0
route256/cart/internal/service/mocks/cart_repository_mock.go:837.2,837.56 1 0
route256/cart/internal/service/mocks/cart_repository_mock.go:837.56,839.3 1 0
route256/cart/internal/service/mocks/cart_repository_mock.go:841.2,841.63 1 0
route256/cart/internal/service/mocks/cart_repository_mock.go:841.63,843.3 1 0
route256/cart/internal/service/mocks/cart_repository_mock.go:845.2,845.66 1 0
route256/cart/internal/service/mocks/cart_repository_mock.go:845.66,847.3 1 0
route256/cart/internal/service/mocks/cart_repository_mock.go:848.2,850.33 2 0
route256/cart/internal/service/mocks/cart_repository_mock.go:854.183,855.76 1 0
route256/cart/internal/service/mocks/cart_repository_mock.go:855.76,857.3 1 0
route256/cart/internal/service/mocks/cart_repository_mock.go:859.2,861.33 2 0
route256/cart/internal/service/mocks/cart_repository_mock.go:865.114,866.69 1 1
route256/cart/internal/service/mocks/cart_repository_mock.go:866.69,868.3 1 0
route256/cart/internal/service/mocks/cart_repository_mock.go:870.2,870.56 1 1
route256/cart/internal/service/mocks/cart_repository_mock.go:870.56,872.3 1 1
route256/cart/internal/service/mocks/cart_repository_mock.go:873.2,874.38 2 1
route256/cart/internal/service/mocks/cart_repository_mock.go:878.168,879.56 1 0
route256/cart/internal/service/mocks/cart_repository_mock.go:879.56,881.3 1 0
route256/cart/internal/service/mocks/cart_repository_mock.go:883.2,883.52 1 0
route256/cart/internal/service/mocks/cart_repository_mock.go:883.52,885.3 1 0
route256/cart/internal/service/mocks/cart_repository_mock.go:887.2,888.38 2 0
route256/cart/internal/service/mocks/cart_repository_mock.go:893.182,894.69 1 0
route256/cart/internal/service/mocks/cart_repository_mock.go:894.69,896.3 1 0
route256/cart/internal/service/mocks/cart_repository_mock.go:898.2,903.20 3 0
route256/cart/internal/service/mocks/cart_repository_mock.go:907.99,910.2 2 0
route256/cart/internal/service/mocks/cart_repository_mock.go:913.135,914.12 1 0
route256/cart/internal/service/mocks/cart_repository_mock.go:914.12,916.3 1 0
route256/cart/internal/service/mocks/cart_repository_mock.go:917.2,918.33 2 0
route256/cart/internal/service/mocks/cart_repository_mock.go:921.99,922.174 1 1
route256/cart/internal/service/mocks/cart_repository_mock.go:922.174,924.3 1 1
route256/cart/internal/service/mocks/cart_repository_mock.go:926.2,929.102 3 1
route256/cart/internal/service/mocks/cart_repository_mock.go:933.136,937.71 3 1
route256/cart/internal/service/mocks/cart_repository_mock.go:937.71,939.3 1 0
route256/cart/internal/service/mocks/cart_repository_mock.go:941.2,948.85 5 1
route256/cart/internal/service/mocks/cart_repository_mock.go:948.85,949.43 1 0
route256/cart/internal/service/mocks/cart_repository_mock.go:949.43,952.4 2 0
route256/cart/internal/service/mocks/cart_repository_mock.go:955.2,955.83 1 1
route256/cart/internal/service/mocks/cart_repository_mock.go:955.83,962.26 5 1
route256/cart/internal/service/mocks/cart_repository_mock.go:962.26,964.81 1 0
route256/cart/internal/service/mocks/cart_repository_mock.go:964.81,966.5 1 0
route256/cart/internal/service/mocks/cart_repository_mock.go:968.4,968.90 1 0
route256/cart/internal/service/mocks/cart_repository_mock.go:968.90,970.5 1 0
route256/cart/internal/service/mocks/cart_repository_mock.go:972.4,972.87 1 0
route256/cart/internal/service/mocks/cart_repository_mock.go:972.87,974.5 1 0
route256/cart/internal/service/mocks/cart_repository_mock.go:976.9,976.65 1 1
route256/cart/internal/service/mocks/cart_repository_mock.go:976.65,978.4 1 0
route256/cart/internal/service/mocks/cart_repository_mock.go:980.3,981.24 2 1
route256/cart/internal/service/mocks/cart_repository_mock.go:981.24,983.4 1 0
route256/cart/internal/service/mocks/cart_repository_mock.go:984.3,984.27 1 1
route256/cart/internal/service/mocks/cart_repository_mock.go:986.2,986.64 1 0
route256/cart/internal/service/mocks/cart_repository_mock.go:986.64,988.3 1 0
route256/cart/internal/service/mocks/cart_repository_mock.go:989.2,990.8 2 0
route256/cart/internal/service/mocks/cart_repository_mock.go:994.97,996.2 1 0
route256/cart/internal/service/mocks/cart_repository_mock.go:999.98,1001.2 1 0
route256/cart/internal/service/mocks/cart_repository_mock.go:1005.134,1014.2 5 0
route256/cart/internal/service/mocks/cart_repository_mock.go:1018.72,1019.43 1 1
route256/cart/internal/service/mocks/cart_repository_mock.go:1019.43,1022.3 1 0
route256/cart/internal/service/mocks/cart_repository_mock.go:1024.2,1024.62 1 1
route256/cart/internal/service/mocks/cart_repository_mock.go:1024.62,1025.43 1 0
route256/cart/internal/service/mocks/cart_repository_mock.go:1025.43,1027.4 1 0
route256/cart/internal/service/mocks/cart_repository_mock.go:1030.2,1030.55 1 1
route256/cart/internal/service/mocks/cart_repository_mock.go:1034.70,1035.62 1 0
route256/cart/internal/service/mocks/cart_repository_mock.go:1035.62,1036.43 1 0
route256/cart/internal/service/mocks/cart_repository_mock.go:1036.43,1038.4 1 0
route256/cart/internal/service/mocks/cart_repository_mock.go:1041.2,1043.102 2 0
route256/cart/internal/service/mocks/cart_repository_mock.go:1043.102,1044.68 1 0
route256/cart/internal/service/mocks/cart_repository_mock.go:1044.68,1046.4 1 0
route256/cart/internal/service/mocks/cart_repository_mock.go:1046.9,1048.4 1 0
route256/cart/internal/service/mocks/cart_repository_mock.go:1051.2,1051.83 1 0
route256/cart/internal/service/mocks/cart_repository_mock.go:1051.83,1053.3 1 0
route256/cart/internal/service/mocks/cart_repository_mock.go:1055.2,1055.95 1 0
route256/cart/internal/service/mocks/cart_repository_mock.go:1055.95,1058.3 1 0
route256/cart/internal/service/mocks/cart_repository_mock.go:1105.100,1108.2 2 0
route256/cart/internal/service/mocks/cart_repository_mock.go:1111.131,1112.49 1 0
route256/cart/internal/service/mocks/cart_repository_mock.go:1112.49,1114.3 1 0
route256/cart/internal/service/mocks/cart_repository_mock.go:1116.2,1116.46 1 0
route256/cart/internal/service/mocks/cart_repository_mock.go:1116.46,1118.3 1 0
route256/cart/internal/service/mocks/cart_repository_mock.go:1120.2,1120.56 1 0
route256/cart/internal/service/mocks/cart_repository_mock.go:1120.56,1122.3 1 0
route256/cart/internal/service/mocks/cart_repository_mock.go:1124.2,1125.48 2 0
route256/cart/internal/service/mocks/cart_repository_mock.go:1125.48,1126.73 1 0
route256/cart/internal/service/mocks/cart_repository_mock.go:1126.73,1128.4 1 0
route256/cart/internal/service/mocks/cart_repository_mock.go:1131.2,1131.23 1 0
route256/cart/internal/service/mocks/cart_repository_mock.go:1135.126,1136.49 1 0
route256/cart/internal/service/mocks/cart_repository_mock.go:1136.49,1138.3 1 0
route256/cart/internal/service/mocks/cart_repository_mock.go:1140.2,1140.46 1 0
route256/cart/internal/service/mocks/cart_repository_mock.go:1140.46,1142.3 1 0
route256/cart/internal/service/mocks/cart_repository_mock.go:1144.2,1144.53 1 0
route256/cart/internal/service/mocks/cart_repository_mock.go:1144.53,1146.3 1 0
route256/cart/internal/service/mocks/cart_repository_mock.go:1148.2,1148.56 1 0
route256/cart/internal/service/mocks/cart_repository_mock.go:1148.56,1150.3 1 0
route256/cart/internal/service/mocks/cart_repository_mock.go:1151.2,1153.23 2 0
route256/cart/internal/service/mocks/cart_repository_mock.go:1157.122,1158.49 1 0
route256/cart/internal/service/mocks/cart_repository_mock.go:1158.49,1160.3 1 0
route256/cart/internal/service/mocks/cart_repository_mock.go:1162.2,1162.46 1 0
route256/cart/internal/service/mocks/cart_repository_mock.go:1162.46,1164.3 1 0
route256/cart/internal/service/mocks/cart_repository_mock.go:1166.2,1166.53 1 0
route256/cart/internal/service/mocks/cart_repository_mock.go:1166.53,1168.3 1 0
route256/cart/internal/service/mocks/cart_repository_mock.go:1170.2,1170.56 1 0
route256/cart/internal/service/mocks/cart_repository_mock.go:1170.56,1172.3 1 0
route256/cart/internal/service/mocks/cart_repository_mock.go:1173.2,1175.23 2 0
route256/cart/internal/service/mocks/cart_repository_mock.go:1179.140,1180.56 1 0
route256/cart/internal/service/mocks/cart_repository_mock.go:1180.56,1182.3 1 0
route256/cart/internal/service/mocks/cart_repository_mock.go:1184.2,1186.23 2 0
route256/cart/internal/service/mocks/cart_repository_mock.go:1190.117,1191.49 1 1
route256/cart/internal/service/mocks/cart_repository_mock.go:1191.49,1193.3 1 0
route256/cart/internal/service/mocks/cart_repository_mock.go:1195.2,1195.46 1 1
route256/cart/internal/service/mocks/cart_repository_mock.go:1195.46,1197.3 1 1
route256/cart/internal/service/mocks/cart_repository_mock.go:1198.2,1199.28 2 1
route256/cart/internal/service/mocks/cart_repository_mock.go:1203.158,1204.46 1 0
route256/cart/internal/service/mocks/cart_repository_mock.go:1204.46,1206.3 1 0
route256/cart/internal/service/mocks/cart_repository_mock.go:1208.2,1208.42 1 0
route256/cart/internal/service/mocks/cart_repository_mock.go:1208.42,1210.3 1 0
route256/cart/internal/service/mocks/cart_repository_mock.go:1212.2,1213.28 2 0
route256/cart/internal/service/mocks/cart_repository_mock.go:1218.139,1219.49 1 0
route256/cart/internal/service/mocks/cart_repository_mock.go:1219.49,1221.3 1 0
route256/cart/internal/service/mocks/cart_repository_mock.go:1223.2,1228.20 3 0
route256/cart/internal/service/mocks/cart_repository_mock.go:1232.112,1235.2 2 0
route256/cart/internal/service/mocks/cart_repository_mock.go:1238.105,1239.12 1 0
route256/cart/internal/service/mocks/cart_repository_mock.go:1239.12,1241.3 1 0
route256/cart/internal/service/mocks/cart_repository_mock.go:1242.2,1243.23 2 0
route256/cart/internal/service/mocks/cart_repository_mock.go:1246.79,1247.134 1 1
route256/cart/internal/service/mocks/cart_repository_mock.go:1247.134,1249.3 1 1
route256/cart/internal/service/mocks/cart_repository_mock.go:1251.2,1254.102 3 1
route256/cart/internal/service/mocks/cart_repository_mock.go:1258.126,1262.51 3 1
route256/cart/internal/service/mocks/cart_repository_mock.go:1262.51,1264.3 1 0
route256/cart/internal/service/mocks/cart_repository_mock.go:1266.2,1273.65 5 1
route256/cart/internal/service/mocks/cart_repository_mock.go:1273.65,1274.43 1 0
route256/cart/internal/service/mocks/cart_repository_mock.go:1274.43,1277.4 2 0
route256/cart/internal/service/mocks/cart_repository_mock.go:1280.2,1280.63 1 1
route256/cart/internal/service/mocks/cart_repository_mock.go:1280.63,1287.26 5 1
route256/cart/internal/service/mocks/cart_repository_mock.go:1287.26,1289.81 1 0
route256/cart/internal/service/mocks/cart_repository_mock.go:1289.81,1291.5 1 0
route256/cart/internal/service/mocks/cart_repository_mock.go:1293.4,1293.90 1 0
route256/cart/internal/service/mocks/cart_repository_mock.go:1293.90,1295.5 1 0
route256/cart/internal/service/mocks/cart_repository_mock.go:1297.9,1297.65 1 1
route256/cart/internal/service/mocks/cart_repository_mock.go:1297.65,1299.4 1 0
route256/cart/internal/service/mocks/cart_repository_mock.go:1301.3,1302.24 2 1
route256/cart/internal/service/mocks/cart_repository_mock.go:1302.24,1304.4 1 0
route256/cart/internal/service/mocks/cart_repository_mock.go:1305.3,1305.46 1 1
route256/cart/internal/service/mocks/cart_repository_mock.go:1307.2,1307.44 1 0
route256/cart/internal/service/mocks/cart_repository_mock.go:1307.44,1309.3 1 0
route256/cart/internal/service/mocks/cart_repository_mock.go:1310.2,1311.8 2 0
route256/cart/internal/service/mocks/cart_repository_mock.go:1315.77,1317.2 1 0
route256/cart/internal/service/mocks/cart_repository_mock.go:1320.78,1322.2 1 0
route256/cart/internal/service/mocks/cart_repository_mock.go:1326.104,1335.2 5 0
route256/cart/internal/service/mocks/cart_repository_mock.go:1339.62,1340.33 1 1
route256/cart/internal/service/mocks/cart_repository_mock.go:1340.33,1343.3 1 0
route256/cart/internal/service/mocks/cart_repository_mock.go:1345.2,1345.52 1 1
route256/cart/internal/service/mocks/cart_repository_mock.go:1345.52,1346.43 1 0
route256/cart/internal/service/mocks/cart_repository_mock.go:1346.43,1348.4 1 0
route256/cart/internal/service/mocks/cart_repository_mock.go:1351.2,1351.45 1 1
route256/cart/internal/service/mocks/cart_repository_mock.go:1355.60,1356.52 1 0
route256/cart/internal/service/mocks/cart_repository_mock.go:1356.52,1357.43 1 0
route256/cart/internal/service/mocks/cart_repository_mock.go:1357.43,1359.4 1 0
route256/cart/internal/service/mocks/cart_repository_mock.go:1362.2,1364.82 2 0
route256/cart/internal/service/mocks/cart_repository_mock.go:1364.82,1365.58 1 0
route256/cart/internal/service/mocks/cart_repository_mock.go:1365.58,1367.4 1 0
route256/cart/internal/service/mocks/cart_repository_mock.go:1367.9,1369.4 1 0
route256/cart/internal/service/mocks/cart_repository_mock.go:1372.2,1372.63 1 0
route256/cart/internal/service/mocks/cart_repository_mock.go:1372.63,1374.3 1 0
route256/cart/internal/service/mocks/cart_repository_mock.go:1376.2,1376.75 1 0
route256/cart/internal/service/mocks/cart_repository_mock.go:1376.75,1379.3 1 0
route256/cart/internal/service/mocks/cart_repository_mock.go:1383.47,1384.25 1 1
route256/cart/internal/service/mocks/cart_repository_mock.go:1384.25,1385.24 1 1
route256/cart/internal/service/mocks/cart_repository_mock.go:1385.24,1393.4 4 0
route256/cart/internal/service/mocks/cart_repository_mock.go:1398.69,1400.6 2 0
route256/cart/internal/service/mocks/cart_repository_mock.go:1400.6,1401.23 1 0
route256/cart/internal/service/mocks/cart_repository_mock.go:1401.23,1403.4 1 0
route256/cart/internal/service/mocks/cart_repository_mock.go:1404.3,1404.10 1 0
route256/cart/internal/service/mocks/cart_repository_mock.go:1405.20,1407.10 2 0
route256/cart/internal/service/mocks/cart_repository_mock.go:1408.50,1408.50 0 0
route256/cart/internal/service/mocks/cart_repository_mock.go:1413.50,1420.2 2 1
route256/cart/internal/service/mocks/product_client_mock.go:31.65,34.55 2 1
route256/cart/internal/service/mocks/product_client_mock.go:34.55,36.3 1 1
route256/cart/internal/service/mocks/product_client_mock.go:38.2,43.10 4 1
route256/cart/internal/service/mocks/product_client_mock.go:90.92,93.2 2 0
route256/cart/internal/service/mocks/product_client_mock.go:96.123,97.45 1 0
route256/cart/internal/service/mocks/product_client_mock.go:97.45,99.3 1 0
route256/cart/internal/service/mocks/product_client_mock.go:101.2,101.44 1 0
route256/cart/internal/service/mocks/product_client_mock.go:101.44,103.3 1 0
route256/cart/internal/service/mocks/product_client_mock.go:105.2,105.54 1 0
route256/cart/internal/service/mocks/product_client_mock.go:105.54,107.3 1 0
route256/cart/internal/service/mocks/product_client_mock.go:109.2,110.46 2 0
route256/cart/internal/service/mocks/product_client_mock.go:110.46,111.71 1 0
route256/cart/internal/service/mocks/product_client_mock.go:111.71,113.4 1 0
route256/cart/internal/service/mocks/product_client_mock.go:116.2,116.21 1 0
route256/cart/internal/service/mocks/product_client_mock.go:120.118,121.45 1 0
route256/cart/internal/service/mocks/product_client_mock.go:121.45,123.3 1 0
route256/cart/internal/service/mocks/product_client_mock.go:125.2,125.44 1 0
route256/cart/internal/service/mocks/product_client_mock.go:125.44,127.3 1 0
route256/cart/internal/service/mocks/product_client_mock.go:129.2,129.51 1 0
route256/cart/internal/service/mocks/product_client_mock.go:129.51,131.3 1 0
route256/cart/internal/service/mocks/product_client_mock.go:133.2,133.54 1 0
route256/cart/internal/service/mocks/product_client_mock.go:133.54,135.3 1 0
route256/cart/internal/service/mocks/product_client_mock.go:136.2,138.21 2 0
route256/cart/internal/service/mocks/product_client_mock.go:142.113,143.45 1 0
route256/cart/internal/service/mocks/product_client_mock.go:143.45,145.3 1 0
route256/cart/internal/service/mocks/product_client_mock.go:147.2,147.44 1 0
route256/cart/internal/service/mocks/product_client_mock.go:147.44,149.3 1 0
route256/cart/internal/service/mocks/product_client_mock.go:151.2,151.51 1 0
route256/cart/internal/service/mocks/product_client_mock.go:151.51,153.3 1 0
route256/cart/internal/service/mocks/product_client_mock.go:155.2,155.54 1 0
route256/cart/internal/service/mocks/product_client_mock.go:155.54,157.3 1 0
route256/cart/internal/service/mocks/product_client_mock.go:158.2,160.21 2 0
route256/cart/internal/service/mocks/product_client_mock.go:164.132,165.52 1 0
route256/cart/internal/service/mocks/product_client_mock.go:165.52,167.3 1 0
route256/cart/internal/service/mocks/product_client_mock.go:169.2,171.21 2 0
route256/cart/internal/service/mocks/product_client_mock.go:175.110,176.45 1 1
route256/cart/internal/service/mocks/product_client_mock.go:176.45,178.3 1 0
route256/cart/internal/service/mocks/product_client_mock.go:180.2,180.44 1 1
route256/cart/internal/service/mocks/product_client_mock.go:180.44,182.3 1 1
route256/cart/internal/service/mocks/product_client_mock.go:183.2,184.26 2 1
route256/cart/internal/service/mocks/product_client_mock.go:188.151,189.44 1 1
route256/cart/internal/service/mocks/product_client_mock.go:189.44,191.3 1 0
route256/cart/internal/service/mocks/product_client_mock.go:193.2,193.40 1 1
route256/cart/internal/service/mocks/product_client_mock.go:193.40,195.3 1 0
route256/cart/internal/service/mocks/product_client_mock.go:197.2,198.26 2 1
route256/cart/internal/service/mocks/product_client_mock.go:203.131,204.45 1 0
route256/cart/internal/service/mocks/product_client_mock.go:204.45,206.3 1 0
route256/cart/internal/service/mocks/product_client_mock.go:208.2,213.20 3 0
route256/cart/internal/service/mocks/product_client_mock.go:217.107,220.2 2 0
route256/cart/internal/service/mocks/product_client_mock.go:223.97,224.12 1 0
route256/cart/internal/service/mocks/product_client_mock.go:224.12,226.3 1 0
route256/cart/internal/service/mocks/product_client_mock.go:227.2,228.21 2 0
route256/cart/internal/service/mocks/product_client_mock.go:231.74,232.126 1 1
route256/cart/internal/service/mocks/product_client_mock.go:232.126,234.3 1 1
route256/cart/internal/service/mocks/product_client_mock.go:236.2,239.102 3 1
route256/cart/internal/service/mocks/product_client_mock.go:243.120,247.47 3 1
route256/cart/internal/service/mocks/product_client_mock.go:247.47,249.3 1 0
route256/cart/internal/service/mocks/product_client_mock.go:251.2,258.61 5 1
route256/cart/internal/service/mocks/product_client_mock.go:258.61,259.43 1 0
route256/cart/internal/service/mocks/product_client_mock.go:259.43,262.4 2 0
route256/cart/internal/service/mocks/product_client_mock.go:265.2,265.59 1 1
route256/cart/internal/service/mocks/product_client_mock.go:265.59,272.26 5 1
route256/cart/internal/service/mocks/product_client_mock.go:272.26,274.81 1 0
route256/cart/internal/service/mocks/product_client_mock.go:274.81,276.5 1 0
route256/cart/internal/service/mocks/product_client_mock.go:278.4,278.87 1 0
route256/cart/internal/service/mocks/product_client_mock.go:278.87,280.5 1 0
route256/cart/internal/service/mocks/product_client_mock.go:282.9,282.65 1 1
route256/cart/internal/service/mocks/product_client_mock.go:282.65,284.4 1 0
route256/cart/internal/service/mocks/product_client_mock.go:286.3,287.24 2 1
route256/cart/internal/service/mocks/product_client_mock.go:287.24,289.4 1 0
route256/cart/internal/service/mocks/product_client_mock.go:290.3,290.46 1 1
route256/cart/internal/service/mocks/product_client_mock.go:292.2,292.40 1 1
route256/cart/internal/service/mocks/product_client_mock.go:292.40,294.3 1 1
route256/cart/internal/service/mocks/product_client_mock.go:295.2,296.8 2 0
route256/cart/internal/service/mocks/product_client_mock.go:300.72,302.2 1 0
route256/cart/internal/service/mocks/product_client_mock.go:305.73,307.2 1 0
route256/cart/internal/service/mocks/product_client_mock.go:311.96,320.2 5 0
route256/cart/internal/service/mocks/product_client_mock.go:324.59,325.31 1 1
route256/cart/internal/service/mocks/product_client_mock.go:325.31,328.3 1 0
route256/cart/internal/service/mocks/product_client_mock.go:330.2,330.50 1 1
route256/cart/internal/service/mocks/product_client_mock.go:330.50,331.43 1 0
route256/cart/internal/service/mocks/product_client_mock.go:331.43,333.4 1 0
route256/cart/internal/service/mocks/product_client_mock.go:336.2,336.43 1 1
route256/cart/internal/service/mocks/product_client_mock.go:340.57,341.50 1 0
route256/cart/internal/service/mocks/product_client_mock.go:341.50,342.43 1 0
route256/cart/internal/service/mocks/product_client_mock.go:342.43,344.4 1 0
route256/cart/internal/service/mocks/product_client_mock.go:347.2,349.78 2 0
route256/cart/internal/service/mocks/product_client_mock.go:349.78,350.56 1 0
route256/cart/internal/service/mocks/product_client_mock.go:350.56,352.4 1 0
route256/cart/internal/service/mocks/product_client_mock.go:352.9,354.4 1 0
route256/cart/internal/service/mocks/product_client_mock.go:357.2,357.59 1 0
route256/cart/internal/service/mocks/product_client_mock.go:357.59,359.3 1 0
route256/cart/internal/service/mocks/product_client_mock.go:361.2,361.71 1 0
route256/cart/internal/service/mocks/product_client_mock.go:361.71,364.3 1 0
route256/cart/internal/service/mocks/product_client_mock.go:368.46,369.25 1 1
route256/cart/internal/service/mocks/product_client_mock.go:369.25,370.24 1 1
route256/cart/internal/service/mocks/product_client_mock.go:370.24,372.4 1 0
route256/cart/internal/service/mocks/product_client_mock.go:377.68,379.6 2 0
route256/cart/internal/service/mocks/product_client_mock.go:379.6,380.23 1 0
route256/cart/internal/service/mocks/product_client_mock.go:380.23,382.4 1 0
route256/cart/internal/service/mocks/product_client_mock.go:383.3,383.10 1 0
route256/cart/internal/service/mocks/product_client_mock.go:384.20,386.10 2 0
route256/cart/internal/service/mocks/product_client_mock.go:387.50,387.50 0 0
route256/cart/internal/service/mocks/product_client_mock.go:392.49,396.2 2 1
route256/cart/pkg/product/product.go:18.70,26.2 1 0
route256/cart/pkg/product/product.go:43.82,50.16 3 0
route256/cart/pkg/product/product.go:50.16,52.3 1 0
route256/cart/pkg/product/product.go:54.2,55.16 2 0
route256/cart/pkg/product/product.go:55.16,57.3 1 0
route256/cart/pkg/product/product.go:58.2,59.16 2 0
route256/cart/pkg/product/product.go:59.16,61.3 1 0
route256/cart/pkg/product/product.go:62.2,64.38 2 0
route256/cart/pkg/product/product.go:64.38,66.3 1 0
route256/cart/pkg/product/product.go:68.2,69.69 2 0
route256/cart/pkg/product/product.go:69.69,71.3 1 0
route256/cart/pkg/product/product.go:73.2,73.41 1 0
route256/cart/pkg/product/product.go:73.41,75.3 1 0
route256/cart/pkg/product/product.go:77.2,77.31 1 0
route256/cart/cmd/config/config.go:22.34,25.40 2 1
route256/cart/cmd/config/config.go:25.40,27.3 1 0
route256/cart/cmd/config/config.go:29.2,29.17 1 1
route256/cart/internal/handler/handler.go:26.47,31.2 1 1
route256/cart/internal/handler/handler.go:33.54,38.2 4 1
route256/cart/internal/handler/handler.go:40.87,42.16 2 1
route256/cart/internal/handler/handler.go:42.16,45.3 2 0
route256/cart/internal/handler/handler.go:47.2,47.21 1 1
route256/cart/internal/handler/handler.go:50.98,52.16 2 1
route256/cart/internal/handler/handler.go:52.16,55.3 2 0
route256/cart/internal/handler/handler.go:57.2,58.16 2 1
route256/cart/internal/handler/handler.go:58.16,61.3 2 0
route256/cart/internal/handler/handler.go:63.2,63.28 1 1
route256/cart/internal/handler/handler.go:66.77,68.9 2 0
route256/cart/internal/handler/handler.go:68.9,70.3 1 0
route256/cart/internal/handler/handler.go:72.2,76.61 2 0
route256/cart/internal/handler/handler.go:76.61,79.3 2 0
route256/cart/internal/handler/handler.go:81.2,81.47 1 0
route256/cart/internal/handler/handler.go:81.47,84.3 2 0
route256/cart/internal/handler/handler.go:86.2,86.70 1 0
route256/cart/internal/handler/handler.go:86.70,89.3 2 0
route256/cart/internal/handler/handler.go:91.2,91.30 1 0
route256/cart/internal/handler/handler.go:94.82,96.9 2 1
route256/cart/internal/handler/handler.go:96.9,98.3 1 0
route256/cart/internal/handler/handler.go:100.2,105.73 2 1
route256/cart/internal/handler/handler.go:105.73,108.3 2 0
route256/cart/internal/handler/handler.go:110.2,110.93 1 1
route256/cart/internal/handler/handler.go:110.93,113.3 2 0
route256/cart/internal/handler/handler.go:115.2,115.37 1 1
route256/cart/internal/handler/handler.go:118.73,120.9 2 0
route256/cart/internal/handler/handler.go:120.9,122.3 1 0
route256/cart/internal/handler/handler.go:124.2,128.64 2 0
route256/cart/internal/handler/handler.go:128.64,131.3 2 0
route256/cart/internal/handler/handler.go:133.2,133.73 1 0
route256/cart/internal/handler/handler.go:133.73,136.3 2 0
route256/cart/internal/handler/handler.go:138.2,138.37 1 0
route256/cart/internal/handler/handler.go:141.72,143.9 2 1
route256/cart/internal/handler/handler.go:143.9,145.3 1 0
route256/cart/internal/handler/handler.go:147.2,151.64 2 1
route256/cart/internal/handler/handler.go:151.64,154.3 2 0
route256/cart/internal/handler/handler.go:156.2,157.16 2 1
route256/cart/internal/handler/handler.go:157.16,160.3 2 0
route256/cart/internal/handler/handler.go:162.2,162.21 1 1
route256/cart/internal/handler/handler.go:162.21,165.3 2 0
route256/cart/internal/handler/handler.go:167.2,175.60 2 1
route256/cart/internal/handler/handler.go:175.60,178.3 2 0
route256/cart/internal/handler/handler.go:180.2,180.30 1 1
route256/cart/internal/handler/middleware.go:14.52,15.22 1 0
route256/cart/internal/handler/middleware.go:15.22,19.3 3 0
route256/cart/internal/handler/middleware.go:22.57,23.22 1 0
route256/cart/internal/handler/middleware.go:23.22,25.3 1 0
route256/cart/internal/handler/middleware.go:26.2,26.36 1 0
route256/cart/internal/handler/middleware.go:29.56,30.71 1 0
route256/cart/internal/handler/middleware.go:30.71,33.16 2 0
route256/cart/internal/handler/middleware.go:33.16,34.25 1 0
route256/cart/internal/handler/middleware.go:34.25,36.5 1 0
route256/cart/internal/handler/middleware.go:39.3,39.25 1 0
route256/cart/pkg/product/product.go:18.70,26.2 1 1
route256/cart/pkg/product/product.go:43.82,50.16 3 1
route256/cart/pkg/product/product.go:50.16,52.3 1 0
route256/cart/pkg/product/product.go:54.2,55.16 2 1
route256/cart/pkg/product/product.go:55.16,57.3 1 0
route256/cart/pkg/product/product.go:58.2,59.16 2 1
route256/cart/pkg/product/product.go:59.16,61.3 1 0
route256/cart/pkg/product/product.go:62.2,64.38 2 1
route256/cart/pkg/product/product.go:64.38,66.3 1 0
route256/cart/pkg/product/product.go:68.2,69.69 2 1
route256/cart/pkg/product/product.go:69.69,71.3 1 0
route256/cart/pkg/product/product.go:73.2,73.41 1 1
route256/cart/pkg/product/product.go:73.41,75.3 1 0
route256/cart/pkg/product/product.go:77.2,77.31 1 1
route256/cart/tests/handler/setup.go:26.38,28.16 2 1
route256/cart/tests/handler/setup.go:28.16,30.3 1 0
route256/cart/tests/handler/setup.go:32.2,33.16 2 1
route256/cart/tests/handler/setup.go:33.16,35.3 1 0
route256/cart/tests/handler/setup.go:37.2,38.16 2 1
route256/cart/tests/handler/setup.go:38.16,40.3 1 0
route256/cart/tests/handler/setup.go:42.2,56.23 11 1
route256/cart/tests/handler/setup.go:59.41,61.2 1 1
