mode: atomic
route256/cart/cmd/config/config.go:28.34,31.40 2 0
route256/cart/cmd/config/config.go:31.40,33.3 1 0
route256/cart/cmd/config/config.go:35.2,35.17 1 0
route256/cart/internal/handler/handler.go:27.47,32.2 1 0
route256/cart/internal/handler/handler.go:34.54,40.2 5 0
route256/cart/internal/handler/handler.go:42.87,44.16 2 0
route256/cart/internal/handler/handler.go:44.16,47.3 2 0
route256/cart/internal/handler/handler.go:49.2,49.21 1 0
route256/cart/internal/handler/handler.go:52.98,54.16 2 0
route256/cart/internal/handler/handler.go:54.16,57.3 2 0
route256/cart/internal/handler/handler.go:59.2,60.16 2 0
route256/cart/internal/handler/handler.go:60.16,63.3 2 0
route256/cart/internal/handler/handler.go:65.2,65.28 1 0
route256/cart/internal/handler/handler.go:68.77,70.9 2 0
route256/cart/internal/handler/handler.go:70.9,72.3 1 0
route256/cart/internal/handler/handler.go:74.2,78.61 2 0
route256/cart/internal/handler/handler.go:78.61,81.3 2 0
route256/cart/internal/handler/handler.go:83.2,83.47 1 0
route256/cart/internal/handler/handler.go:83.47,86.3 2 0
route256/cart/internal/handler/handler.go:88.2,88.70 1 0
route256/cart/internal/handler/handler.go:88.70,91.3 2 0
route256/cart/internal/handler/handler.go:93.2,93.30 1 0
route256/cart/internal/handler/handler.go:96.82,98.9 2 0
route256/cart/internal/handler/handler.go:98.9,100.3 1 0
route256/cart/internal/handler/handler.go:102.2,107.73 2 0
route256/cart/internal/handler/handler.go:107.73,110.3 2 0
route256/cart/internal/handler/handler.go:112.2,112.93 1 0
route256/cart/internal/handler/handler.go:112.93,115.3 2 0
route256/cart/internal/handler/handler.go:117.2,117.37 1 0
route256/cart/internal/handler/handler.go:120.73,122.9 2 0
route256/cart/internal/handler/handler.go:122.9,124.3 1 0
route256/cart/internal/handler/handler.go:126.2,130.64 2 0
route256/cart/internal/handler/handler.go:130.64,133.3 2 0
route256/cart/internal/handler/handler.go:135.2,135.73 1 0
route256/cart/internal/handler/handler.go:135.73,138.3 2 0
route256/cart/internal/handler/handler.go:140.2,140.37 1 0
route256/cart/internal/handler/handler.go:143.72,145.9 2 0
route256/cart/internal/handler/handler.go:145.9,147.3 1 0
route256/cart/internal/handler/handler.go:149.2,153.64 2 0
route256/cart/internal/handler/handler.go:153.64,156.3 2 0
route256/cart/internal/handler/handler.go:158.2,159.16 2 0
route256/cart/internal/handler/handler.go:159.16,162.3 2 0
route256/cart/internal/handler/handler.go:164.2,164.21 1 0
route256/cart/internal/handler/handler.go:164.21,167.3 2 0
route256/cart/internal/handler/handler.go:169.2,177.60 2 0
route256/cart/internal/handler/handler.go:177.60,180.3 2 0
route256/cart/internal/handler/handler.go:182.2,182.30 1 0
route256/cart/internal/handler/handler.go:185.71,188.61 2 0
route256/cart/internal/handler/handler.go:188.61,191.3 2 0
route256/cart/internal/handler/handler.go:193.2,193.64 1 0
route256/cart/internal/handler/handler.go:193.64,196.3 2 0
route256/cart/internal/handler/handler.go:198.2,199.16 2 0
route256/cart/internal/handler/handler.go:199.16,202.3 2 0
route256/cart/internal/handler/handler.go:204.2,210.60 2 0
route256/cart/internal/handler/handler.go:210.60,213.3 2 0
route256/cart/internal/handler/handler.go:215.2,215.30 1 0
route256/cart/internal/handler/middleware.go:14.52,15.22 1 0
route256/cart/internal/handler/middleware.go:15.22,19.3 3 0
route256/cart/internal/handler/middleware.go:22.57,23.22 1 0
route256/cart/internal/handler/middleware.go:23.22,25.3 1 0
route256/cart/internal/handler/middleware.go:26.2,26.36 1 0
route256/cart/internal/handler/middleware.go:29.56,30.71 1 0
route256/cart/internal/handler/middleware.go:30.71,33.16 2 0
route256/cart/internal/handler/middleware.go:33.16,34.25 1 0
route256/cart/internal/handler/middleware.go:34.25,36.5 1 0
route256/cart/internal/handler/middleware.go:39.3,39.25 1 0
route256/cart/cmd/main.go:21.13,23.16 2 0
route256/cart/cmd/main.go:23.16,25.3 1 0
route256/cart/cmd/main.go:27.2,30.16 3 0
route256/cart/cmd/main.go:30.16,32.3 1 0
route256/cart/cmd/main.go:34.2,36.16 3 0
route256/cart/cmd/main.go:36.16,38.3 1 0
route256/cart/cmd/main.go:40.2,57.12 9 0
route256/cart/cmd/main.go:57.12,59.90 2 0
route256/cart/cmd/main.go:59.90,61.4 1 0
route256/cart/cmd/main.go:64.2,69.45 4 0
route256/cart/cmd/main.go:69.45,71.3 1 0
route256/cart/cmd/main.go:73.2,73.29 1 0
route256/cart/internal/models/models.go:20.53,25.2 1 0
route256/cart/internal/models/models.go:27.64,30.26 2 0
route256/cart/internal/models/models.go:30.26,35.3 1 0
route256/cart/internal/models/models.go:37.2,37.14 1 0
route256/cart/pkg/product/product.go:21.59,23.16 2 0
route256/cart/pkg/product/product.go:23.16,25.3 1 0
route256/cart/pkg/product/product.go:27.2,32.8 1 0
route256/cart/pkg/product/product.go:50.82,51.9 1 0
route256/cart/pkg/product/product.go:52.20,53.24 1 0
route256/cart/pkg/product/product.go:54.25,54.25 0 0
route256/cart/pkg/product/product.go:57.2,63.16 3 0
route256/cart/pkg/product/product.go:63.16,65.3 1 0
route256/cart/pkg/product/product.go:67.2,68.16 2 0
route256/cart/pkg/product/product.go:68.16,70.3 1 0
route256/cart/pkg/product/product.go:71.2,72.16 2 0
route256/cart/pkg/product/product.go:72.16,74.3 1 0
route256/cart/pkg/product/product.go:75.2,77.38 2 0
route256/cart/pkg/product/product.go:77.38,79.3 1 0
route256/cart/pkg/product/product.go:81.2,82.69 2 0
route256/cart/pkg/product/product.go:82.69,84.3 1 0
route256/cart/pkg/product/product.go:86.2,86.41 1 0
route256/cart/pkg/product/product.go:86.41,88.3 1 0
route256/cart/pkg/product/product.go:90.2,90.31 1 0
route256/cart/pkg/loms/config.go:17.37,22.2 1 0
route256/cart/pkg/loms/config.go:24.30,26.16 2 0
route256/cart/pkg/loms/config.go:26.16,28.3 1 0
route256/cart/pkg/loms/config.go:30.2,33.12 3 0
route256/cart/pkg/loms/config.go:36.26,37.19 1 0
route256/cart/pkg/loms/config.go:37.19,39.3 1 0
route256/cart/pkg/loms/loms.go:15.62,18.29 2 0
route256/cart/pkg/loms/loms.go:18.29,23.3 1 0
route256/cart/pkg/loms/loms.go:25.2,25.12 1 0
route256/cart/pkg/loms/loms.go:28.99,35.16 3 0
route256/cart/pkg/loms/loms.go:35.16,37.3 1 0
route256/cart/pkg/loms/loms.go:39.2,39.25 1 0
route256/cart/pkg/loms/loms.go:42.97,48.16 3 0
route256/cart/pkg/loms/loms.go:48.16,50.3 1 0
route256/cart/pkg/loms/loms.go:52.2,52.17 1 0
route256/cart/pkg/loms/loms.go:55.80,61.16 3 0
route256/cart/pkg/loms/loms.go:61.16,63.3 1 0
route256/cart/pkg/loms/loms.go:65.2,65.23 1 0
route256/cart/pkg/loms/loms.go:68.69,73.16 3 0
route256/cart/pkg/loms/loms.go:73.16,75.3 1 0
route256/cart/pkg/loms/loms.go:77.2,77.12 1 0
route256/cart/pkg/loms/loms.go:80.72,85.16 3 0
route256/cart/pkg/loms/loms.go:85.16,87.3 1 0
route256/cart/pkg/loms/loms.go:88.2,88.12 1 0
route256/cart/internal/service/mocks/cart_repository_mock.go:48.67,51.55 2 0
route256/cart/internal/service/mocks/cart_repository_mock.go:51.55,53.3 1 0
route256/cart/internal/service/mocks/cart_repository_mock.go:55.2,69.10 10 0
route256/cart/internal/service/mocks/cart_repository_mock.go:115.115,118.2 2 0
route256/cart/internal/service/mocks/cart_repository_mock.go:121.157,122.59 1 0
route256/cart/internal/service/mocks/cart_repository_mock.go:122.59,124.3 1 0
route256/cart/internal/service/mocks/cart_repository_mock.go:126.2,126.51 1 0
route256/cart/internal/service/mocks/cart_repository_mock.go:126.51,128.3 1 0
route256/cart/internal/service/mocks/cart_repository_mock.go:130.2,130.61 1 0
route256/cart/internal/service/mocks/cart_repository_mock.go:130.61,132.3 1 0
route256/cart/internal/service/mocks/cart_repository_mock.go:134.2,135.53 2 0
route256/cart/internal/service/mocks/cart_repository_mock.go:135.53,136.78 1 0
route256/cart/internal/service/mocks/cart_repository_mock.go:136.78,138.4 1 0
route256/cart/internal/service/mocks/cart_repository_mock.go:141.2,141.28 1 0
route256/cart/internal/service/mocks/cart_repository_mock.go:145.141,146.59 1 0
route256/cart/internal/service/mocks/cart_repository_mock.go:146.59,148.3 1 0
route256/cart/internal/service/mocks/cart_repository_mock.go:150.2,150.51 1 0
route256/cart/internal/service/mocks/cart_repository_mock.go:150.51,152.3 1 0
route256/cart/internal/service/mocks/cart_repository_mock.go:154.2,154.58 1 0
route256/cart/internal/service/mocks/cart_repository_mock.go:154.58,156.3 1 0
route256/cart/internal/service/mocks/cart_repository_mock.go:158.2,158.61 1 0
route256/cart/internal/service/mocks/cart_repository_mock.go:158.61,160.3 1 0
route256/cart/internal/service/mocks/cart_repository_mock.go:161.2,163.28 2 0
route256/cart/internal/service/mocks/cart_repository_mock.go:167.146,168.59 1 0
route256/cart/internal/service/mocks/cart_repository_mock.go:168.59,170.3 1 0
route256/cart/internal/service/mocks/cart_repository_mock.go:172.2,172.51 1 0
route256/cart/internal/service/mocks/cart_repository_mock.go:172.51,174.3 1 0
route256/cart/internal/service/mocks/cart_repository_mock.go:176.2,176.58 1 0
route256/cart/internal/service/mocks/cart_repository_mock.go:176.58,178.3 1 0
route256/cart/internal/service/mocks/cart_repository_mock.go:180.2,180.61 1 0
route256/cart/internal/service/mocks/cart_repository_mock.go:180.61,182.3 1 0
route256/cart/internal/service/mocks/cart_repository_mock.go:183.2,185.28 2 0
route256/cart/internal/service/mocks/cart_repository_mock.go:189.166,190.66 1 0
route256/cart/internal/service/mocks/cart_repository_mock.go:190.66,192.3 1 0
route256/cart/internal/service/mocks/cart_repository_mock.go:194.2,196.28 2 0
route256/cart/internal/service/mocks/cart_repository_mock.go:200.104,201.59 1 0
route256/cart/internal/service/mocks/cart_repository_mock.go:201.59,203.3 1 0
route256/cart/internal/service/mocks/cart_repository_mock.go:205.2,205.51 1 0
route256/cart/internal/service/mocks/cart_repository_mock.go:205.51,207.3 1 0
route256/cart/internal/service/mocks/cart_repository_mock.go:208.2,209.33 2 0
route256/cart/internal/service/mocks/cart_repository_mock.go:213.156,214.51 1 0
route256/cart/internal/service/mocks/cart_repository_mock.go:214.51,216.3 1 0
route256/cart/internal/service/mocks/cart_repository_mock.go:218.2,218.47 1 0
route256/cart/internal/service/mocks/cart_repository_mock.go:218.47,220.3 1 0
route256/cart/internal/service/mocks/cart_repository_mock.go:222.2,223.33 2 0
route256/cart/internal/service/mocks/cart_repository_mock.go:228.165,229.59 1 0
route256/cart/internal/service/mocks/cart_repository_mock.go:229.59,231.3 1 0
route256/cart/internal/service/mocks/cart_repository_mock.go:233.2,238.20 3 0
route256/cart/internal/service/mocks/cart_repository_mock.go:242.94,245.2 2 0
route256/cart/internal/service/mocks/cart_repository_mock.go:248.120,249.12 1 0
route256/cart/internal/service/mocks/cart_repository_mock.go:249.12,251.3 1 0
route256/cart/internal/service/mocks/cart_repository_mock.go:252.2,253.28 2 0
route256/cart/internal/service/mocks/cart_repository_mock.go:256.89,257.154 1 0
route256/cart/internal/service/mocks/cart_repository_mock.go:257.154,259.3 1 0
route256/cart/internal/service/mocks/cart_repository_mock.go:261.2,264.102 3 0
route256/cart/internal/service/mocks/cart_repository_mock.go:268.124,272.61 3 0
route256/cart/internal/service/mocks/cart_repository_mock.go:272.61,274.3 1 0
route256/cart/internal/service/mocks/cart_repository_mock.go:276.2,283.75 5 0
route256/cart/internal/service/mocks/cart_repository_mock.go:283.75,284.43 1 0
route256/cart/internal/service/mocks/cart_repository_mock.go:284.43,287.4 2 0
route256/cart/internal/service/mocks/cart_repository_mock.go:290.2,290.73 1 0
route256/cart/internal/service/mocks/cart_repository_mock.go:290.73,297.26 5 0
route256/cart/internal/service/mocks/cart_repository_mock.go:297.26,299.81 1 0
route256/cart/internal/service/mocks/cart_repository_mock.go:299.81,301.5 1 0
route256/cart/internal/service/mocks/cart_repository_mock.go:303.4,303.84 1 0
route256/cart/internal/service/mocks/cart_repository_mock.go:303.84,305.5 1 0
route256/cart/internal/service/mocks/cart_repository_mock.go:307.9,307.65 1 0
route256/cart/internal/service/mocks/cart_repository_mock.go:307.65,309.4 1 0
route256/cart/internal/service/mocks/cart_repository_mock.go:311.3,312.24 2 0
route256/cart/internal/service/mocks/cart_repository_mock.go:312.24,314.4 1 0
route256/cart/internal/service/mocks/cart_repository_mock.go:315.3,315.27 1 0
route256/cart/internal/service/mocks/cart_repository_mock.go:317.2,317.54 1 0
route256/cart/internal/service/mocks/cart_repository_mock.go:317.54,319.3 1 0
route256/cart/internal/service/mocks/cart_repository_mock.go:320.2,321.8 2 0
route256/cart/internal/service/mocks/cart_repository_mock.go:325.87,327.2 1 0
route256/cart/internal/service/mocks/cart_repository_mock.go:330.88,332.2 1 0
route256/cart/internal/service/mocks/cart_repository_mock.go:336.119,345.2 5 0
route256/cart/internal/service/mocks/cart_repository_mock.go:349.67,350.38 1 0
route256/cart/internal/service/mocks/cart_repository_mock.go:350.38,353.3 1 0
route256/cart/internal/service/mocks/cart_repository_mock.go:355.2,355.57 1 0
route256/cart/internal/service/mocks/cart_repository_mock.go:355.57,356.43 1 0
route256/cart/internal/service/mocks/cart_repository_mock.go:356.43,358.4 1 0
route256/cart/internal/service/mocks/cart_repository_mock.go:361.2,361.50 1 0
route256/cart/internal/service/mocks/cart_repository_mock.go:365.65,366.57 1 0
route256/cart/internal/service/mocks/cart_repository_mock.go:366.57,367.43 1 0
route256/cart/internal/service/mocks/cart_repository_mock.go:367.43,369.4 1 0
route256/cart/internal/service/mocks/cart_repository_mock.go:372.2,374.92 2 0
route256/cart/internal/service/mocks/cart_repository_mock.go:374.92,375.63 1 0
route256/cart/internal/service/mocks/cart_repository_mock.go:375.63,377.4 1 0
route256/cart/internal/service/mocks/cart_repository_mock.go:377.9,379.4 1 0
route256/cart/internal/service/mocks/cart_repository_mock.go:382.2,382.73 1 0
route256/cart/internal/service/mocks/cart_repository_mock.go:382.73,384.3 1 0
route256/cart/internal/service/mocks/cart_repository_mock.go:386.2,386.85 1 0
route256/cart/internal/service/mocks/cart_repository_mock.go:386.85,389.3 1 0
route256/cart/internal/service/mocks/cart_repository_mock.go:435.103,438.2 2 0
route256/cart/internal/service/mocks/cart_repository_mock.go:441.134,442.51 1 0
route256/cart/internal/service/mocks/cart_repository_mock.go:442.51,444.3 1 0
route256/cart/internal/service/mocks/cart_repository_mock.go:446.2,446.47 1 0
route256/cart/internal/service/mocks/cart_repository_mock.go:446.47,448.3 1 0
route256/cart/internal/service/mocks/cart_repository_mock.go:450.2,450.57 1 0
route256/cart/internal/service/mocks/cart_repository_mock.go:450.57,452.3 1 0
route256/cart/internal/service/mocks/cart_repository_mock.go:454.2,455.49 2 0
route256/cart/internal/service/mocks/cart_repository_mock.go:455.49,456.74 1 0
route256/cart/internal/service/mocks/cart_repository_mock.go:456.74,458.4 1 0
route256/cart/internal/service/mocks/cart_repository_mock.go:461.2,461.24 1 0
route256/cart/internal/service/mocks/cart_repository_mock.go:465.129,466.51 1 0
route256/cart/internal/service/mocks/cart_repository_mock.go:466.51,468.3 1 0
route256/cart/internal/service/mocks/cart_repository_mock.go:470.2,470.47 1 0
route256/cart/internal/service/mocks/cart_repository_mock.go:470.47,472.3 1 0
route256/cart/internal/service/mocks/cart_repository_mock.go:474.2,474.54 1 0
route256/cart/internal/service/mocks/cart_repository_mock.go:474.54,476.3 1 0
route256/cart/internal/service/mocks/cart_repository_mock.go:478.2,478.57 1 0
route256/cart/internal/service/mocks/cart_repository_mock.go:478.57,480.3 1 0
route256/cart/internal/service/mocks/cart_repository_mock.go:481.2,483.24 2 0
route256/cart/internal/service/mocks/cart_repository_mock.go:487.125,488.51 1 0
route256/cart/internal/service/mocks/cart_repository_mock.go:488.51,490.3 1 0
route256/cart/internal/service/mocks/cart_repository_mock.go:492.2,492.47 1 0
route256/cart/internal/service/mocks/cart_repository_mock.go:492.47,494.3 1 0
route256/cart/internal/service/mocks/cart_repository_mock.go:496.2,496.54 1 0
route256/cart/internal/service/mocks/cart_repository_mock.go:496.54,498.3 1 0
route256/cart/internal/service/mocks/cart_repository_mock.go:500.2,500.57 1 0
route256/cart/internal/service/mocks/cart_repository_mock.go:500.57,502.3 1 0
route256/cart/internal/service/mocks/cart_repository_mock.go:503.2,505.24 2 0
route256/cart/internal/service/mocks/cart_repository_mock.go:509.143,510.58 1 0
route256/cart/internal/service/mocks/cart_repository_mock.go:510.58,512.3 1 0
route256/cart/internal/service/mocks/cart_repository_mock.go:514.2,516.24 2 0
route256/cart/internal/service/mocks/cart_repository_mock.go:520.96,521.51 1 0
route256/cart/internal/service/mocks/cart_repository_mock.go:521.51,523.3 1 0
route256/cart/internal/service/mocks/cart_repository_mock.go:525.2,525.47 1 0
route256/cart/internal/service/mocks/cart_repository_mock.go:525.47,527.3 1 0
route256/cart/internal/service/mocks/cart_repository_mock.go:528.2,529.29 2 0
route256/cart/internal/service/mocks/cart_repository_mock.go:533.137,534.47 1 0
route256/cart/internal/service/mocks/cart_repository_mock.go:534.47,536.3 1 0
route256/cart/internal/service/mocks/cart_repository_mock.go:538.2,538.43 1 0
route256/cart/internal/service/mocks/cart_repository_mock.go:538.43,540.3 1 0
route256/cart/internal/service/mocks/cart_repository_mock.go:542.2,543.29 2 0
route256/cart/internal/service/mocks/cart_repository_mock.go:548.142,549.51 1 0
route256/cart/internal/service/mocks/cart_repository_mock.go:549.51,551.3 1 0
route256/cart/internal/service/mocks/cart_repository_mock.go:553.2,558.20 3 0
route256/cart/internal/service/mocks/cart_repository_mock.go:562.90,565.2 2 0
route256/cart/internal/service/mocks/cart_repository_mock.go:568.108,569.12 1 0
route256/cart/internal/service/mocks/cart_repository_mock.go:569.12,571.3 1 0
route256/cart/internal/service/mocks/cart_repository_mock.go:572.2,573.24 2 0
route256/cart/internal/service/mocks/cart_repository_mock.go:576.81,577.138 1 0
route256/cart/internal/service/mocks/cart_repository_mock.go:577.138,579.3 1 0
route256/cart/internal/service/mocks/cart_repository_mock.go:581.2,584.102 3 0
route256/cart/internal/service/mocks/cart_repository_mock.go:588.105,592.53 3 0
route256/cart/internal/service/mocks/cart_repository_mock.go:592.53,594.3 1 0
route256/cart/internal/service/mocks/cart_repository_mock.go:596.2,603.67 5 0
route256/cart/internal/service/mocks/cart_repository_mock.go:603.67,604.43 1 0
route256/cart/internal/service/mocks/cart_repository_mock.go:604.43,607.4 2 0
route256/cart/internal/service/mocks/cart_repository_mock.go:610.2,610.65 1 0
route256/cart/internal/service/mocks/cart_repository_mock.go:610.65,617.26 5 0
route256/cart/internal/service/mocks/cart_repository_mock.go:617.26,619.81 1 0
route256/cart/internal/service/mocks/cart_repository_mock.go:619.81,621.5 1 0
route256/cart/internal/service/mocks/cart_repository_mock.go:623.4,623.90 1 0
route256/cart/internal/service/mocks/cart_repository_mock.go:623.90,625.5 1 0
route256/cart/internal/service/mocks/cart_repository_mock.go:627.9,627.65 1 0
route256/cart/internal/service/mocks/cart_repository_mock.go:627.65,629.4 1 0
route256/cart/internal/service/mocks/cart_repository_mock.go:631.3,632.24 2 0
route256/cart/internal/service/mocks/cart_repository_mock.go:632.24,634.4 1 0
route256/cart/internal/service/mocks/cart_repository_mock.go:635.3,635.27 1 0
route256/cart/internal/service/mocks/cart_repository_mock.go:637.2,637.46 1 0
route256/cart/internal/service/mocks/cart_repository_mock.go:637.46,639.3 1 0
route256/cart/internal/service/mocks/cart_repository_mock.go:640.2,641.8 2 0
route256/cart/internal/service/mocks/cart_repository_mock.go:645.79,647.2 1 0
route256/cart/internal/service/mocks/cart_repository_mock.go:650.80,652.2 1 0
route256/cart/internal/service/mocks/cart_repository_mock.go:656.107,665.2 5 0
route256/cart/internal/service/mocks/cart_repository_mock.go:669.63,670.34 1 0
route256/cart/internal/service/mocks/cart_repository_mock.go:670.34,673.3 1 0
route256/cart/internal/service/mocks/cart_repository_mock.go:675.2,675.53 1 0
route256/cart/internal/service/mocks/cart_repository_mock.go:675.53,676.43 1 0
route256/cart/internal/service/mocks/cart_repository_mock.go:676.43,678.4 1 0
route256/cart/internal/service/mocks/cart_repository_mock.go:681.2,681.46 1 0
route256/cart/internal/service/mocks/cart_repository_mock.go:685.61,686.53 1 0
route256/cart/internal/service/mocks/cart_repository_mock.go:686.53,687.43 1 0
route256/cart/internal/service/mocks/cart_repository_mock.go:687.43,689.4 1 0
route256/cart/internal/service/mocks/cart_repository_mock.go:692.2,694.84 2 0
route256/cart/internal/service/mocks/cart_repository_mock.go:694.84,695.59 1 0
route256/cart/internal/service/mocks/cart_repository_mock.go:695.59,697.4 1 0
route256/cart/internal/service/mocks/cart_repository_mock.go:697.9,699.4 1 0
route256/cart/internal/service/mocks/cart_repository_mock.go:702.2,702.65 1 0
route256/cart/internal/service/mocks/cart_repository_mock.go:702.65,704.3 1 0
route256/cart/internal/service/mocks/cart_repository_mock.go:706.2,706.77 1 0
route256/cart/internal/service/mocks/cart_repository_mock.go:706.77,709.3 1 0
route256/cart/internal/service/mocks/cart_repository_mock.go:757.130,760.2 2 0
route256/cart/internal/service/mocks/cart_repository_mock.go:763.174,764.69 1 0
route256/cart/internal/service/mocks/cart_repository_mock.go:764.69,766.3 1 0
route256/cart/internal/service/mocks/cart_repository_mock.go:768.2,768.56 1 0
route256/cart/internal/service/mocks/cart_repository_mock.go:768.56,770.3 1 0
route256/cart/internal/service/mocks/cart_repository_mock.go:772.2,772.66 1 0
route256/cart/internal/service/mocks/cart_repository_mock.go:772.66,774.3 1 0
route256/cart/internal/service/mocks/cart_repository_mock.go:776.2,777.58 2 0
route256/cart/internal/service/mocks/cart_repository_mock.go:777.58,778.83 1 0
route256/cart/internal/service/mocks/cart_repository_mock.go:778.83,780.4 1 0
route256/cart/internal/service/mocks/cart_repository_mock.go:783.2,783.33 1 0
route256/cart/internal/service/mocks/cart_repository_mock.go:787.156,788.69 1 0
route256/cart/internal/service/mocks/cart_repository_mock.go:788.69,790.3 1 0
route256/cart/internal/service/mocks/cart_repository_mock.go:792.2,792.56 1 0
route256/cart/internal/service/mocks/cart_repository_mock.go:792.56,794.3 1 0
route256/cart/internal/service/mocks/cart_repository_mock.go:796.2,796.63 1 0
route256/cart/internal/service/mocks/cart_repository_mock.go:796.63,798.3 1 0
route256/cart/internal/service/mocks/cart_repository_mock.go:800.2,800.66 1 0
route256/cart/internal/service/mocks/cart_repository_mock.go:800.66,802.3 1 0
route256/cart/internal/service/mocks/cart_repository_mock.go:803.2,805.33 2 0
route256/cart/internal/service/mocks/cart_repository_mock.go:809.152,810.69 1 0
route256/cart/internal/service/mocks/cart_repository_mock.go:810.69,812.3 1 0
route256/cart/internal/service/mocks/cart_repository_mock.go:814.2,814.56 1 0
route256/cart/internal/service/mocks/cart_repository_mock.go:814.56,816.3 1 0
route256/cart/internal/service/mocks/cart_repository_mock.go:818.2,818.63 1 0
route256/cart/internal/service/mocks/cart_repository_mock.go:818.63,820.3 1 0
route256/cart/internal/service/mocks/cart_repository_mock.go:822.2,822.66 1 0
route256/cart/internal/service/mocks/cart_repository_mock.go:822.66,824.3 1 0
route256/cart/internal/service/mocks/cart_repository_mock.go:825.2,827.33 2 0
route256/cart/internal/service/mocks/cart_repository_mock.go:831.150,832.69 1 0
route256/cart/internal/service/mocks/cart_repository_mock.go:832.69,834.3 1 0
route256/cart/internal/service/mocks/cart_repository_mock.go:836.2,836.56 1 0
route256/cart/internal/service/mocks/cart_repository_mock.go:836.56,838.3 1 0
route256/cart/internal/service/mocks/cart_repository_mock.go:840.2,840.63 1 0
route256/cart/internal/service/mocks/cart_repository_mock.go:840.63,842.3 1 0
route256/cart/internal/service/mocks/cart_repository_mock.go:844.2,844.66 1 0
route256/cart/internal/service/mocks/cart_repository_mock.go:844.66,846.3 1 0
route256/cart/internal/service/mocks/cart_repository_mock.go:847.2,849.33 2 0
route256/cart/internal/service/mocks/cart_repository_mock.go:853.183,854.76 1 0
route256/cart/internal/service/mocks/cart_repository_mock.go:854.76,856.3 1 0
route256/cart/internal/service/mocks/cart_repository_mock.go:858.2,860.33 2 0
route256/cart/internal/service/mocks/cart_repository_mock.go:864.114,865.69 1 0
route256/cart/internal/service/mocks/cart_repository_mock.go:865.69,867.3 1 0
route256/cart/internal/service/mocks/cart_repository_mock.go:869.2,869.56 1 0
route256/cart/internal/service/mocks/cart_repository_mock.go:869.56,871.3 1 0
route256/cart/internal/service/mocks/cart_repository_mock.go:872.2,873.38 2 0
route256/cart/internal/service/mocks/cart_repository_mock.go:877.168,878.56 1 0
route256/cart/internal/service/mocks/cart_repository_mock.go:878.56,880.3 1 0
route256/cart/internal/service/mocks/cart_repository_mock.go:882.2,882.52 1 0
route256/cart/internal/service/mocks/cart_repository_mock.go:882.52,884.3 1 0
route256/cart/internal/service/mocks/cart_repository_mock.go:886.2,887.38 2 0
route256/cart/internal/service/mocks/cart_repository_mock.go:892.182,893.69 1 0
route256/cart/internal/service/mocks/cart_repository_mock.go:893.69,895.3 1 0
route256/cart/internal/service/mocks/cart_repository_mock.go:897.2,902.20 3 0
route256/cart/internal/service/mocks/cart_repository_mock.go:906.99,909.2 2 0
route256/cart/internal/service/mocks/cart_repository_mock.go:912.135,913.12 1 0
route256/cart/internal/service/mocks/cart_repository_mock.go:913.12,915.3 1 0
route256/cart/internal/service/mocks/cart_repository_mock.go:916.2,917.33 2 0
route256/cart/internal/service/mocks/cart_repository_mock.go:920.99,921.174 1 0
route256/cart/internal/service/mocks/cart_repository_mock.go:921.174,923.3 1 0
route256/cart/internal/service/mocks/cart_repository_mock.go:925.2,928.102 3 0
route256/cart/internal/service/mocks/cart_repository_mock.go:932.136,936.71 3 0
route256/cart/internal/service/mocks/cart_repository_mock.go:936.71,938.3 1 0
route256/cart/internal/service/mocks/cart_repository_mock.go:940.2,947.85 5 0
route256/cart/internal/service/mocks/cart_repository_mock.go:947.85,948.43 1 0
route256/cart/internal/service/mocks/cart_repository_mock.go:948.43,951.4 2 0
route256/cart/internal/service/mocks/cart_repository_mock.go:954.2,954.83 1 0
route256/cart/internal/service/mocks/cart_repository_mock.go:954.83,961.26 5 0
route256/cart/internal/service/mocks/cart_repository_mock.go:961.26,963.81 1 0
route256/cart/internal/service/mocks/cart_repository_mock.go:963.81,965.5 1 0
route256/cart/internal/service/mocks/cart_repository_mock.go:967.4,967.90 1 0
route256/cart/internal/service/mocks/cart_repository_mock.go:967.90,969.5 1 0
route256/cart/internal/service/mocks/cart_repository_mock.go:971.4,971.87 1 0
route256/cart/internal/service/mocks/cart_repository_mock.go:971.87,973.5 1 0
route256/cart/internal/service/mocks/cart_repository_mock.go:975.9,975.65 1 0
route256/cart/internal/service/mocks/cart_repository_mock.go:975.65,977.4 1 0
route256/cart/internal/service/mocks/cart_repository_mock.go:979.3,980.24 2 0
route256/cart/internal/service/mocks/cart_repository_mock.go:980.24,982.4 1 0
route256/cart/internal/service/mocks/cart_repository_mock.go:983.3,983.27 1 0
route256/cart/internal/service/mocks/cart_repository_mock.go:985.2,985.64 1 0
route256/cart/internal/service/mocks/cart_repository_mock.go:985.64,987.3 1 0
route256/cart/internal/service/mocks/cart_repository_mock.go:988.2,989.8 2 0
route256/cart/internal/service/mocks/cart_repository_mock.go:993.97,995.2 1 0
route256/cart/internal/service/mocks/cart_repository_mock.go:998.98,1000.2 1 0
route256/cart/internal/service/mocks/cart_repository_mock.go:1004.134,1013.2 5 0
route256/cart/internal/service/mocks/cart_repository_mock.go:1017.72,1018.43 1 0
route256/cart/internal/service/mocks/cart_repository_mock.go:1018.43,1021.3 1 0
route256/cart/internal/service/mocks/cart_repository_mock.go:1023.2,1023.62 1 0
route256/cart/internal/service/mocks/cart_repository_mock.go:1023.62,1024.43 1 0
route256/cart/internal/service/mocks/cart_repository_mock.go:1024.43,1026.4 1 0
route256/cart/internal/service/mocks/cart_repository_mock.go:1029.2,1029.55 1 0
route256/cart/internal/service/mocks/cart_repository_mock.go:1033.70,1034.62 1 0
route256/cart/internal/service/mocks/cart_repository_mock.go:1034.62,1035.43 1 0
route256/cart/internal/service/mocks/cart_repository_mock.go:1035.43,1037.4 1 0
route256/cart/internal/service/mocks/cart_repository_mock.go:1040.2,1042.102 2 0
route256/cart/internal/service/mocks/cart_repository_mock.go:1042.102,1043.68 1 0
route256/cart/internal/service/mocks/cart_repository_mock.go:1043.68,1045.4 1 0
route256/cart/internal/service/mocks/cart_repository_mock.go:1045.9,1047.4 1 0
route256/cart/internal/service/mocks/cart_repository_mock.go:1050.2,1050.83 1 0
route256/cart/internal/service/mocks/cart_repository_mock.go:1050.83,1052.3 1 0
route256/cart/internal/service/mocks/cart_repository_mock.go:1054.2,1054.95 1 0
route256/cart/internal/service/mocks/cart_repository_mock.go:1054.95,1057.3 1 0
route256/cart/internal/service/mocks/cart_repository_mock.go:1104.100,1107.2 2 0
route256/cart/internal/service/mocks/cart_repository_mock.go:1110.131,1111.49 1 0
route256/cart/internal/service/mocks/cart_repository_mock.go:1111.49,1113.3 1 0
route256/cart/internal/service/mocks/cart_repository_mock.go:1115.2,1115.46 1 0
route256/cart/internal/service/mocks/cart_repository_mock.go:1115.46,1117.3 1 0
route256/cart/internal/service/mocks/cart_repository_mock.go:1119.2,1119.56 1 0
route256/cart/internal/service/mocks/cart_repository_mock.go:1119.56,1121.3 1 0
route256/cart/internal/service/mocks/cart_repository_mock.go:1123.2,1124.48 2 0
route256/cart/internal/service/mocks/cart_repository_mock.go:1124.48,1125.73 1 0
route256/cart/internal/service/mocks/cart_repository_mock.go:1125.73,1127.4 1 0
route256/cart/internal/service/mocks/cart_repository_mock.go:1130.2,1130.23 1 0
route256/cart/internal/service/mocks/cart_repository_mock.go:1134.126,1135.49 1 0
route256/cart/internal/service/mocks/cart_repository_mock.go:1135.49,1137.3 1 0
route256/cart/internal/service/mocks/cart_repository_mock.go:1139.2,1139.46 1 0
route256/cart/internal/service/mocks/cart_repository_mock.go:1139.46,1141.3 1 0
route256/cart/internal/service/mocks/cart_repository_mock.go:1143.2,1143.53 1 0
route256/cart/internal/service/mocks/cart_repository_mock.go:1143.53,1145.3 1 0
route256/cart/internal/service/mocks/cart_repository_mock.go:1147.2,1147.56 1 0
route256/cart/internal/service/mocks/cart_repository_mock.go:1147.56,1149.3 1 0
route256/cart/internal/service/mocks/cart_repository_mock.go:1150.2,1152.23 2 0
route256/cart/internal/service/mocks/cart_repository_mock.go:1156.122,1157.49 1 0
route256/cart/internal/service/mocks/cart_repository_mock.go:1157.49,1159.3 1 0
route256/cart/internal/service/mocks/cart_repository_mock.go:1161.2,1161.46 1 0
route256/cart/internal/service/mocks/cart_repository_mock.go:1161.46,1163.3 1 0
route256/cart/internal/service/mocks/cart_repository_mock.go:1165.2,1165.53 1 0
route256/cart/internal/service/mocks/cart_repository_mock.go:1165.53,1167.3 1 0
route256/cart/internal/service/mocks/cart_repository_mock.go:1169.2,1169.56 1 0
route256/cart/internal/service/mocks/cart_repository_mock.go:1169.56,1171.3 1 0
route256/cart/internal/service/mocks/cart_repository_mock.go:1172.2,1174.23 2 0
route256/cart/internal/service/mocks/cart_repository_mock.go:1178.140,1179.56 1 0
route256/cart/internal/service/mocks/cart_repository_mock.go:1179.56,1181.3 1 0
route256/cart/internal/service/mocks/cart_repository_mock.go:1183.2,1185.23 2 0
route256/cart/internal/service/mocks/cart_repository_mock.go:1189.117,1190.49 1 0
route256/cart/internal/service/mocks/cart_repository_mock.go:1190.49,1192.3 1 0
route256/cart/internal/service/mocks/cart_repository_mock.go:1194.2,1194.46 1 0
route256/cart/internal/service/mocks/cart_repository_mock.go:1194.46,1196.3 1 0
route256/cart/internal/service/mocks/cart_repository_mock.go:1197.2,1198.28 2 0
route256/cart/internal/service/mocks/cart_repository_mock.go:1202.158,1203.46 1 0
route256/cart/internal/service/mocks/cart_repository_mock.go:1203.46,1205.3 1 0
route256/cart/internal/service/mocks/cart_repository_mock.go:1207.2,1207.42 1 0
route256/cart/internal/service/mocks/cart_repository_mock.go:1207.42,1209.3 1 0
route256/cart/internal/service/mocks/cart_repository_mock.go:1211.2,1212.28 2 0
route256/cart/internal/service/mocks/cart_repository_mock.go:1217.139,1218.49 1 0
route256/cart/internal/service/mocks/cart_repository_mock.go:1218.49,1220.3 1 0
route256/cart/internal/service/mocks/cart_repository_mock.go:1222.2,1227.20 3 0
route256/cart/internal/service/mocks/cart_repository_mock.go:1231.112,1234.2 2 0
route256/cart/internal/service/mocks/cart_repository_mock.go:1237.105,1238.12 1 0
route256/cart/internal/service/mocks/cart_repository_mock.go:1238.12,1240.3 1 0
route256/cart/internal/service/mocks/cart_repository_mock.go:1241.2,1242.23 2 0
route256/cart/internal/service/mocks/cart_repository_mock.go:1245.79,1246.134 1 0
route256/cart/internal/service/mocks/cart_repository_mock.go:1246.134,1248.3 1 0
route256/cart/internal/service/mocks/cart_repository_mock.go:1250.2,1253.102 3 0
route256/cart/internal/service/mocks/cart_repository_mock.go:1257.126,1261.51 3 0
route256/cart/internal/service/mocks/cart_repository_mock.go:1261.51,1263.3 1 0
route256/cart/internal/service/mocks/cart_repository_mock.go:1265.2,1272.65 5 0
route256/cart/internal/service/mocks/cart_repository_mock.go:1272.65,1273.43 1 0
route256/cart/internal/service/mocks/cart_repository_mock.go:1273.43,1276.4 2 0
route256/cart/internal/service/mocks/cart_repository_mock.go:1279.2,1279.63 1 0
route256/cart/internal/service/mocks/cart_repository_mock.go:1279.63,1286.26 5 0
route256/cart/internal/service/mocks/cart_repository_mock.go:1286.26,1288.81 1 0
route256/cart/internal/service/mocks/cart_repository_mock.go:1288.81,1290.5 1 0
route256/cart/internal/service/mocks/cart_repository_mock.go:1292.4,1292.90 1 0
route256/cart/internal/service/mocks/cart_repository_mock.go:1292.90,1294.5 1 0
route256/cart/internal/service/mocks/cart_repository_mock.go:1296.9,1296.65 1 0
route256/cart/internal/service/mocks/cart_repository_mock.go:1296.65,1298.4 1 0
route256/cart/internal/service/mocks/cart_repository_mock.go:1300.3,1301.24 2 0
route256/cart/internal/service/mocks/cart_repository_mock.go:1301.24,1303.4 1 0
route256/cart/internal/service/mocks/cart_repository_mock.go:1304.3,1304.46 1 0
route256/cart/internal/service/mocks/cart_repository_mock.go:1306.2,1306.44 1 0
route256/cart/internal/service/mocks/cart_repository_mock.go:1306.44,1308.3 1 0
route256/cart/internal/service/mocks/cart_repository_mock.go:1309.2,1310.8 2 0
route256/cart/internal/service/mocks/cart_repository_mock.go:1314.77,1316.2 1 0
route256/cart/internal/service/mocks/cart_repository_mock.go:1319.78,1321.2 1 0
route256/cart/internal/service/mocks/cart_repository_mock.go:1325.104,1334.2 5 0
route256/cart/internal/service/mocks/cart_repository_mock.go:1338.62,1339.33 1 0
route256/cart/internal/service/mocks/cart_repository_mock.go:1339.33,1342.3 1 0
route256/cart/internal/service/mocks/cart_repository_mock.go:1344.2,1344.52 1 0
route256/cart/internal/service/mocks/cart_repository_mock.go:1344.52,1345.43 1 0
route256/cart/internal/service/mocks/cart_repository_mock.go:1345.43,1347.4 1 0
route256/cart/internal/service/mocks/cart_repository_mock.go:1350.2,1350.45 1 0
route256/cart/internal/service/mocks/cart_repository_mock.go:1354.60,1355.52 1 0
route256/cart/internal/service/mocks/cart_repository_mock.go:1355.52,1356.43 1 0
route256/cart/internal/service/mocks/cart_repository_mock.go:1356.43,1358.4 1 0
route256/cart/internal/service/mocks/cart_repository_mock.go:1361.2,1363.82 2 0
route256/cart/internal/service/mocks/cart_repository_mock.go:1363.82,1364.58 1 0
route256/cart/internal/service/mocks/cart_repository_mock.go:1364.58,1366.4 1 0
route256/cart/internal/service/mocks/cart_repository_mock.go:1366.9,1368.4 1 0
route256/cart/internal/service/mocks/cart_repository_mock.go:1371.2,1371.63 1 0
route256/cart/internal/service/mocks/cart_repository_mock.go:1371.63,1373.3 1 0
route256/cart/internal/service/mocks/cart_repository_mock.go:1375.2,1375.75 1 0
route256/cart/internal/service/mocks/cart_repository_mock.go:1375.75,1378.3 1 0
route256/cart/internal/service/mocks/cart_repository_mock.go:1382.47,1383.25 1 0
route256/cart/internal/service/mocks/cart_repository_mock.go:1383.25,1384.24 1 0
route256/cart/internal/service/mocks/cart_repository_mock.go:1384.24,1392.4 4 0
route256/cart/internal/service/mocks/cart_repository_mock.go:1397.69,1399.6 2 0
route256/cart/internal/service/mocks/cart_repository_mock.go:1399.6,1400.23 1 0
route256/cart/internal/service/mocks/cart_repository_mock.go:1400.23,1402.4 1 0
route256/cart/internal/service/mocks/cart_repository_mock.go:1403.3,1403.10 1 0
route256/cart/internal/service/mocks/cart_repository_mock.go:1404.20,1406.10 2 0
route256/cart/internal/service/mocks/cart_repository_mock.go:1407.50,1407.50 0 0
route256/cart/internal/service/mocks/cart_repository_mock.go:1412.50,1419.2 2 0
route256/cart/internal/service/mocks/loms_client_mock.go:36.59,39.55 2 0
route256/cart/internal/service/mocks/loms_client_mock.go:39.55,41.3 1 0
route256/cart/internal/service/mocks/loms_client_mock.go:43.2,51.10 6 0
route256/cart/internal/service/mocks/loms_client_mock.go:100.89,103.2 2 0
route256/cart/internal/service/mocks/loms_client_mock.go:106.144,107.47 1 0
route256/cart/internal/service/mocks/loms_client_mock.go:107.47,109.3 1 0
route256/cart/internal/service/mocks/loms_client_mock.go:111.2,111.45 1 0
route256/cart/internal/service/mocks/loms_client_mock.go:111.45,113.3 1 0
route256/cart/internal/service/mocks/loms_client_mock.go:115.2,115.55 1 0
route256/cart/internal/service/mocks/loms_client_mock.go:115.55,117.3 1 0
route256/cart/internal/service/mocks/loms_client_mock.go:119.2,120.47 2 0
route256/cart/internal/service/mocks/loms_client_mock.go:120.47,121.72 1 0
route256/cart/internal/service/mocks/loms_client_mock.go:121.72,123.4 1 0
route256/cart/internal/service/mocks/loms_client_mock.go:126.2,126.22 1 0
route256/cart/internal/service/mocks/loms_client_mock.go:130.115,131.47 1 0
route256/cart/internal/service/mocks/loms_client_mock.go:131.47,133.3 1 0
route256/cart/internal/service/mocks/loms_client_mock.go:135.2,135.45 1 0
route256/cart/internal/service/mocks/loms_client_mock.go:135.45,137.3 1 0
route256/cart/internal/service/mocks/loms_client_mock.go:139.2,139.52 1 0
route256/cart/internal/service/mocks/loms_client_mock.go:139.52,141.3 1 0
route256/cart/internal/service/mocks/loms_client_mock.go:143.2,143.55 1 0
route256/cart/internal/service/mocks/loms_client_mock.go:143.55,145.3 1 0
route256/cart/internal/service/mocks/loms_client_mock.go:146.2,148.22 2 0
route256/cart/internal/service/mocks/loms_client_mock.go:152.111,153.47 1 0
route256/cart/internal/service/mocks/loms_client_mock.go:153.47,155.3 1 0
route256/cart/internal/service/mocks/loms_client_mock.go:157.2,157.45 1 0
route256/cart/internal/service/mocks/loms_client_mock.go:157.45,159.3 1 0
route256/cart/internal/service/mocks/loms_client_mock.go:161.2,161.52 1 0
route256/cart/internal/service/mocks/loms_client_mock.go:161.52,163.3 1 0
route256/cart/internal/service/mocks/loms_client_mock.go:165.2,165.55 1 0
route256/cart/internal/service/mocks/loms_client_mock.go:165.55,167.3 1 0
route256/cart/internal/service/mocks/loms_client_mock.go:168.2,170.22 2 0
route256/cart/internal/service/mocks/loms_client_mock.go:174.120,175.47 1 0
route256/cart/internal/service/mocks/loms_client_mock.go:175.47,177.3 1 0
route256/cart/internal/service/mocks/loms_client_mock.go:179.2,179.45 1 0
route256/cart/internal/service/mocks/loms_client_mock.go:179.45,181.3 1 0
route256/cart/internal/service/mocks/loms_client_mock.go:183.2,183.52 1 0
route256/cart/internal/service/mocks/loms_client_mock.go:183.52,185.3 1 0
route256/cart/internal/service/mocks/loms_client_mock.go:187.2,187.55 1 0
route256/cart/internal/service/mocks/loms_client_mock.go:187.55,189.3 1 0
route256/cart/internal/service/mocks/loms_client_mock.go:190.2,192.22 2 0
route256/cart/internal/service/mocks/loms_client_mock.go:196.153,197.54 1 0
route256/cart/internal/service/mocks/loms_client_mock.go:197.54,199.3 1 0
route256/cart/internal/service/mocks/loms_client_mock.go:201.2,203.22 2 0
route256/cart/internal/service/mocks/loms_client_mock.go:207.94,208.47 1 0
route256/cart/internal/service/mocks/loms_client_mock.go:208.47,210.3 1 0
route256/cart/internal/service/mocks/loms_client_mock.go:212.2,212.45 1 0
route256/cart/internal/service/mocks/loms_client_mock.go:212.45,214.3 1 0
route256/cart/internal/service/mocks/loms_client_mock.go:215.2,216.27 2 0
route256/cart/internal/service/mocks/loms_client_mock.go:220.159,221.45 1 0
route256/cart/internal/service/mocks/loms_client_mock.go:221.45,223.3 1 0
route256/cart/internal/service/mocks/loms_client_mock.go:225.2,225.41 1 0
route256/cart/internal/service/mocks/loms_client_mock.go:225.41,227.3 1 0
route256/cart/internal/service/mocks/loms_client_mock.go:229.2,230.27 2 0
route256/cart/internal/service/mocks/loms_client_mock.go:235.152,236.47 1 0
route256/cart/internal/service/mocks/loms_client_mock.go:236.47,238.3 1 0
route256/cart/internal/service/mocks/loms_client_mock.go:240.2,245.20 3 0
route256/cart/internal/service/mocks/loms_client_mock.go:249.90,252.2 2 0
route256/cart/internal/service/mocks/loms_client_mock.go:255.94,256.12 1 0
route256/cart/internal/service/mocks/loms_client_mock.go:256.12,258.3 1 0
route256/cart/internal/service/mocks/loms_client_mock.go:259.2,260.22 2 0
route256/cart/internal/service/mocks/loms_client_mock.go:263.73,264.130 1 0
route256/cart/internal/service/mocks/loms_client_mock.go:264.130,266.3 1 0
route256/cart/internal/service/mocks/loms_client_mock.go:268.2,271.102 3 0
route256/cart/internal/service/mocks/loms_client_mock.go:275.131,279.49 3 0
route256/cart/internal/service/mocks/loms_client_mock.go:279.49,281.3 1 0
route256/cart/internal/service/mocks/loms_client_mock.go:283.2,290.63 5 0
route256/cart/internal/service/mocks/loms_client_mock.go:290.63,291.43 1 0
route256/cart/internal/service/mocks/loms_client_mock.go:291.43,294.4 2 0
route256/cart/internal/service/mocks/loms_client_mock.go:297.2,297.61 1 0
route256/cart/internal/service/mocks/loms_client_mock.go:297.61,304.26 5 0
route256/cart/internal/service/mocks/loms_client_mock.go:304.26,306.81 1 0
route256/cart/internal/service/mocks/loms_client_mock.go:306.81,308.5 1 0
route256/cart/internal/service/mocks/loms_client_mock.go:310.4,310.90 1 0
route256/cart/internal/service/mocks/loms_client_mock.go:310.90,312.5 1 0
route256/cart/internal/service/mocks/loms_client_mock.go:314.4,314.87 1 0
route256/cart/internal/service/mocks/loms_client_mock.go:314.87,316.5 1 0
route256/cart/internal/service/mocks/loms_client_mock.go:318.9,318.65 1 0
route256/cart/internal/service/mocks/loms_client_mock.go:318.65,320.4 1 0
route256/cart/internal/service/mocks/loms_client_mock.go:322.3,323.24 2 0
route256/cart/internal/service/mocks/loms_client_mock.go:323.24,325.4 1 0
route256/cart/internal/service/mocks/loms_client_mock.go:326.3,326.45 1 0
route256/cart/internal/service/mocks/loms_client_mock.go:328.2,328.42 1 0
route256/cart/internal/service/mocks/loms_client_mock.go:328.42,330.3 1 0
route256/cart/internal/service/mocks/loms_client_mock.go:331.2,332.8 2 0
route256/cart/internal/service/mocks/loms_client_mock.go:336.71,338.2 1 0
route256/cart/internal/service/mocks/loms_client_mock.go:341.72,343.2 1 0
route256/cart/internal/service/mocks/loms_client_mock.go:347.93,356.2 5 0
route256/cart/internal/service/mocks/loms_client_mock.go:360.57,361.32 1 0
route256/cart/internal/service/mocks/loms_client_mock.go:361.32,364.3 1 0
route256/cart/internal/service/mocks/loms_client_mock.go:366.2,366.51 1 0
route256/cart/internal/service/mocks/loms_client_mock.go:366.51,367.43 1 0
route256/cart/internal/service/mocks/loms_client_mock.go:367.43,369.4 1 0
route256/cart/internal/service/mocks/loms_client_mock.go:372.2,372.44 1 0
route256/cart/internal/service/mocks/loms_client_mock.go:376.55,377.51 1 0
route256/cart/internal/service/mocks/loms_client_mock.go:377.51,378.43 1 0
route256/cart/internal/service/mocks/loms_client_mock.go:378.43,380.4 1 0
route256/cart/internal/service/mocks/loms_client_mock.go:383.2,385.80 2 0
route256/cart/internal/service/mocks/loms_client_mock.go:385.80,386.57 1 0
route256/cart/internal/service/mocks/loms_client_mock.go:386.57,388.4 1 0
route256/cart/internal/service/mocks/loms_client_mock.go:388.9,390.4 1 0
route256/cart/internal/service/mocks/loms_client_mock.go:393.2,393.61 1 0
route256/cart/internal/service/mocks/loms_client_mock.go:393.61,395.3 1 0
route256/cart/internal/service/mocks/loms_client_mock.go:397.2,397.73 1 0
route256/cart/internal/service/mocks/loms_client_mock.go:397.73,400.3 1 0
route256/cart/internal/service/mocks/loms_client_mock.go:447.92,450.2 2 0
route256/cart/internal/service/mocks/loms_client_mock.go:453.121,454.49 1 0
route256/cart/internal/service/mocks/loms_client_mock.go:454.49,456.3 1 0
route256/cart/internal/service/mocks/loms_client_mock.go:458.2,458.46 1 0
route256/cart/internal/service/mocks/loms_client_mock.go:458.46,460.3 1 0
route256/cart/internal/service/mocks/loms_client_mock.go:462.2,462.56 1 0
route256/cart/internal/service/mocks/loms_client_mock.go:462.56,464.3 1 0
route256/cart/internal/service/mocks/loms_client_mock.go:466.2,467.48 2 0
route256/cart/internal/service/mocks/loms_client_mock.go:467.48,468.73 1 0
route256/cart/internal/service/mocks/loms_client_mock.go:468.73,470.4 1 0
route256/cart/internal/service/mocks/loms_client_mock.go:473.2,473.23 1 0
route256/cart/internal/service/mocks/loms_client_mock.go:477.118,478.49 1 0
route256/cart/internal/service/mocks/loms_client_mock.go:478.49,480.3 1 0
route256/cart/internal/service/mocks/loms_client_mock.go:482.2,482.46 1 0
route256/cart/internal/service/mocks/loms_client_mock.go:482.46,484.3 1 0
route256/cart/internal/service/mocks/loms_client_mock.go:486.2,486.53 1 0
route256/cart/internal/service/mocks/loms_client_mock.go:486.53,488.3 1 0
route256/cart/internal/service/mocks/loms_client_mock.go:490.2,490.56 1 0
route256/cart/internal/service/mocks/loms_client_mock.go:490.56,492.3 1 0
route256/cart/internal/service/mocks/loms_client_mock.go:493.2,495.23 2 0
route256/cart/internal/service/mocks/loms_client_mock.go:499.109,500.49 1 0
route256/cart/internal/service/mocks/loms_client_mock.go:500.49,502.3 1 0
route256/cart/internal/service/mocks/loms_client_mock.go:504.2,504.46 1 0
route256/cart/internal/service/mocks/loms_client_mock.go:504.46,506.3 1 0
route256/cart/internal/service/mocks/loms_client_mock.go:508.2,508.53 1 0
route256/cart/internal/service/mocks/loms_client_mock.go:508.53,510.3 1 0
route256/cart/internal/service/mocks/loms_client_mock.go:512.2,512.56 1 0
route256/cart/internal/service/mocks/loms_client_mock.go:512.56,514.3 1 0
route256/cart/internal/service/mocks/loms_client_mock.go:515.2,517.23 2 0
route256/cart/internal/service/mocks/loms_client_mock.go:521.130,522.56 1 0
route256/cart/internal/service/mocks/loms_client_mock.go:522.56,524.3 1 0
route256/cart/internal/service/mocks/loms_client_mock.go:526.2,528.23 2 0
route256/cart/internal/service/mocks/loms_client_mock.go:532.97,533.49 1 0
route256/cart/internal/service/mocks/loms_client_mock.go:533.49,535.3 1 0
route256/cart/internal/service/mocks/loms_client_mock.go:537.2,537.46 1 0
route256/cart/internal/service/mocks/loms_client_mock.go:537.46,539.3 1 0
route256/cart/internal/service/mocks/loms_client_mock.go:540.2,541.28 2 0
route256/cart/internal/service/mocks/loms_client_mock.go:545.136,546.46 1 0
route256/cart/internal/service/mocks/loms_client_mock.go:546.46,548.3 1 0
route256/cart/internal/service/mocks/loms_client_mock.go:550.2,550.42 1 0
route256/cart/internal/service/mocks/loms_client_mock.go:550.42,552.3 1 0
route256/cart/internal/service/mocks/loms_client_mock.go:554.2,555.28 2 0
route256/cart/internal/service/mocks/loms_client_mock.go:560.129,561.49 1 0
route256/cart/internal/service/mocks/loms_client_mock.go:561.49,563.3 1 0
route256/cart/internal/service/mocks/loms_client_mock.go:565.2,570.20 3 0
route256/cart/internal/service/mocks/loms_client_mock.go:574.92,577.2 2 0
route256/cart/internal/service/mocks/loms_client_mock.go:580.97,581.12 1 0
route256/cart/internal/service/mocks/loms_client_mock.go:581.12,583.3 1 0
route256/cart/internal/service/mocks/loms_client_mock.go:584.2,585.23 2 0
route256/cart/internal/service/mocks/loms_client_mock.go:588.75,589.134 1 0
route256/cart/internal/service/mocks/loms_client_mock.go:589.134,591.3 1 0
route256/cart/internal/service/mocks/loms_client_mock.go:593.2,596.102 3 0
route256/cart/internal/service/mocks/loms_client_mock.go:600.108,604.51 3 0
route256/cart/internal/service/mocks/loms_client_mock.go:604.51,606.3 1 0
route256/cart/internal/service/mocks/loms_client_mock.go:608.2,615.65 5 0
route256/cart/internal/service/mocks/loms_client_mock.go:615.65,616.43 1 0
route256/cart/internal/service/mocks/loms_client_mock.go:616.43,619.4 2 0
route256/cart/internal/service/mocks/loms_client_mock.go:622.2,622.63 1 0
route256/cart/internal/service/mocks/loms_client_mock.go:622.63,629.26 5 0
route256/cart/internal/service/mocks/loms_client_mock.go:629.26,631.81 1 0
route256/cart/internal/service/mocks/loms_client_mock.go:631.81,633.5 1 0
route256/cart/internal/service/mocks/loms_client_mock.go:635.4,635.81 1 0
route256/cart/internal/service/mocks/loms_client_mock.go:635.81,637.5 1 0
route256/cart/internal/service/mocks/loms_client_mock.go:639.9,639.65 1 0
route256/cart/internal/service/mocks/loms_client_mock.go:639.65,641.4 1 0
route256/cart/internal/service/mocks/loms_client_mock.go:643.3,644.24 2 0
route256/cart/internal/service/mocks/loms_client_mock.go:644.24,646.4 1 0
route256/cart/internal/service/mocks/loms_client_mock.go:647.3,647.45 1 0
route256/cart/internal/service/mocks/loms_client_mock.go:649.2,649.44 1 0
route256/cart/internal/service/mocks/loms_client_mock.go:649.44,651.3 1 0
route256/cart/internal/service/mocks/loms_client_mock.go:652.2,653.8 2 0
route256/cart/internal/service/mocks/loms_client_mock.go:657.73,659.2 1 0
route256/cart/internal/service/mocks/loms_client_mock.go:662.74,664.2 1 0
route256/cart/internal/service/mocks/loms_client_mock.go:668.96,677.2 5 0
route256/cart/internal/service/mocks/loms_client_mock.go:681.58,682.33 1 0
route256/cart/internal/service/mocks/loms_client_mock.go:682.33,685.3 1 0
route256/cart/internal/service/mocks/loms_client_mock.go:687.2,687.52 1 0
route256/cart/internal/service/mocks/loms_client_mock.go:687.52,688.43 1 0
route256/cart/internal/service/mocks/loms_client_mock.go:688.43,690.4 1 0
route256/cart/internal/service/mocks/loms_client_mock.go:693.2,693.45 1 0
route256/cart/internal/service/mocks/loms_client_mock.go:697.56,698.52 1 0
route256/cart/internal/service/mocks/loms_client_mock.go:698.52,699.43 1 0
route256/cart/internal/service/mocks/loms_client_mock.go:699.43,701.4 1 0
route256/cart/internal/service/mocks/loms_client_mock.go:704.2,706.82 2 0
route256/cart/internal/service/mocks/loms_client_mock.go:706.82,707.58 1 0
route256/cart/internal/service/mocks/loms_client_mock.go:707.58,709.4 1 0
route256/cart/internal/service/mocks/loms_client_mock.go:709.9,711.4 1 0
route256/cart/internal/service/mocks/loms_client_mock.go:714.2,714.63 1 0
route256/cart/internal/service/mocks/loms_client_mock.go:714.63,716.3 1 0
route256/cart/internal/service/mocks/loms_client_mock.go:718.2,718.75 1 0
route256/cart/internal/service/mocks/loms_client_mock.go:718.75,721.3 1 0
route256/cart/internal/service/mocks/loms_client_mock.go:725.43,726.25 1 0
route256/cart/internal/service/mocks/loms_client_mock.go:726.25,727.24 1 0
route256/cart/internal/service/mocks/loms_client_mock.go:727.24,731.4 2 0
route256/cart/internal/service/mocks/loms_client_mock.go:736.65,738.6 2 0
route256/cart/internal/service/mocks/loms_client_mock.go:738.6,739.23 1 0
route256/cart/internal/service/mocks/loms_client_mock.go:739.23,741.4 1 0
route256/cart/internal/service/mocks/loms_client_mock.go:742.3,742.10 1 0
route256/cart/internal/service/mocks/loms_client_mock.go:743.20,745.10 2 0
route256/cart/internal/service/mocks/loms_client_mock.go:746.50,746.50 0 0
route256/cart/internal/service/mocks/loms_client_mock.go:751.46,756.2 2 0
route256/cart/internal/service/mocks/product_client_mock.go:30.65,33.55 2 0
route256/cart/internal/service/mocks/product_client_mock.go:33.55,35.3 1 0
route256/cart/internal/service/mocks/product_client_mock.go:37.2,42.10 4 0
route256/cart/internal/service/mocks/product_client_mock.go:89.92,92.2 2 0
route256/cart/internal/service/mocks/product_client_mock.go:95.123,96.45 1 0
route256/cart/internal/service/mocks/product_client_mock.go:96.45,98.3 1 0
route256/cart/internal/service/mocks/product_client_mock.go:100.2,100.44 1 0
route256/cart/internal/service/mocks/product_client_mock.go:100.44,102.3 1 0
route256/cart/internal/service/mocks/product_client_mock.go:104.2,104.54 1 0
route256/cart/internal/service/mocks/product_client_mock.go:104.54,106.3 1 0
route256/cart/internal/service/mocks/product_client_mock.go:108.2,109.46 2 0
route256/cart/internal/service/mocks/product_client_mock.go:109.46,110.71 1 0
route256/cart/internal/service/mocks/product_client_mock.go:110.71,112.4 1 0
route256/cart/internal/service/mocks/product_client_mock.go:115.2,115.21 1 0
route256/cart/internal/service/mocks/product_client_mock.go:119.118,120.45 1 0
route256/cart/internal/service/mocks/product_client_mock.go:120.45,122.3 1 0
route256/cart/internal/service/mocks/product_client_mock.go:124.2,124.44 1 0
route256/cart/internal/service/mocks/product_client_mock.go:124.44,126.3 1 0
route256/cart/internal/service/mocks/product_client_mock.go:128.2,128.51 1 0
route256/cart/internal/service/mocks/product_client_mock.go:128.51,130.3 1 0
route256/cart/internal/service/mocks/product_client_mock.go:132.2,132.54 1 0
route256/cart/internal/service/mocks/product_client_mock.go:132.54,134.3 1 0
route256/cart/internal/service/mocks/product_client_mock.go:135.2,137.21 2 0
route256/cart/internal/service/mocks/product_client_mock.go:141.113,142.45 1 0
route256/cart/internal/service/mocks/product_client_mock.go:142.45,144.3 1 0
route256/cart/internal/service/mocks/product_client_mock.go:146.2,146.44 1 0
route256/cart/internal/service/mocks/product_client_mock.go:146.44,148.3 1 0
route256/cart/internal/service/mocks/product_client_mock.go:150.2,150.51 1 0
route256/cart/internal/service/mocks/product_client_mock.go:150.51,152.3 1 0
route256/cart/internal/service/mocks/product_client_mock.go:154.2,154.54 1 0
route256/cart/internal/service/mocks/product_client_mock.go:154.54,156.3 1 0
route256/cart/internal/service/mocks/product_client_mock.go:157.2,159.21 2 0
route256/cart/internal/service/mocks/product_client_mock.go:163.132,164.52 1 0
route256/cart/internal/service/mocks/product_client_mock.go:164.52,166.3 1 0
route256/cart/internal/service/mocks/product_client_mock.go:168.2,170.21 2 0
route256/cart/internal/service/mocks/product_client_mock.go:174.110,175.45 1 0
route256/cart/internal/service/mocks/product_client_mock.go:175.45,177.3 1 0
route256/cart/internal/service/mocks/product_client_mock.go:179.2,179.44 1 0
route256/cart/internal/service/mocks/product_client_mock.go:179.44,181.3 1 0
route256/cart/internal/service/mocks/product_client_mock.go:182.2,183.26 2 0
route256/cart/internal/service/mocks/product_client_mock.go:187.151,188.44 1 0
route256/cart/internal/service/mocks/product_client_mock.go:188.44,190.3 1 0
route256/cart/internal/service/mocks/product_client_mock.go:192.2,192.40 1 0
route256/cart/internal/service/mocks/product_client_mock.go:192.40,194.3 1 0
route256/cart/internal/service/mocks/product_client_mock.go:196.2,197.26 2 0
route256/cart/internal/service/mocks/product_client_mock.go:202.131,203.45 1 0
route256/cart/internal/service/mocks/product_client_mock.go:203.45,205.3 1 0
route256/cart/internal/service/mocks/product_client_mock.go:207.2,212.20 3 0
route256/cart/internal/service/mocks/product_client_mock.go:216.107,219.2 2 0
route256/cart/internal/service/mocks/product_client_mock.go:222.97,223.12 1 0
route256/cart/internal/service/mocks/product_client_mock.go:223.12,225.3 1 0
route256/cart/internal/service/mocks/product_client_mock.go:226.2,227.21 2 0
route256/cart/internal/service/mocks/product_client_mock.go:230.74,231.126 1 0
route256/cart/internal/service/mocks/product_client_mock.go:231.126,233.3 1 0
route256/cart/internal/service/mocks/product_client_mock.go:235.2,238.102 3 0
route256/cart/internal/service/mocks/product_client_mock.go:242.120,246.47 3 0
route256/cart/internal/service/mocks/product_client_mock.go:246.47,248.3 1 0
route256/cart/internal/service/mocks/product_client_mock.go:250.2,257.61 5 0
route256/cart/internal/service/mocks/product_client_mock.go:257.61,258.43 1 0
route256/cart/internal/service/mocks/product_client_mock.go:258.43,261.4 2 0
route256/cart/internal/service/mocks/product_client_mock.go:264.2,264.59 1 0
route256/cart/internal/service/mocks/product_client_mock.go:264.59,271.26 5 0
route256/cart/internal/service/mocks/product_client_mock.go:271.26,273.81 1 0
route256/cart/internal/service/mocks/product_client_mock.go:273.81,275.5 1 0
route256/cart/internal/service/mocks/product_client_mock.go:277.4,277.87 1 0
route256/cart/internal/service/mocks/product_client_mock.go:277.87,279.5 1 0
route256/cart/internal/service/mocks/product_client_mock.go:281.9,281.65 1 0
route256/cart/internal/service/mocks/product_client_mock.go:281.65,283.4 1 0
route256/cart/internal/service/mocks/product_client_mock.go:285.3,286.24 2 0
route256/cart/internal/service/mocks/product_client_mock.go:286.24,288.4 1 0
route256/cart/internal/service/mocks/product_client_mock.go:289.3,289.46 1 0
route256/cart/internal/service/mocks/product_client_mock.go:291.2,291.40 1 0
route256/cart/internal/service/mocks/product_client_mock.go:291.40,293.3 1 0
route256/cart/internal/service/mocks/product_client_mock.go:294.2,295.8 2 0
route256/cart/internal/service/mocks/product_client_mock.go:299.72,301.2 1 0
route256/cart/internal/service/mocks/product_client_mock.go:304.73,306.2 1 0
route256/cart/internal/service/mocks/product_client_mock.go:310.96,319.2 5 0
route256/cart/internal/service/mocks/product_client_mock.go:323.59,324.31 1 0
route256/cart/internal/service/mocks/product_client_mock.go:324.31,327.3 1 0
route256/cart/internal/service/mocks/product_client_mock.go:329.2,329.50 1 0
route256/cart/internal/service/mocks/product_client_mock.go:329.50,330.43 1 0
route256/cart/internal/service/mocks/product_client_mock.go:330.43,332.4 1 0
route256/cart/internal/service/mocks/product_client_mock.go:335.2,335.43 1 0
route256/cart/internal/service/mocks/product_client_mock.go:339.57,340.50 1 0
route256/cart/internal/service/mocks/product_client_mock.go:340.50,341.43 1 0
route256/cart/internal/service/mocks/product_client_mock.go:341.43,343.4 1 0
route256/cart/internal/service/mocks/product_client_mock.go:346.2,348.78 2 0
route256/cart/internal/service/mocks/product_client_mock.go:348.78,349.56 1 0
route256/cart/internal/service/mocks/product_client_mock.go:349.56,351.4 1 0
route256/cart/internal/service/mocks/product_client_mock.go:351.9,353.4 1 0
route256/cart/internal/service/mocks/product_client_mock.go:356.2,356.59 1 0
route256/cart/internal/service/mocks/product_client_mock.go:356.59,358.3 1 0
route256/cart/internal/service/mocks/product_client_mock.go:360.2,360.71 1 0
route256/cart/internal/service/mocks/product_client_mock.go:360.71,363.3 1 0
route256/cart/internal/service/mocks/product_client_mock.go:367.46,368.25 1 0
route256/cart/internal/service/mocks/product_client_mock.go:368.25,369.24 1 0
route256/cart/internal/service/mocks/product_client_mock.go:369.24,371.4 1 0
route256/cart/internal/service/mocks/product_client_mock.go:376.68,378.6 2 0
route256/cart/internal/service/mocks/product_client_mock.go:378.6,379.23 1 0
route256/cart/internal/service/mocks/product_client_mock.go:379.23,381.4 1 0
route256/cart/internal/service/mocks/product_client_mock.go:382.3,382.10 1 0
route256/cart/internal/service/mocks/product_client_mock.go:383.20,385.10 2 0
route256/cart/internal/service/mocks/product_client_mock.go:386.50,386.50 0 0
route256/cart/internal/service/mocks/product_client_mock.go:391.49,395.2 2 0
route256/cart/pkg/errgroup/errgroup.go:14.33,18.2 1 0
route256/cart/pkg/errgroup/errgroup.go:20.24,23.2 2 0
route256/cart/pkg/errgroup/errgroup.go:25.36,28.12 3 0
route256/cart/pkg/errgroup/errgroup.go:28.12,30.29 2 0
route256/cart/pkg/errgroup/errgroup.go:30.29,31.24 1 0
route256/cart/pkg/errgroup/errgroup.go:31.24,33.5 1 0
route256/cart/pkg/errgroup/errgroup.go:38.30,42.2 2 0
route256/cart/proto/loms.pb.go:35.38,37.29 2 0
route256/cart/proto/loms.pb.go:37.29,41.3 3 0
route256/cart/proto/loms.pb.go:44.46,46.2 1 0
route256/cart/proto/loms.pb.go:48.44,48.45 0 0
route256/cart/proto/loms.pb.go:50.66,52.41 2 0
route256/cart/proto/loms.pb.go:52.41,54.34 2 0
route256/cart/proto/loms.pb.go:54.34,56.4 1 0
route256/cart/proto/loms.pb.go:57.3,57.12 1 0
route256/cart/proto/loms.pb.go:59.2,59.24 1 0
route256/cart/proto/loms.pb.go:63.57,65.2 1 0
route256/cart/proto/loms.pb.go:67.46,68.14 1 0
route256/cart/proto/loms.pb.go:68.14,70.3 1 0
route256/cart/proto/loms.pb.go:71.2,71.10 1 0
route256/cart/proto/loms.pb.go:74.54,75.14 1 0
route256/cart/proto/loms.pb.go:75.14,77.3 1 0
route256/cart/proto/loms.pb.go:78.2,78.12 1 0
route256/cart/proto/loms.pb.go:89.39,91.29 2 0
route256/cart/proto/loms.pb.go:91.29,95.3 3 0
route256/cart/proto/loms.pb.go:98.47,100.2 1 0
route256/cart/proto/loms.pb.go:102.45,102.46 0 0
route256/cart/proto/loms.pb.go:104.67,106.41 2 0
route256/cart/proto/loms.pb.go:106.41,108.34 2 0
route256/cart/proto/loms.pb.go:108.34,110.4 1 0
route256/cart/proto/loms.pb.go:111.3,111.12 1 0
route256/cart/proto/loms.pb.go:113.2,113.24 1 0
route256/cart/proto/loms.pb.go:117.58,119.2 1 0
route256/cart/proto/loms.pb.go:121.50,122.14 1 0
route256/cart/proto/loms.pb.go:122.14,124.3 1 0
route256/cart/proto/loms.pb.go:125.2,125.10 1 0
route256/cart/proto/loms.pb.go:136.36,138.29 2 0
route256/cart/proto/loms.pb.go:138.29,142.3 3 0
route256/cart/proto/loms.pb.go:145.44,147.2 1 0
route256/cart/proto/loms.pb.go:149.42,149.43 0 0
route256/cart/proto/loms.pb.go:151.64,153.41 2 0
route256/cart/proto/loms.pb.go:153.41,155.34 2 0
route256/cart/proto/loms.pb.go:155.34,157.4 1 0
route256/cart/proto/loms.pb.go:158.3,158.12 1 0
route256/cart/proto/loms.pb.go:160.2,160.24 1 0
route256/cart/proto/loms.pb.go:164.55,166.2 1 0
route256/cart/proto/loms.pb.go:168.47,169.14 1 0
route256/cart/proto/loms.pb.go:169.14,171.3 1 0
route256/cart/proto/loms.pb.go:172.2,172.10 1 0
route256/cart/proto/loms.pb.go:185.37,187.29 2 0
route256/cart/proto/loms.pb.go:187.29,191.3 3 0
route256/cart/proto/loms.pb.go:194.45,196.2 1 0
route256/cart/proto/loms.pb.go:198.43,198.44 0 0
route256/cart/proto/loms.pb.go:200.65,202.41 2 0
route256/cart/proto/loms.pb.go:202.41,204.34 2 0
route256/cart/proto/loms.pb.go:204.34,206.4 1 0
route256/cart/proto/loms.pb.go:207.3,207.12 1 0
route256/cart/proto/loms.pb.go:209.2,209.24 1 0
route256/cart/proto/loms.pb.go:213.56,215.2 1 0
route256/cart/proto/loms.pb.go:217.48,218.14 1 0
route256/cart/proto/loms.pb.go:218.14,220.3 1 0
route256/cart/proto/loms.pb.go:221.2,221.11 1 0
route256/cart/proto/loms.pb.go:224.45,225.14 1 0
route256/cart/proto/loms.pb.go:225.14,227.3 1 0
route256/cart/proto/loms.pb.go:228.2,228.10 1 0
route256/cart/proto/loms.pb.go:231.53,232.14 1 0
route256/cart/proto/loms.pb.go:232.14,234.3 1 0
route256/cart/proto/loms.pb.go:235.2,235.12 1 0
route256/cart/proto/loms.pb.go:246.36,248.29 2 0
route256/cart/proto/loms.pb.go:248.29,252.3 3 0
route256/cart/proto/loms.pb.go:255.44,257.2 1 0
route256/cart/proto/loms.pb.go:259.42,259.43 0 0
route256/cart/proto/loms.pb.go:261.64,263.41 2 0
route256/cart/proto/loms.pb.go:263.41,265.34 2 0
route256/cart/proto/loms.pb.go:265.34,267.4 1 0
route256/cart/proto/loms.pb.go:268.3,268.12 1 0
route256/cart/proto/loms.pb.go:270.2,270.24 1 0
route256/cart/proto/loms.pb.go:274.55,276.2 1 0
route256/cart/proto/loms.pb.go:278.44,279.14 1 0
route256/cart/proto/loms.pb.go:279.14,281.3 1 0
route256/cart/proto/loms.pb.go:282.2,282.10 1 0
route256/cart/proto/loms.pb.go:293.37,295.29 2 0
route256/cart/proto/loms.pb.go:295.29,299.3 3 0
route256/cart/proto/loms.pb.go:302.45,304.2 1 0
route256/cart/proto/loms.pb.go:306.43,306.44 0 0
route256/cart/proto/loms.pb.go:308.65,310.41 2 0
route256/cart/proto/loms.pb.go:310.41,312.34 2 0
route256/cart/proto/loms.pb.go:312.34,314.4 1 0
route256/cart/proto/loms.pb.go:315.3,315.12 1 0
route256/cart/proto/loms.pb.go:317.2,317.24 1 0
route256/cart/proto/loms.pb.go:321.56,323.2 1 0
route256/cart/proto/loms.pb.go:325.47,326.14 1 0
route256/cart/proto/loms.pb.go:326.14,328.3 1 0
route256/cart/proto/loms.pb.go:329.2,329.10 1 0
route256/cart/proto/loms.pb.go:340.35,342.29 2 0
route256/cart/proto/loms.pb.go:342.29,346.3 3 0
route256/cart/proto/loms.pb.go:349.43,351.2 1 0
route256/cart/proto/loms.pb.go:353.41,353.42 0 0
route256/cart/proto/loms.pb.go:355.63,357.41 2 0
route256/cart/proto/loms.pb.go:357.41,359.34 2 0
route256/cart/proto/loms.pb.go:359.34,361.4 1 0
route256/cart/proto/loms.pb.go:362.3,362.12 1 0
route256/cart/proto/loms.pb.go:364.2,364.24 1 0
route256/cart/proto/loms.pb.go:368.54,370.2 1 0
route256/cart/proto/loms.pb.go:372.46,373.14 1 0
route256/cart/proto/loms.pb.go:373.14,375.3 1 0
route256/cart/proto/loms.pb.go:376.2,376.10 1 0
route256/cart/proto/loms.pb.go:388.29,390.29 2 0
route256/cart/proto/loms.pb.go:390.29,394.3 3 0
route256/cart/proto/loms.pb.go:397.37,399.2 1 0
route256/cart/proto/loms.pb.go:401.35,401.36 0 0
route256/cart/proto/loms.pb.go:403.57,405.41 2 0
route256/cart/proto/loms.pb.go:405.41,407.34 2 0
route256/cart/proto/loms.pb.go:407.34,409.4 1 0
route256/cart/proto/loms.pb.go:410.3,410.12 1 0
route256/cart/proto/loms.pb.go:412.2,412.24 1 0
route256/cart/proto/loms.pb.go:416.48,418.2 1 0
route256/cart/proto/loms.pb.go:420.39,421.14 1 0
route256/cart/proto/loms.pb.go:421.14,423.3 1 0
route256/cart/proto/loms.pb.go:424.2,424.10 1 0
route256/cart/proto/loms.pb.go:427.42,428.14 1 0
route256/cart/proto/loms.pb.go:428.14,430.3 1 0
route256/cart/proto/loms.pb.go:431.2,431.10 1 0
route256/cart/proto/loms.pb.go:505.43,506.40 1 0
route256/cart/proto/loms.pb.go:506.40,508.3 1 0
route256/cart/proto/loms.pb.go:509.2,509.36 1 0
route256/cart/proto/loms.pb.go:544.13,544.39 1 0
route256/cart/proto/loms.pb.go:545.29,546.28 1 0
route256/cart/proto/loms.pb.go:546.28,548.3 1 0
route256/cart/proto/loms.pb.go:549.2,549.30 1 0
route256/cart/proto/loms.pb.go:549.30,550.65 1 0
route256/cart/proto/loms.pb.go:550.65,551.43 1 0
route256/cart/proto/loms.pb.go:552.11,553.20 1 0
route256/cart/proto/loms.pb.go:554.11,555.24 1 0
route256/cart/proto/loms.pb.go:556.11,557.28 1 0
route256/cart/proto/loms.pb.go:558.12,559.15 1 0
route256/cart/proto/loms.pb.go:562.3,562.65 1 0
route256/cart/proto/loms.pb.go:562.65,563.44 1 0
route256/cart/proto/loms.pb.go:564.11,565.20 1 0
route256/cart/proto/loms.pb.go:566.11,567.24 1 0
route256/cart/proto/loms.pb.go:568.11,569.28 1 0
route256/cart/proto/loms.pb.go:570.12,571.15 1 0
route256/cart/proto/loms.pb.go:574.3,574.65 1 0
route256/cart/proto/loms.pb.go:574.65,575.41 1 0
route256/cart/proto/loms.pb.go:576.11,577.20 1 0
route256/cart/proto/loms.pb.go:578.11,579.24 1 0
route256/cart/proto/loms.pb.go:580.11,581.28 1 0
route256/cart/proto/loms.pb.go:582.12,583.15 1 0
route256/cart/proto/loms.pb.go:586.3,586.65 1 0
route256/cart/proto/loms.pb.go:586.65,587.42 1 0
route256/cart/proto/loms.pb.go:588.11,589.20 1 0
route256/cart/proto/loms.pb.go:590.11,591.24 1 0
route256/cart/proto/loms.pb.go:592.11,593.28 1 0
route256/cart/proto/loms.pb.go:594.12,595.15 1 0
route256/cart/proto/loms.pb.go:598.3,598.65 1 0
route256/cart/proto/loms.pb.go:598.65,599.41 1 0
route256/cart/proto/loms.pb.go:600.11,601.20 1 0
route256/cart/proto/loms.pb.go:602.11,603.24 1 0
route256/cart/proto/loms.pb.go:604.11,605.28 1 0
route256/cart/proto/loms.pb.go:606.12,607.15 1 0
route256/cart/proto/loms.pb.go:610.3,610.65 1 0
route256/cart/proto/loms.pb.go:610.65,611.42 1 0
route256/cart/proto/loms.pb.go:612.11,613.20 1 0
route256/cart/proto/loms.pb.go:614.11,615.24 1 0
route256/cart/proto/loms.pb.go:616.11,617.28 1 0
route256/cart/proto/loms.pb.go:618.12,619.15 1 0
route256/cart/proto/loms.pb.go:622.3,622.65 1 0
route256/cart/proto/loms.pb.go:622.65,623.40 1 0
route256/cart/proto/loms.pb.go:624.11,625.20 1 0
route256/cart/proto/loms.pb.go:626.11,627.24 1 0
route256/cart/proto/loms.pb.go:628.11,629.28 1 0
route256/cart/proto/loms.pb.go:630.12,631.15 1 0
route256/cart/proto/loms.pb.go:634.3,634.65 1 0
route256/cart/proto/loms.pb.go:634.65,635.34 1 0
route256/cart/proto/loms.pb.go:636.11,637.20 1 0
route256/cart/proto/loms.pb.go:638.11,639.24 1 0
route256/cart/proto/loms.pb.go:640.11,641.28 1 0
route256/cart/proto/loms.pb.go:642.12,643.15 1 0
route256/cart/proto/loms.pb.go:647.2,664.31 6 0
route256/cart/proto/loms_grpc.pb.go:46.74,48.2 1 0
route256/cart/proto/loms_grpc.pb.go:50.141,54.16 4 0
route256/cart/proto/loms_grpc.pb.go:54.16,56.3 1 0
route256/cart/proto/loms_grpc.pb.go:57.2,57.17 1 0
route256/cart/proto/loms_grpc.pb.go:60.134,64.16 4 0
route256/cart/proto/loms_grpc.pb.go:64.16,66.3 1 0
route256/cart/proto/loms_grpc.pb.go:67.2,67.17 1 0
route256/cart/proto/loms_grpc.pb.go:70.138,74.16 4 0
route256/cart/proto/loms_grpc.pb.go:74.16,76.3 1 0
route256/cart/proto/loms_grpc.pb.go:77.2,77.17 1 0
route256/cart/proto/loms_grpc.pb.go:80.129,84.16 4 0
route256/cart/proto/loms_grpc.pb.go:84.16,86.3 1 0
route256/cart/proto/loms_grpc.pb.go:87.2,87.17 1 0
route256/cart/proto/loms_grpc.pb.go:90.133,94.16 4 0
route256/cart/proto/loms_grpc.pb.go:94.16,96.3 1 0
route256/cart/proto/loms_grpc.pb.go:97.2,97.17 1 0
route256/cart/proto/loms_grpc.pb.go:116.119,118.2 1 0
route256/cart/proto/loms_grpc.pb.go:119.112,121.2 1 0
route256/cart/proto/loms_grpc.pb.go:122.116,124.2 1 0
route256/cart/proto/loms_grpc.pb.go:125.107,127.2 1 0
route256/cart/proto/loms_grpc.pb.go:128.111,130.2 1 0
route256/cart/proto/loms_grpc.pb.go:131.82,131.83 0 0
route256/cart/proto/loms_grpc.pb.go:140.80,142.2 1 0
route256/cart/proto/loms_grpc.pb.go:144.168,146.32 2 0
route256/cart/proto/loms_grpc.pb.go:146.32,148.3 1 0
route256/cart/proto/loms_grpc.pb.go:149.2,149.24 1 0
route256/cart/proto/loms_grpc.pb.go:149.24,151.3 1 0
route256/cart/proto/loms_grpc.pb.go:152.2,156.77 2 0
route256/cart/proto/loms_grpc.pb.go:156.77,158.3 1 0
route256/cart/proto/loms_grpc.pb.go:159.2,159.44 1 0
route256/cart/proto/loms_grpc.pb.go:162.165,164.32 2 0
route256/cart/proto/loms_grpc.pb.go:164.32,166.3 1 0
route256/cart/proto/loms_grpc.pb.go:167.2,167.24 1 0
route256/cart/proto/loms_grpc.pb.go:167.24,169.3 1 0
route256/cart/proto/loms_grpc.pb.go:170.2,174.77 2 0
route256/cart/proto/loms_grpc.pb.go:174.77,176.3 1 0
route256/cart/proto/loms_grpc.pb.go:177.2,177.44 1 0
route256/cart/proto/loms_grpc.pb.go:180.169,182.32 2 0
route256/cart/proto/loms_grpc.pb.go:182.32,184.3 1 0
route256/cart/proto/loms_grpc.pb.go:185.2,185.24 1 0
route256/cart/proto/loms_grpc.pb.go:185.24,187.3 1 0
route256/cart/proto/loms_grpc.pb.go:188.2,192.77 2 0
route256/cart/proto/loms_grpc.pb.go:192.77,194.3 1 0
route256/cart/proto/loms_grpc.pb.go:195.2,195.44 1 0
route256/cart/proto/loms_grpc.pb.go:198.165,200.32 2 0
route256/cart/proto/loms_grpc.pb.go:200.32,202.3 1 0
route256/cart/proto/loms_grpc.pb.go:203.2,203.24 1 0
route256/cart/proto/loms_grpc.pb.go:203.24,205.3 1 0
route256/cart/proto/loms_grpc.pb.go:206.2,210.77 2 0
route256/cart/proto/loms_grpc.pb.go:210.77,212.3 1 0
route256/cart/proto/loms_grpc.pb.go:213.2,213.44 1 0
route256/cart/proto/loms_grpc.pb.go:216.168,218.32 2 0
route256/cart/proto/loms_grpc.pb.go:218.32,220.3 1 0
route256/cart/proto/loms_grpc.pb.go:221.2,221.24 1 0
route256/cart/proto/loms_grpc.pb.go:221.24,223.3 1 0
route256/cart/proto/loms_grpc.pb.go:224.2,228.77 2 0
route256/cart/proto/loms_grpc.pb.go:228.77,230.3 1 0
route256/cart/proto/loms_grpc.pb.go:231.2,231.44 1 0
route256/cart/internal/models/models.go:20.53,25.2 1 0
route256/cart/internal/models/models.go:27.64,30.26 2 0
route256/cart/internal/models/models.go:30.26,35.3 1 0
route256/cart/internal/models/models.go:37.2,37.14 1 0
route256/cart/internal/repository/repository.go:15.34,17.2 1 4
route256/cart/internal/repository/repository.go:19.92,22.33 3 9
route256/cart/internal/repository/repository.go:22.33,24.3 1 7
route256/cart/internal/repository/repository.go:26.2,28.12 2 9
route256/cart/internal/repository/repository.go:31.93,38.2 4 1
route256/cart/internal/repository/repository.go:40.77,47.2 4 1
route256/cart/internal/repository/repository.go:49.97,54.35 4 5
route256/cart/internal/repository/repository.go:54.35,56.3 1 3
route256/cart/internal/repository/repository.go:58.2,59.37 2 2
route256/cart/internal/repository/repository.go:59.37,65.3 1 3
route256/cart/internal/repository/repository.go:67.2,67.19 1 2
route256/cart/pkg/loms/config.go:17.37,22.2 1 0
route256/cart/pkg/loms/config.go:24.30,26.16 2 0
route256/cart/pkg/loms/config.go:26.16,28.3 1 0
route256/cart/pkg/loms/config.go:30.2,33.12 3 0
route256/cart/pkg/loms/config.go:36.26,37.19 1 0
route256/cart/pkg/loms/config.go:37.19,39.3 1 0
route256/cart/pkg/loms/loms.go:15.62,18.29 2 0
route256/cart/pkg/loms/loms.go:18.29,23.3 1 0
route256/cart/pkg/loms/loms.go:25.2,25.12 1 0
route256/cart/pkg/loms/loms.go:28.99,35.16 3 0
route256/cart/pkg/loms/loms.go:35.16,37.3 1 0
route256/cart/pkg/loms/loms.go:39.2,39.25 1 0
route256/cart/pkg/loms/loms.go:42.97,48.16 3 0
route256/cart/pkg/loms/loms.go:48.16,50.3 1 0
route256/cart/pkg/loms/loms.go:52.2,52.17 1 0
route256/cart/pkg/loms/loms.go:55.80,61.16 3 0
route256/cart/pkg/loms/loms.go:61.16,63.3 1 0
route256/cart/pkg/loms/loms.go:65.2,65.23 1 0
route256/cart/pkg/loms/loms.go:68.69,73.16 3 0
route256/cart/pkg/loms/loms.go:73.16,75.3 1 0
route256/cart/pkg/loms/loms.go:77.2,77.12 1 0
route256/cart/pkg/loms/loms.go:80.72,85.16 3 0
route256/cart/pkg/loms/loms.go:85.16,87.3 1 0
route256/cart/pkg/loms/loms.go:88.2,88.12 1 0
route256/cart/proto/loms.pb.go:35.38,37.29 2 0
route256/cart/proto/loms.pb.go:37.29,41.3 3 0
route256/cart/proto/loms.pb.go:44.46,46.2 1 0
route256/cart/proto/loms.pb.go:48.44,48.45 0 0
route256/cart/proto/loms.pb.go:50.66,52.41 2 0
route256/cart/proto/loms.pb.go:52.41,54.34 2 0
route256/cart/proto/loms.pb.go:54.34,56.4 1 0
route256/cart/proto/loms.pb.go:57.3,57.12 1 0
route256/cart/proto/loms.pb.go:59.2,59.24 1 0
route256/cart/proto/loms.pb.go:63.57,65.2 1 0
route256/cart/proto/loms.pb.go:67.46,68.14 1 0
route256/cart/proto/loms.pb.go:68.14,70.3 1 0
route256/cart/proto/loms.pb.go:71.2,71.10 1 0
route256/cart/proto/loms.pb.go:74.54,75.14 1 0
route256/cart/proto/loms.pb.go:75.14,77.3 1 0
route256/cart/proto/loms.pb.go:78.2,78.12 1 0
route256/cart/proto/loms.pb.go:89.39,91.29 2 0
route256/cart/proto/loms.pb.go:91.29,95.3 3 0
route256/cart/proto/loms.pb.go:98.47,100.2 1 0
route256/cart/proto/loms.pb.go:102.45,102.46 0 0
route256/cart/proto/loms.pb.go:104.67,106.41 2 0
route256/cart/proto/loms.pb.go:106.41,108.34 2 0
route256/cart/proto/loms.pb.go:108.34,110.4 1 0
route256/cart/proto/loms.pb.go:111.3,111.12 1 0
route256/cart/proto/loms.pb.go:113.2,113.24 1 0
route256/cart/proto/loms.pb.go:117.58,119.2 1 0
route256/cart/proto/loms.pb.go:121.50,122.14 1 0
route256/cart/proto/loms.pb.go:122.14,124.3 1 0
route256/cart/proto/loms.pb.go:125.2,125.10 1 0
route256/cart/proto/loms.pb.go:136.36,138.29 2 0
route256/cart/proto/loms.pb.go:138.29,142.3 3 0
route256/cart/proto/loms.pb.go:145.44,147.2 1 0
route256/cart/proto/loms.pb.go:149.42,149.43 0 0
route256/cart/proto/loms.pb.go:151.64,153.41 2 0
route256/cart/proto/loms.pb.go:153.41,155.34 2 0
route256/cart/proto/loms.pb.go:155.34,157.4 1 0
route256/cart/proto/loms.pb.go:158.3,158.12 1 0
route256/cart/proto/loms.pb.go:160.2,160.24 1 0
route256/cart/proto/loms.pb.go:164.55,166.2 1 0
route256/cart/proto/loms.pb.go:168.47,169.14 1 0
route256/cart/proto/loms.pb.go:169.14,171.3 1 0
route256/cart/proto/loms.pb.go:172.2,172.10 1 0
route256/cart/proto/loms.pb.go:185.37,187.29 2 0
route256/cart/proto/loms.pb.go:187.29,191.3 3 0
route256/cart/proto/loms.pb.go:194.45,196.2 1 0
route256/cart/proto/loms.pb.go:198.43,198.44 0 0
route256/cart/proto/loms.pb.go:200.65,202.41 2 0
route256/cart/proto/loms.pb.go:202.41,204.34 2 0
route256/cart/proto/loms.pb.go:204.34,206.4 1 0
route256/cart/proto/loms.pb.go:207.3,207.12 1 0
route256/cart/proto/loms.pb.go:209.2,209.24 1 0
route256/cart/proto/loms.pb.go:213.56,215.2 1 0
route256/cart/proto/loms.pb.go:217.48,218.14 1 0
route256/cart/proto/loms.pb.go:218.14,220.3 1 0
route256/cart/proto/loms.pb.go:221.2,221.11 1 0
route256/cart/proto/loms.pb.go:224.45,225.14 1 0
route256/cart/proto/loms.pb.go:225.14,227.3 1 0
route256/cart/proto/loms.pb.go:228.2,228.10 1 0
route256/cart/proto/loms.pb.go:231.53,232.14 1 0
route256/cart/proto/loms.pb.go:232.14,234.3 1 0
route256/cart/proto/loms.pb.go:235.2,235.12 1 0
route256/cart/proto/loms.pb.go:246.36,248.29 2 0
route256/cart/proto/loms.pb.go:248.29,252.3 3 0
route256/cart/proto/loms.pb.go:255.44,257.2 1 0
route256/cart/proto/loms.pb.go:259.42,259.43 0 0
route256/cart/proto/loms.pb.go:261.64,263.41 2 0
route256/cart/proto/loms.pb.go:263.41,265.34 2 0
route256/cart/proto/loms.pb.go:265.34,267.4 1 0
route256/cart/proto/loms.pb.go:268.3,268.12 1 0
route256/cart/proto/loms.pb.go:270.2,270.24 1 0
route256/cart/proto/loms.pb.go:274.55,276.2 1 0
route256/cart/proto/loms.pb.go:278.44,279.14 1 0
route256/cart/proto/loms.pb.go:279.14,281.3 1 0
route256/cart/proto/loms.pb.go:282.2,282.10 1 0
route256/cart/proto/loms.pb.go:293.37,295.29 2 0
route256/cart/proto/loms.pb.go:295.29,299.3 3 0
route256/cart/proto/loms.pb.go:302.45,304.2 1 0
route256/cart/proto/loms.pb.go:306.43,306.44 0 0
route256/cart/proto/loms.pb.go:308.65,310.41 2 0
route256/cart/proto/loms.pb.go:310.41,312.34 2 0
route256/cart/proto/loms.pb.go:312.34,314.4 1 0
route256/cart/proto/loms.pb.go:315.3,315.12 1 0
route256/cart/proto/loms.pb.go:317.2,317.24 1 0
route256/cart/proto/loms.pb.go:321.56,323.2 1 0
route256/cart/proto/loms.pb.go:325.47,326.14 1 0
route256/cart/proto/loms.pb.go:326.14,328.3 1 0
route256/cart/proto/loms.pb.go:329.2,329.10 1 0
route256/cart/proto/loms.pb.go:340.35,342.29 2 0
route256/cart/proto/loms.pb.go:342.29,346.3 3 0
route256/cart/proto/loms.pb.go:349.43,351.2 1 0
route256/cart/proto/loms.pb.go:353.41,353.42 0 0
route256/cart/proto/loms.pb.go:355.63,357.41 2 0
route256/cart/proto/loms.pb.go:357.41,359.34 2 0
route256/cart/proto/loms.pb.go:359.34,361.4 1 0
route256/cart/proto/loms.pb.go:362.3,362.12 1 0
route256/cart/proto/loms.pb.go:364.2,364.24 1 0
route256/cart/proto/loms.pb.go:368.54,370.2 1 0
route256/cart/proto/loms.pb.go:372.46,373.14 1 0
route256/cart/proto/loms.pb.go:373.14,375.3 1 0
route256/cart/proto/loms.pb.go:376.2,376.10 1 0
route256/cart/proto/loms.pb.go:388.29,390.29 2 0
route256/cart/proto/loms.pb.go:390.29,394.3 3 0
route256/cart/proto/loms.pb.go:397.37,399.2 1 0
route256/cart/proto/loms.pb.go:401.35,401.36 0 0
route256/cart/proto/loms.pb.go:403.57,405.41 2 0
route256/cart/proto/loms.pb.go:405.41,407.34 2 0
route256/cart/proto/loms.pb.go:407.34,409.4 1 0
route256/cart/proto/loms.pb.go:410.3,410.12 1 0
route256/cart/proto/loms.pb.go:412.2,412.24 1 0
route256/cart/proto/loms.pb.go:416.48,418.2 1 0
route256/cart/proto/loms.pb.go:420.39,421.14 1 0
route256/cart/proto/loms.pb.go:421.14,423.3 1 0
route256/cart/proto/loms.pb.go:424.2,424.10 1 0
route256/cart/proto/loms.pb.go:427.42,428.14 1 0
route256/cart/proto/loms.pb.go:428.14,430.3 1 0
[...]
route256/cart/internal/service/mocks/product_client_mock.go:157.2,159.21 2 0
route256/cart/internal/service/mocks/product_client_mock.go:163.132,164.52 1 0
route256/cart/internal/service/mocks/product_client_mock.go:164.52,166.3 1 0
route256/cart/internal/service/mocks/product_client_mock.go:168.2,170.21 2 0
route256/cart/internal/service/mocks/product_client_mock.go:174.110,175.45 1 0
route256/cart/internal/service/mocks/product_client_mock.go:175.45,177.3 1 0
route256/cart/internal/service/mocks/product_client_mock.go:179.2,179.44 1 0
route256/cart/internal/service/mocks/product_client_mock.go:179.44,181.3 1 0
route256/cart/internal/service/mocks/product_client_mock.go:182.2,183.26 2 0
route256/cart/internal/service/mocks/product_client_mock.go:187.151,188.44 1 0
route256/cart/internal/service/mocks/product_client_mock.go:188.44,190.3 1 0
route256/cart/internal/service/mocks/product_client_mock.go:192.2,192.40 1 0
route256/cart/internal/service/mocks/product_client_mock.go:192.40,194.3 1 0
route256/cart/internal/service/mocks/product_client_mock.go:196.2,197.26 2 0
route256/cart/internal/service/mocks/product_client_mock.go:202.131,203.45 1 0
route256/cart/internal/service/mocks/product_client_mock.go:203.45,205.3 1 0
route256/cart/internal/service/mocks/product_client_mock.go:207.2,212.20 3 0
route256/cart/internal/service/mocks/product_client_mock.go:216.107,219.2 2 0
route256/cart/internal/service/mocks/product_client_mock.go:222.97,223.12 1 0
route256/cart/internal/service/mocks/product_client_mock.go:223.12,225.3 1 0
route256/cart/internal/service/mocks/product_client_mock.go:226.2,227.21 2 0
route256/cart/internal/service/mocks/product_client_mock.go:230.74,231.126 1 0
route256/cart/internal/service/mocks/product_client_mock.go:231.126,233.3 1 0
route256/cart/internal/service/mocks/product_client_mock.go:235.2,238.102 3 0
route256/cart/internal/service/mocks/product_client_mock.go:242.120,246.47 3 0
route256/cart/internal/service/mocks/product_client_mock.go:246.47,248.3 1 0
route256/cart/internal/service/mocks/product_client_mock.go:250.2,257.61 5 0
route256/cart/internal/service/mocks/product_client_mock.go:257.61,258.43 1 0
route256/cart/internal/service/mocks/product_client_mock.go:258.43,261.4 2 0
route256/cart/internal/service/mocks/product_client_mock.go:264.2,264.59 1 0
route256/cart/internal/service/mocks/product_client_mock.go:264.59,271.26 5 0
route256/cart/internal/service/mocks/product_client_mock.go:271.26,273.81 1 0
route256/cart/internal/service/mocks/product_client_mock.go:273.81,275.5 1 0
route256/cart/internal/service/mocks/product_client_mock.go:277.4,277.87 1 0
route256/cart/internal/service/mocks/product_client_mock.go:277.87,279.5 1 0
route256/cart/internal/service/mocks/product_client_mock.go:281.9,281.65 1 0
route256/cart/internal/service/mocks/product_client_mock.go:281.65,283.4 1 0
route256/cart/internal/service/mocks/product_client_mock.go:285.3,286.24 2 0
route256/cart/internal/service/mocks/product_client_mock.go:286.24,288.4 1 0
route256/cart/internal/service/mocks/product_client_mock.go:289.3,289.46 1 0
route256/cart/internal/service/mocks/product_client_mock.go:291.2,291.40 1 0
route256/cart/internal/service/mocks/product_client_mock.go:291.40,293.3 1 0
route256/cart/internal/service/mocks/product_client_mock.go:294.2,295.8 2 0
route256/cart/internal/service/mocks/product_client_mock.go:299.72,301.2 1 0
route256/cart/internal/service/mocks/product_client_mock.go:304.73,306.2 1 0
route256/cart/internal/service/mocks/product_client_mock.go:310.96,319.2 5 0
route256/cart/internal/service/mocks/product_client_mock.go:323.59,324.31 1 0
route256/cart/internal/service/mocks/product_client_mock.go:324.31,327.3 1 0
route256/cart/internal/service/mocks/product_client_mock.go:329.2,329.50 1 0
route256/cart/internal/service/mocks/product_client_mock.go:329.50,330.43 1 0
route256/cart/internal/service/mocks/product_client_mock.go:330.43,332.4 1 0
route256/cart/internal/service/mocks/product_client_mock.go:335.2,335.43 1 0
route256/cart/internal/service/mocks/product_client_mock.go:339.57,340.50 1 0
route256/cart/internal/service/mocks/product_client_mock.go:340.50,341.43 1 0
route256/cart/internal/service/mocks/product_client_mock.go:341.43,343.4 1 0
route256/cart/internal/service/mocks/product_client_mock.go:346.2,348.78 2 0
route256/cart/internal/service/mocks/product_client_mock.go:348.78,349.56 1 0
route256/cart/internal/service/mocks/product_client_mock.go:349.56,351.4 1 0
route256/cart/internal/service/mocks/product_client_mock.go:351.9,353.4 1 0
route256/cart/internal/service/mocks/product_client_mock.go:356.2,356.59 1 0
route256/cart/internal/service/mocks/product_client_mock.go:356.59,358.3 1 0
route256/cart/internal/service/mocks/product_client_mock.go:360.2,360.71 1 0
route256/cart/internal/service/mocks/product_client_mock.go:360.71,363.3 1 0
route256/cart/internal/service/mocks/product_client_mock.go:367.46,368.25 1 0
route256/cart/internal/service/mocks/product_client_mock.go:368.25,369.24 1 0
route256/cart/internal/service/mocks/product_client_mock.go:369.24,371.4 1 0
route256/cart/internal/service/mocks/product_client_mock.go:376.68,378.6 2 0
route256/cart/internal/service/mocks/product_client_mock.go:378.6,379.23 1 0
route256/cart/internal/service/mocks/product_client_mock.go:379.23,381.4 1 0
route256/cart/internal/service/mocks/product_client_mock.go:382.3,382.10 1 0
route256/cart/internal/service/mocks/product_client_mock.go:383.20,385.10 2 0
route256/cart/internal/service/mocks/product_client_mock.go:386.50,386.50 0 0
route256/cart/internal/service/mocks/product_client_mock.go:391.49,395.2 2 0
route256/cart/pkg/errgroup/errgroup.go:14.33,18.2 1 1
route256/cart/pkg/errgroup/errgroup.go:20.24,23.2 2 2
route256/cart/pkg/errgroup/errgroup.go:25.36,28.12 3 2
route256/cart/pkg/errgroup/errgroup.go:28.12,30.29 2 2
route256/cart/pkg/errgroup/errgroup.go:30.29,31.24 1 0
route256/cart/pkg/errgroup/errgroup.go:31.24,33.5 1 0
route256/cart/pkg/errgroup/errgroup.go:38.30,42.2 2 1
route256/cart/pkg/loms/config.go:17.37,22.2 1 0
route256/cart/pkg/loms/config.go:24.30,26.16 2 0
route256/cart/pkg/loms/config.go:26.16,28.3 1 0
route256/cart/pkg/loms/config.go:30.2,33.12 3 0
route256/cart/pkg/loms/config.go:36.26,37.19 1 0
route256/cart/pkg/loms/config.go:37.19,39.3 1 0
route256/cart/pkg/loms/loms.go:15.62,18.29 2 0
route256/cart/pkg/loms/loms.go:18.29,23.3 1 0
route256/cart/pkg/loms/loms.go:25.2,25.12 1 0
route256/cart/pkg/loms/loms.go:28.99,35.16 3 0
route256/cart/pkg/loms/loms.go:35.16,37.3 1 0
route256/cart/pkg/loms/loms.go:39.2,39.25 1 0
route256/cart/pkg/loms/loms.go:42.97,48.16 3 0
route256/cart/pkg/loms/loms.go:48.16,50.3 1 0
route256/cart/pkg/loms/loms.go:52.2,52.17 1 0
route256/cart/pkg/loms/loms.go:55.80,61.16 3 0
route256/cart/pkg/loms/loms.go:61.16,63.3 1 0
route256/cart/pkg/loms/loms.go:65.2,65.23 1 0
route256/cart/pkg/loms/loms.go:68.69,73.16 3 0
route256/cart/pkg/loms/loms.go:73.16,75.3 1 0
route256/cart/pkg/loms/loms.go:77.2,77.12 1 0
route256/cart/pkg/loms/loms.go:80.72,85.16 3 0
route256/cart/pkg/loms/loms.go:85.16,87.3 1 0
route256/cart/pkg/loms/loms.go:88.2,88.12 1 0
route256/cart/pkg/product/product.go:21.59,23.16 2 1
route256/cart/pkg/product/product.go:23.16,25.3 1 0
route256/cart/pkg/product/product.go:27.2,32.8 1 1
route256/cart/pkg/product/product.go:50.82,51.9 1 2
route256/cart/pkg/product/product.go:52.20,53.24 1 0
route256/cart/pkg/product/product.go:54.25,54.25 0 2
route256/cart/pkg/product/product.go:57.2,63.16 3 2
route256/cart/pkg/product/product.go:63.16,65.3 1 0
route256/cart/pkg/product/product.go:67.2,68.16 2 2
route256/cart/pkg/product/product.go:68.16,70.3 1 0
route256/cart/pkg/product/product.go:71.2,72.16 2 2
route256/cart/pkg/product/product.go:72.16,74.3 1 0
route256/cart/pkg/product/product.go:75.2,77.38 2 2
route256/cart/pkg/product/product.go:77.38,79.3 1 0
route256/cart/pkg/product/product.go:81.2,82.69 2 2
route256/cart/pkg/product/product.go:82.69,84.3 1 0
route256/cart/pkg/product/product.go:86.2,86.41 1 2
route256/cart/pkg/product/product.go:86.41,88.3 1 0
route256/cart/pkg/product/product.go:90.2,90.31 1 2
route256/cart/proto/loms.pb.go:35.38,37.29 2 0
route256/cart/proto/loms.pb.go:37.29,41.3 3 0
route256/cart/proto/loms.pb.go:44.46,46.2 1 0
route256/cart/proto/loms.pb.go:48.44,48.45 0 0
route256/cart/proto/loms.pb.go:50.66,52.41 2 0
route256/cart/proto/loms.pb.go:52.41,54.34 2 0
route256/cart/proto/loms.pb.go:54.34,56.4 1 0
route256/cart/proto/loms.pb.go:57.3,57.12 1 0
route256/cart/proto/loms.pb.go:59.2,59.24 1 0
route256/cart/proto/loms.pb.go:63.57,65.2 1 0
route256/cart/proto/loms.pb.go:67.46,68.14 1 0
route256/cart/proto/loms.pb.go:68.14,70.3 1 0
route256/cart/proto/loms.pb.go:71.2,71.10 1 0
route256/cart/proto/loms.pb.go:74.54,75.14 1 0
route256/cart/proto/loms.pb.go:75.14,77.3 1 0
route256/cart/proto/loms.pb.go:78.2,78.12 1 0
route256/cart/proto/loms.pb.go:89.39,91.29 2 0
route256/cart/proto/loms.pb.go:91.29,95.3 3 0
route256/cart/proto/loms.pb.go:98.47,100.2 1 0
route256/cart/proto/loms.pb.go:102.45,102.46 0 0
route256/cart/proto/loms.pb.go:104.67,106.41 2 0
route256/cart/proto/loms.pb.go:106.41,108.34 2 0
route256/cart/proto/loms.pb.go:108.34,110.4 1 0
route256/cart/proto/loms.pb.go:111.3,111.12 1 0
route256/cart/proto/loms.pb.go:113.2,113.24 1 0
route256/cart/proto/loms.pb.go:117.58,119.2 1 0
route256/cart/proto/loms.pb.go:121.50,122.14 1 0
route256/cart/proto/loms.pb.go:122.14,124.3 1 0
route256/cart/proto/loms.pb.go:125.2,125.10 1 0
route256/cart/proto/loms.pb.go:136.36,138.29 2 0
route256/cart/proto/loms.pb.go:138.29,142.3 3 0
route256/cart/proto/loms.pb.go:145.44,147.2 1 0
route256/cart/proto/loms.pb.go:149.42,149.43 0 0
route256/cart/proto/loms.pb.go:151.64,153.41 2 0
route256/cart/proto/loms.pb.go:153.41,155.34 2 0
route256/cart/proto/loms.pb.go:155.34,157.4 1 0
route256/cart/proto/loms.pb.go:158.3,158.12 1 0
route256/cart/proto/loms.pb.go:160.2,160.24 1 0
route256/cart/proto/loms.pb.go:164.55,166.2 1 0
route256/cart/proto/loms.pb.go:168.47,169.14 1 0
route256/cart/proto/loms.pb.go:169.14,171.3 1 0
route256/cart/proto/loms.pb.go:172.2,172.10 1 0
route256/cart/proto/loms.pb.go:185.37,187.29 2 0
route256/cart/proto/loms.pb.go:187.29,191.3 3 0
route256/cart/proto/loms.pb.go:194.45,196.2 1 0
route256/cart/proto/loms.pb.go:198.43,198.44 0 0
route256/cart/proto/loms.pb.go:200.65,202.41 2 0
route256/cart/proto/loms.pb.go:202.41,204.34 2 0
route256/cart/proto/loms.pb.go:204.34,206.4 1 0
route256/cart/proto/loms.pb.go:207.3,207.12 1 0
route256/cart/proto/loms.pb.go:209.2,209.24 1 0
route256/cart/proto/loms.pb.go:213.56,215.2 1 0
route256/cart/proto/loms.pb.go:217.48,218.14 1 0
route256/cart/proto/loms.pb.go:218.14,220.3 1 0
route256/cart/proto/loms.pb.go:221.2,221.11 1 0
route256/cart/proto/loms.pb.go:224.45,225.14 1 0
route256/cart/proto/loms.pb.go:225.14,227.3 1 0
route256/cart/proto/loms.pb.go:228.2,228.10 1 0
route256/cart/proto/loms.pb.go:231.53,232.14 1 0
route256/cart/proto/loms.pb.go:232.14,234.3 1 0
route256/cart/proto/loms.pb.go:235.2,235.12 1 0
route256/cart/proto/loms.pb.go:246.36,248.29 2 0
route256/cart/proto/loms.pb.go:248.29,252.3 3 0
route256/cart/proto/loms.pb.go:255.44,257.2 1 0
route256/cart/proto/loms.pb.go:259.42,259.43 0 0
route256/cart/proto/loms.pb.go:261.64,263.41 2 0
route256/cart/proto/loms.pb.go:263.41,265.34 2 0
route256/cart/proto/loms.pb.go:265.34,267.4 1 0
route256/cart/proto/loms.pb.go:268.3,268.12 1 0
route256/cart/proto/loms.pb.go:270.2,270.24 1 0
route256/cart/proto/loms.pb.go:274.55,276.2 1 0
route256/cart/proto/loms.pb.go:278.44,279.14 1 0
route256/cart/proto/loms.pb.go:279.14,281.3 1 0
route256/cart/proto/loms.pb.go:282.2,282.10 1 0
route256/cart/proto/loms.pb.go:293.37,295.29 2 0
route256/cart/proto/loms.pb.go:295.29,299.3 3 0
route256/cart/proto/loms.pb.go:302.45,304.2 1 0
route256/cart/proto/loms.pb.go:306.43,306.44 0 0
route256/cart/proto/loms.pb.go:308.65,310.41 2 0
route256/cart/proto/loms.pb.go:310.41,312.34 2 0
route256/cart/proto/loms.pb.go:312.34,314.4 1 0
route256/cart/proto/loms.pb.go:315.3,315.12 1 0
route256/cart/proto/loms.pb.go:317.2,317.24 1 0
route256/cart/proto/loms.pb.go:321.56,323.2 1 0
route256/cart/proto/loms.pb.go:325.47,326.14 1 0
route256/cart/proto/loms.pb.go:326.14,328.3 1 0
route256/cart/proto/loms.pb.go:329.2,329.10 1 0
route256/cart/proto/loms.pb.go:340.35,342.29 2 0
route256/cart/proto/loms.pb.go:342.29,346.3 3 0
route256/cart/proto/loms.pb.go:349.43,351.2 1 0
route256/cart/proto/loms.pb.go:353.41,353.42 0 0
route256/cart/proto/loms.pb.go:355.63,357.41 2 0
route256/cart/proto/loms.pb.go:357.41,359.34 2 0
route256/cart/proto/loms.pb.go:359.34,361.4 1 0
route256/cart/proto/loms.pb.go:362.3,362.12 1 0
route256/cart/proto/loms.pb.go:364.2,364.24 1 0
route256/cart/proto/loms.pb.go:368.54,370.2 1 0
route256/cart/proto/loms.pb.go:372.46,373.14 1 0
route256/cart/proto/loms.pb.go:373.14,375.3 1 0
route256/cart/proto/loms.pb.go:376.2,376.10 1 0
route256/cart/proto/loms.pb.go:388.29,390.29 2 0
route256/cart/proto/loms.pb.go:390.29,394.3 3 0
route256/cart/proto/loms.pb.go:397.37,399.2 1 0
route256/cart/proto/loms.pb.go:401.35,401.36 0 0
route256/cart/proto/loms.pb.go:403.57,405.41 2 0
route256/cart/proto/loms.pb.go:405.41,407.34 2 0
route256/cart/proto/loms.pb.go:407.34,409.4 1 0
route256/cart/proto/loms.pb.go:410.3,410.12 1 0
route256/cart/proto/loms.pb.go:412.2,412.24 1 0
route256/cart/proto/loms.pb.go:416.48,418.2 1 0
route256/cart/proto/loms.pb.go:420.39,421.14 1 0
route256/cart/proto/loms.pb.go:421.14,423.3 1 0
route256/cart/proto/loms.pb.go:424.2,424.10 1 0
route256/cart/proto/loms.pb.go:427.42,428.14 1 0
route256/cart/proto/loms.pb.go:428.14,430.3 1 0
route256/cart/proto/loms.pb.go:431.2,431.10 1 0
route256/cart/proto/loms.pb.go:505.43,506.40 1 0
route256/cart/proto/loms.pb.go:506.40,508.3 1 0
route256/cart/proto/loms.pb.go:509.2,509.36 1 0
route256/cart/proto/loms.pb.go:544.13,544.39 1 1
route256/cart/proto/loms.pb.go:545.29,546.28 1 1
route256/cart/proto/loms.pb.go:546.28,548.3 1 0
route256/cart/proto/loms.pb.go:549.2,549.30 1 1
route256/cart/proto/loms.pb.go:549.30,550.65 1 0
route256/cart/proto/loms.pb.go:550.65,551.43 1 0
route256/cart/proto/loms.pb.go:552.11,553.20 1 0
route256/cart/proto/loms.pb.go:554.11,555.24 1 0
route256/cart/proto/loms.pb.go:556.11,557.28 1 0
route256/cart/proto/loms.pb.go:558.12,559.15 1 0
route256/cart/proto/loms.pb.go:562.3,562.65 1 0
route256/cart/proto/loms.pb.go:562.65,563.44 1 0
route256/cart/proto/loms.pb.go:564.11,565.20 1 0
route256/cart/proto/loms.pb.go:566.11,567.24 1 0
route256/cart/proto/loms.pb.go:568.11,569.28 1 0
route256/cart/proto/loms.pb.go:570.12,571.15 1 0
route256/cart/proto/loms.pb.go:574.3,574.65 1 0
route256/cart/proto/loms.pb.go:574.65,575.41 1 0
route256/cart/proto/loms.pb.go:576.11,577.20 1 0
route256/cart/proto/loms.pb.go:578.11,579.24 1 0
route256/cart/proto/loms.pb.go:580.11,581.28 1 0
route256/cart/proto/loms.pb.go:582.12,583.15 1 0
route256/cart/proto/loms.pb.go:586.3,586.65 1 0
route256/cart/proto/loms.pb.go:586.65,587.42 1 0
route256/cart/proto/loms.pb.go:588.11,589.20 1 0
route256/cart/proto/loms.pb.go:590.11,591.24 1 0
route256/cart/proto/loms.pb.go:592.11,593.28 1 0
route256/cart/proto/loms.pb.go:594.12,595.15 1 0
route256/cart/proto/loms.pb.go:598.3,598.65 1 0
route256/cart/proto/loms.pb.go:598.65,599.41 1 0
route256/cart/proto/loms.pb.go:600.11,601.20 1 0
route256/cart/proto/loms.pb.go:602.11,603.24 1 0
route256/cart/proto/loms.pb.go:604.11,605.28 1 0
route256/cart/proto/loms.pb.go:606.12,607.15 1 0
route256/cart/proto/loms.pb.go:610.3,610.65 1 0
route256/cart/proto/loms.pb.go:610.65,611.42 1 0
route256/cart/proto/loms.pb.go:612.11,613.20 1 0
route256/cart/proto/loms.pb.go:614.11,615.24 1 0
route256/cart/proto/loms.pb.go:616.11,617.28 1 0
route256/cart/proto/loms.pb.go:618.12,619.15 1 0
route256/cart/proto/loms.pb.go:622.3,622.65 1 0
route256/cart/proto/loms.pb.go:622.65,623.40 1 0
route256/cart/proto/loms.pb.go:624.11,625.20 1 0
route256/cart/proto/loms.pb.go:626.11,627.24 1 0
route256/cart/proto/loms.pb.go:628.11,629.28 1 0
route256/cart/proto/loms.pb.go:630.12,631.15 1 0
route256/cart/proto/loms.pb.go:634.3,634.65 1 0
route256/cart/proto/loms.pb.go:634.65,635.34 1 0
route256/cart/proto/loms.pb.go:636.11,637.20 1 0
route256/cart/proto/loms.pb.go:638.11,639.24 1 0
route256/cart/proto/loms.pb.go:640.11,641.28 1 0
route256/cart/proto/loms.pb.go:642.12,643.15 1 0
route256/cart/proto/loms.pb.go:647.2,664.31 6 1
route256/cart/proto/loms_grpc.pb.go:46.74,48.2 1 0
route256/cart/proto/loms_grpc.pb.go:50.141,54.16 4 0
route256/cart/proto/loms_grpc.pb.go:54.16,56.3 1 0
route256/cart/proto/loms_grpc.pb.go:57.2,57.17 1 0
route256/cart/proto/loms_grpc.pb.go:60.134,64.16 4 0
route256/cart/proto/loms_grpc.pb.go:64.16,66.3 1 0
route256/cart/proto/loms_grpc.pb.go:67.2,67.17 1 0
route256/cart/proto/loms_grpc.pb.go:70.138,74.16 4 0
route256/cart/proto/loms_grpc.pb.go:74.16,76.3 1 0
route256/cart/proto/loms_grpc.pb.go:77.2,77.17 1 0
route256/cart/proto/loms_grpc.pb.go:80.129,84.16 4 0
route256/cart/proto/loms_grpc.pb.go:84.16,86.3 1 0
route256/cart/proto/loms_grpc.pb.go:87.2,87.17 1 0
route256/cart/proto/loms_grpc.pb.go:90.133,94.16 4 0
route256/cart/proto/loms_grpc.pb.go:94.16,96.3 1 0
route256/cart/proto/loms_grpc.pb.go:97.2,97.17 1 0
route256/cart/proto/loms_grpc.pb.go:116.119,118.2 1 0
route256/cart/proto/loms_grpc.pb.go:119.112,121.2 1 0
route256/cart/proto/loms_grpc.pb.go:122.116,124.2 1 0
route256/cart/proto/loms_grpc.pb.go:125.107,127.2 1 0
route256/cart/proto/loms_grpc.pb.go:128.111,130.2 1 0
route256/cart/proto/loms_grpc.pb.go:131.82,131.83 0 0
route256/cart/proto/loms_grpc.pb.go:140.80,142.2 1 0
route256/cart/proto/loms_grpc.pb.go:144.168,146.32 2 0
route256/cart/proto/loms_grpc.pb.go:146.32,148.3 1 0
route256/cart/proto/loms_grpc.pb.go:149.2,149.24 1 0
route256/cart/proto/loms_grpc.pb.go:149.24,151.3 1 0
route256/cart/proto/loms_grpc.pb.go:152.2,156.77 2 0
route256/cart/proto/loms_grpc.pb.go:156.77,158.3 1 0
route256/cart/proto/loms_grpc.pb.go:159.2,159.44 1 0
route256/cart/proto/loms_grpc.pb.go:162.165,164.32 2 0
route256/cart/proto/loms_grpc.pb.go:164.32,166.3 1 0
route256/cart/proto/loms_grpc.pb.go:167.2,167.24 1 0
route256/cart/proto/loms_grpc.pb.go:167.24,169.3 1 0
route256/cart/proto/loms_grpc.pb.go:170.2,174.77 2 0
route256/cart/proto/loms_grpc.pb.go:174.77,176.3 1 0
route256/cart/proto/loms_grpc.pb.go:177.2,177.44 1 0
route256/cart/proto/loms_grpc.pb.go:180.169,182.32 2 0
route256/cart/proto/loms_grpc.pb.go:182.32,184.3 1 0
route256/cart/proto/loms_grpc.pb.go:185.2,185.24 1 0
route256/cart/proto/loms_grpc.pb.go:185.24,187.3 1 0
route256/cart/proto/loms_grpc.pb.go:188.2,192.77 2 0
route256/cart/proto/loms_grpc.pb.go:192.77,194.3 1 0
route256/cart/proto/loms_grpc.pb.go:195.2,195.44 1 0
route256/cart/proto/loms_grpc.pb.go:198.165,200.32 2 0
route256/cart/proto/loms_grpc.pb.go:200.32,202.3 1 0
route256/cart/proto/loms_grpc.pb.go:203.2,203.24 1 0
route256/cart/proto/loms_grpc.pb.go:203.24,205.3 1 0
route256/cart/proto/loms_grpc.pb.go:206.2,210.77 2 0
route256/cart/proto/loms_grpc.pb.go:210.77,212.3 1 0
route256/cart/proto/loms_grpc.pb.go:213.2,213.44 1 0
route256/cart/proto/loms_grpc.pb.go:216.168,218.32 2 0
route256/cart/proto/loms_grpc.pb.go:218.32,220.3 1 0
route256/cart/proto/loms_grpc.pb.go:221.2,221.24 1 0
route256/cart/proto/loms_grpc.pb.go:221.24,223.3 1 0
route256/cart/proto/loms_grpc.pb.go:224.2,228.77 2 0
route256/cart/proto/loms_grpc.pb.go:228.77,230.3 1 0
route256/cart/proto/loms_grpc.pb.go:231.2,231.44 1 0
route256/cart/tests/handler/setup.go:27.38,29.16 2 1
route256/cart/tests/handler/setup.go:29.16,31.3 1 0
route256/cart/tests/handler/setup.go:33.2,34.16 2 1
route256/cart/tests/handler/setup.go:34.16,36.3 1 0
route256/cart/tests/handler/setup.go:38.2,39.16 2 1
route256/cart/tests/handler/setup.go:39.16,41.3 1 0
route256/cart/tests/handler/setup.go:43.2,58.23 11 1
route256/cart/tests/handler/setup.go:61.41,64.2 2 1
